<?xml version="1.0" encoding="UTF-8"?>
<!-- Generated by org.testng.reporters.JUnitXMLReporter -->
<testsuite ignored="0" hostname="DGIT-0099" failures="17" tests="66" name="BM" time="5160.3" errors="0" timestamp="2023-07-13T12:51:15 IST">
  <testcase classname="BookingMaskTestCases.VerifyBookingInquiryWithBlankTravelFromAndTravelToDate_TC05" name="@BeforeMethod loginToApp" time="38.209">
    <failure type="org.openqa.selenium.NoSuchElementException" message="Cannot locate option with text: HK001 - (TESTING)
For documentation on this error, please visit: https://www.selenium.dev/documentation/webdriver/troubleshooting/errors#no-such-element-exception
Build info: version: &amp;apos;4.10.0&amp;apos;, revision: &amp;apos;c14d967899&amp;apos;
System info: os.name: &amp;apos;Windows 10&amp;apos;, os.arch: &amp;apos;amd64&amp;apos;, os.version: &amp;apos;10.0&amp;apos;, java.version: &amp;apos;17.0.4.1&amp;apos;
Driver info: driver.version: unknown">
      <![CDATA[org.openqa.selenium.NoSuchElementException: Cannot locate option with text: HK001 - (TESTING)
For documentation on this error, please visit: https://www.selenium.dev/documentation/webdriver/troubleshooting/errors#no-such-element-exception
Build info: version: '4.10.0', revision: 'c14d967899'
System info: os.name: 'Windows 10', os.arch: 'amd64', os.version: '10.0', java.version: '17.0.4.1'
Driver info: driver.version: unknown
at org.openqa.selenium.support.ui.Select.selectByVisibleText(Select.java:153)
at utility.UtilityClass.listBoxHandlingUsingByText(UtilityClass.java:149)
at BookingMaskTestCases.VerifyBookingInquiryWithBlankTravelFromAndTravelToDate_TC05.loginToApp(VerifyBookingInquiryWithBlankTravelFromAndTravelToDate_TC05.java:80)
at java.base/java.util.ArrayList.forEach(ArrayList.java:1511)
... Removed 31 stack frames]]>
    </failure>
  </testcase> <!-- @BeforeMethod loginToApp -->
  <testcase classname="BookingMaskTestCases.VerifyBookingInquiryWithBlankTravelFromAndTravelToDate_TC05" name="@AfterClass closeBrowser" time="0.0">
    <skipped/>
  </testcase> <!-- @AfterClass closeBrowser -->
  <testcase classname="BookingMaskTestCases.VerifyBookingInquiryWithBlankTravelFromDate_TC04" name="@BeforeMethod loginToApp" time="27.033">
    <failure type="org.openqa.selenium.ElementNotInteractableException" message="element not interactable: Element is not currently visible and may not be manipulated
  (Session info: chrome=114.0.5735.199)
Build info: version: &amp;apos;4.10.0&amp;apos;, revision: &amp;apos;c14d967899&amp;apos;
System info: os.name: &amp;apos;Windows 10&amp;apos;, os.arch: &amp;apos;amd64&amp;apos;, os.version: &amp;apos;10.0&amp;apos;, java.version: &amp;apos;17.0.4.1&amp;apos;
Driver info: org.openqa.selenium.chrome.ChromeDriver
Command: [8065fc388664577e185e4b10e7a55d0c, clickElement {id=9FE312FCB4B2CB52E25553FD4FB27F33_element_1956}]
Capabilities {acceptInsecureCerts: false, browserName: chrome, browserVersion: 114.0.5735.199, chrome: {chromedriverVersion: 114.0.5735.90 (386bc09e8f4f..., userDataDir: C:\Users\ROHAN~1.PAT\AppDat...}, goog:chromeOptions: {debuggerAddress: localhost:53794}, networkConnectionEnabled: false, pageLoadStrategy: normal, platformName: windows, proxy: Proxy(), se:cdp: ws://localhost:53794/devtoo..., se:cdpVersion: 114.0.5735.199, setWindowRect: true, strictFileInteractability: false, timeouts: {implicit: 0, pageLoad: 300000, script: 30000}, unhandledPromptBehavior: dismiss and notify, webauthn:extension:credBlob: true, webauthn:extension:largeBlob: true, webauthn:extension:minPinLength: true, webauthn:extension:prf: true, webauthn:virtualAuthenticators: true}
Element: [[[[ChromeDriver: chrome on windows (8065fc388664577e185e4b10e7a55d0c)] -&amp;gt; id: SalesBookingHeaderNewModel_TravelTypeID]] -&amp;gt; xpath: .//option[normalize-space(.) = &amp;quot;TFT1&amp;quot;]]
Session ID: 8065fc388664577e185e4b10e7a55d0c">
      <![CDATA[org.openqa.selenium.ElementNotInteractableException: element not interactable: Element is not currently visible and may not be manipulated
  (Session info: chrome=114.0.5735.199)
Build info: version: '4.10.0', revision: 'c14d967899'
System info: os.name: 'Windows 10', os.arch: 'amd64', os.version: '10.0', java.version: '17.0.4.1'
Driver info: org.openqa.selenium.chrome.ChromeDriver
Command: [8065fc388664577e185e4b10e7a55d0c, clickElement {id=9FE312FCB4B2CB52E25553FD4FB27F33_element_1956}]
Capabilities {acceptInsecureCerts: false, browserName: chrome, browserVersion: 114.0.5735.199, chrome: {chromedriverVersion: 114.0.5735.90 (386bc09e8f4f..., userDataDir: C:\Users\ROHAN~1.PAT\AppDat...}, goog:chromeOptions: {debuggerAddress: localhost:53794}, networkConnectionEnabled: false, pageLoadStrategy: normal, platformName: windows, proxy: Proxy(), se:cdp: ws://localhost:53794/devtoo..., se:cdpVersion: 114.0.5735.199, setWindowRect: true, strictFileInteractability: false, timeouts: {implicit: 0, pageLoad: 300000, script: 30000}, unhandledPromptBehavior: dismiss and notify, webauthn:extension:credBlob: true, webauthn:extension:largeBlob: true, webauthn:extension:minPinLength: true, webauthn:extension:prf: true, webauthn:virtualAuthenticators: true}
Element: [[[[ChromeDriver: chrome on windows (8065fc388664577e185e4b10e7a55d0c)] -> id: SalesBookingHeaderNewModel_TravelTypeID]] -> xpath: .//option[normalize-space(.) = "TFT1"]]
Session ID: 8065fc388664577e185e4b10e7a55d0c
at org.openqa.selenium.remote.codec.w3c.W3CHttpResponseCodec.createException(W3CHttpResponseCodec.java:199)
at org.openqa.selenium.remote.codec.w3c.W3CHttpResponseCodec.decode(W3CHttpResponseCodec.java:132)
at org.openqa.selenium.remote.codec.w3c.W3CHttpResponseCodec.decode(W3CHttpResponseCodec.java:51)
at org.openqa.selenium.remote.HttpCommandExecutor.execute(HttpCommandExecutor.java:191)
at org.openqa.selenium.remote.service.DriverCommandExecutor.invokeExecute(DriverCommandExecutor.java:196)
at org.openqa.selenium.remote.service.DriverCommandExecutor.execute(DriverCommandExecutor.java:171)
at org.openqa.selenium.remote.RemoteWebDriver.execute(RemoteWebDriver.java:531)
at org.openqa.selenium.remote.RemoteWebElement.execute(RemoteWebElement.java:242)
at org.openqa.selenium.remote.RemoteWebElement.click(RemoteWebElement.java:77)
at org.openqa.selenium.support.ui.Select.setSelected(Select.java:315)
at org.openqa.selenium.support.ui.Select.selectByVisibleText(Select.java:119)
at utility.UtilityClass.listBoxHandlingUsingByText(UtilityClass.java:149)
at BookingMaskTestCases.VerifyBookingInquiryWithBlankTravelFromDate_TC04.loginToApp(VerifyBookingInquiryWithBlankTravelFromDate_TC04.java:71)
at java.base/java.util.ArrayList.forEach(ArrayList.java:1511)
... Removed 36 stack frames]]>
    </failure>
  </testcase> <!-- @BeforeMethod loginToApp -->
  <testcase classname="BookingMaskTestCases.VerifyBookingInquiryWithBlankTravelFromDate_TC04" name="@AfterClass closeBrowser" time="0.0">
    <skipped/>
  </testcase> <!-- @AfterClass closeBrowser -->
  <testcase classname="BookingMaskTestCases.VerifyTravelDateInBetweenSeasonC_TC82" name="@BeforeMethod loginToApp" time="34.452">
    <failure type="org.openqa.selenium.NoSuchElementException" message="Cannot locate option with text: HK001 - (TESTING)
For documentation on this error, please visit: https://www.selenium.dev/documentation/webdriver/troubleshooting/errors#no-such-element-exception
Build info: version: &amp;apos;4.10.0&amp;apos;, revision: &amp;apos;c14d967899&amp;apos;
System info: os.name: &amp;apos;Windows 10&amp;apos;, os.arch: &amp;apos;amd64&amp;apos;, os.version: &amp;apos;10.0&amp;apos;, java.version: &amp;apos;17.0.4.1&amp;apos;
Driver info: driver.version: unknown">
      <![CDATA[org.openqa.selenium.NoSuchElementException: Cannot locate option with text: HK001 - (TESTING)
For documentation on this error, please visit: https://www.selenium.dev/documentation/webdriver/troubleshooting/errors#no-such-element-exception
Build info: version: '4.10.0', revision: 'c14d967899'
System info: os.name: 'Windows 10', os.arch: 'amd64', os.version: '10.0', java.version: '17.0.4.1'
Driver info: driver.version: unknown
at org.openqa.selenium.support.ui.Select.selectByVisibleText(Select.java:153)
at utility.UtilityClass.listBoxHandlingUsingByText(UtilityClass.java:149)
at BookingMaskTestCases.VerifyTravelDateInBetweenSeasonC_TC82.loginToApp(VerifyTravelDateInBetweenSeasonC_TC82.java:76)
at java.base/java.util.ArrayList.forEach(ArrayList.java:1511)
... Removed 31 stack frames]]>
    </failure>
  </testcase> <!-- @BeforeMethod loginToApp -->
  <testcase classname="BookingMaskTestCases.VerifyTravelDateInBetweenSeasonC_TC82" name="@AfterMethod Logout" time="0.0">
    <skipped/>
  </testcase> <!-- @AfterMethod Logout -->
  <testcase classname="BookingMaskTestCases.VerifyTravelDateInBetweenSeasonC_TC82" name="@AfterClass closeBrowser" time="0.0">
    <skipped/>
  </testcase> <!-- @AfterClass closeBrowser -->
  <testcase classname="BookingMaskTestCases.VerifyTravelDateIncludeSeasonBandC_TC84" name="@BeforeMethod loginToApp" time="64.545">
    <failure type="org.openqa.selenium.NoSuchElementException" message="Cannot locate option with text: HK001 - (TESTING)
For documentation on this error, please visit: https://www.selenium.dev/documentation/webdriver/troubleshooting/errors#no-such-element-exception
Build info: version: &amp;apos;4.10.0&amp;apos;, revision: &amp;apos;c14d967899&amp;apos;
System info: os.name: &amp;apos;Windows 10&amp;apos;, os.arch: &amp;apos;amd64&amp;apos;, os.version: &amp;apos;10.0&amp;apos;, java.version: &amp;apos;17.0.4.1&amp;apos;
Driver info: driver.version: unknown">
      <![CDATA[org.openqa.selenium.NoSuchElementException: Cannot locate option with text: HK001 - (TESTING)
For documentation on this error, please visit: https://www.selenium.dev/documentation/webdriver/troubleshooting/errors#no-such-element-exception
Build info: version: '4.10.0', revision: 'c14d967899'
System info: os.name: 'Windows 10', os.arch: 'amd64', os.version: '10.0', java.version: '17.0.4.1'
Driver info: driver.version: unknown
at org.openqa.selenium.support.ui.Select.selectByVisibleText(Select.java:153)
at utility.UtilityClass.listBoxHandlingUsingByText(UtilityClass.java:149)
at BookingMaskTestCases.VerifyTravelDateIncludeSeasonBandC_TC84.loginToApp(VerifyTravelDateIncludeSeasonBandC_TC84.java:75)
at java.base/java.util.ArrayList.forEach(ArrayList.java:1511)
... Removed 31 stack frames]]>
    </failure>
  </testcase> <!-- @BeforeMethod loginToApp -->
  <testcase classname="BookingMaskTestCases.VerifyTravelDateIncludeSeasonBandC_TC84" name="@AfterMethod Logout" time="0.0">
    <skipped/>
  </testcase> <!-- @AfterMethod Logout -->
  <testcase classname="BookingMaskTestCases.VerifyTravelDateIncludeSeasonBandC_TC84" name="@AfterClass closeBrowser" time="0.0">
    <skipped/>
  </testcase> <!-- @AfterClass closeBrowser -->
  <testcase classname="BookingMaskTestCases.VerifyTravelDateNotInAnySeason_TC87" name="@BeforeMethod loginToApp" time="41.114">
    <failure type="org.openqa.selenium.NoSuchElementException" message="Cannot locate option with text: HK001 - (TESTING)
For documentation on this error, please visit: https://www.selenium.dev/documentation/webdriver/troubleshooting/errors#no-such-element-exception
Build info: version: &amp;apos;4.10.0&amp;apos;, revision: &amp;apos;c14d967899&amp;apos;
System info: os.name: &amp;apos;Windows 10&amp;apos;, os.arch: &amp;apos;amd64&amp;apos;, os.version: &amp;apos;10.0&amp;apos;, java.version: &amp;apos;17.0.4.1&amp;apos;
Driver info: driver.version: unknown">
      <![CDATA[org.openqa.selenium.NoSuchElementException: Cannot locate option with text: HK001 - (TESTING)
For documentation on this error, please visit: https://www.selenium.dev/documentation/webdriver/troubleshooting/errors#no-such-element-exception
Build info: version: '4.10.0', revision: 'c14d967899'
System info: os.name: 'Windows 10', os.arch: 'amd64', os.version: '10.0', java.version: '17.0.4.1'
Driver info: driver.version: unknown
at org.openqa.selenium.support.ui.Select.selectByVisibleText(Select.java:153)
at utility.UtilityClass.listBoxHandlingUsingByText(UtilityClass.java:149)
at BookingMaskTestCases.VerifyTravelDateNotInAnySeason_TC87.loginToApp(VerifyTravelDateNotInAnySeason_TC87.java:77)
at java.base/java.util.ArrayList.forEach(ArrayList.java:1511)
... Removed 31 stack frames]]>
    </failure>
  </testcase> <!-- @BeforeMethod loginToApp -->
  <testcase classname="BookingMaskTestCases.VerifyTravelDateNotInAnySeason_TC87" name="@AfterClass closeBrowser" time="0.0">
    <skipped/>
  </testcase> <!-- @AfterClass closeBrowser -->
  <testcase classname="BookingMaskTestCases.VerifyModifyBookingToAddAnotherRoomWithSameDateTC27" name="@BeforeMethod loginToApp" time="129.072">
    <failure type="org.openqa.selenium.StaleElementReferenceException" message="stale element reference: stale element not found
  (Session info: chrome=114.0.5735.199)
For documentation on this error, please visit: https://www.selenium.dev/documentation/webdriver/troubleshooting/errors#stale-element-reference-exception
Build info: version: &amp;apos;4.10.0&amp;apos;, revision: &amp;apos;c14d967899&amp;apos;
System info: os.name: &amp;apos;Windows 10&amp;apos;, os.arch: &amp;apos;amd64&amp;apos;, os.version: &amp;apos;10.0&amp;apos;, java.version: &amp;apos;17.0.4.1&amp;apos;
Driver info: org.openqa.selenium.chrome.ChromeDriver
Command: [673eac6303b7143e730c348730521c38, executeScript {script=arguments[0].click();, args=[{element-6066-11e4-a52e-4f735466cecf=D0F94874FB57C81F58D5FFA4DD6CAAEE_element_2062}]}]
Capabilities {acceptInsecureCerts: false, browserName: chrome, browserVersion: 114.0.5735.199, chrome: {chromedriverVersion: 114.0.5735.90 (386bc09e8f4f..., userDataDir: C:\Users\ROHAN~1.PAT\AppDat...}, goog:chromeOptions: {debuggerAddress: localhost:56163}, networkConnectionEnabled: false, pageLoadStrategy: normal, platformName: windows, proxy: Proxy(), se:cdp: ws://localhost:56163/devtoo..., se:cdpVersion: 114.0.5735.199, setWindowRect: true, strictFileInteractability: false, timeouts: {implicit: 0, pageLoad: 300000, script: 30000}, unhandledPromptBehavior: dismiss and notify, webauthn:extension:credBlob: true, webauthn:extension:largeBlob: true, webauthn:extension:minPinLength: true, webauthn:extension:prf: true, webauthn:virtualAuthenticators: true}
Session ID: 673eac6303b7143e730c348730521c38">
      <![CDATA[org.openqa.selenium.StaleElementReferenceException: stale element reference: stale element not found
  (Session info: chrome=114.0.5735.199)
For documentation on this error, please visit: https://www.selenium.dev/documentation/webdriver/troubleshooting/errors#stale-element-reference-exception
Build info: version: '4.10.0', revision: 'c14d967899'
System info: os.name: 'Windows 10', os.arch: 'amd64', os.version: '10.0', java.version: '17.0.4.1'
Driver info: org.openqa.selenium.chrome.ChromeDriver
Command: [673eac6303b7143e730c348730521c38, executeScript {script=arguments[0].click();, args=[{element-6066-11e4-a52e-4f735466cecf=D0F94874FB57C81F58D5FFA4DD6CAAEE_element_2062}]}]
Capabilities {acceptInsecureCerts: false, browserName: chrome, browserVersion: 114.0.5735.199, chrome: {chromedriverVersion: 114.0.5735.90 (386bc09e8f4f..., userDataDir: C:\Users\ROHAN~1.PAT\AppDat...}, goog:chromeOptions: {debuggerAddress: localhost:56163}, networkConnectionEnabled: false, pageLoadStrategy: normal, platformName: windows, proxy: Proxy(), se:cdp: ws://localhost:56163/devtoo..., se:cdpVersion: 114.0.5735.199, setWindowRect: true, strictFileInteractability: false, timeouts: {implicit: 0, pageLoad: 300000, script: 30000}, unhandledPromptBehavior: dismiss and notify, webauthn:extension:credBlob: true, webauthn:extension:largeBlob: true, webauthn:extension:minPinLength: true, webauthn:extension:prf: true, webauthn:virtualAuthenticators: true}
Session ID: 673eac6303b7143e730c348730521c38
at org.openqa.selenium.remote.codec.w3c.W3CHttpResponseCodec.createException(W3CHttpResponseCodec.java:199)
at org.openqa.selenium.remote.codec.w3c.W3CHttpResponseCodec.decode(W3CHttpResponseCodec.java:132)
at org.openqa.selenium.remote.codec.w3c.W3CHttpResponseCodec.decode(W3CHttpResponseCodec.java:51)
at org.openqa.selenium.remote.HttpCommandExecutor.execute(HttpCommandExecutor.java:191)
at org.openqa.selenium.remote.service.DriverCommandExecutor.invokeExecute(DriverCommandExecutor.java:196)
at org.openqa.selenium.remote.service.DriverCommandExecutor.execute(DriverCommandExecutor.java:171)
at org.openqa.selenium.remote.RemoteWebDriver.execute(RemoteWebDriver.java:531)
at org.openqa.selenium.remote.RemoteWebDriver.executeScript(RemoteWebDriver.java:476)
at utility.UtilityClass.clickUsingJSE(UtilityClass.java:164)
at BookingMaskTestCases.VerifyModifyBookingToAddAnotherRoomWithSameDateTC27.loginToApp(VerifyModifyBookingToAddAnotherRoomWithSameDateTC27.java:154)
at java.base/java.util.ArrayList.forEach(ArrayList.java:1511)
... Removed 36 stack frames]]>
    </failure>
  </testcase> <!-- @BeforeMethod loginToApp -->
  <testcase classname="BookingMaskTestCases.VerifyModifyBookingToAddAnotherRoomWithSameDateTC27" name="@AfterMethod Logout" time="0.0">
    <skipped/>
  </testcase> <!-- @AfterMethod Logout -->
  <testcase classname="BookingMaskTestCases.VerifyModifyBookingToAddAnotherRoomWithSameDateTC27" name="@AfterClass closeBrowser" time="0.0">
    <skipped/>
  </testcase> <!-- @AfterClass closeBrowser -->
  <testcase classname="BookingMaskTestCases.VerifyModifyBookingToAddAnotherRoomWithDifferentDateTC28" name="@BeforeMethod loginToApp" time="82.194">
    <failure type="org.openqa.selenium.StaleElementReferenceException" message="stale element reference: stale element not found
  (Session info: chrome=114.0.5735.199)
For documentation on this error, please visit: https://www.selenium.dev/documentation/webdriver/troubleshooting/errors#stale-element-reference-exception
Build info: version: &amp;apos;4.10.0&amp;apos;, revision: &amp;apos;c14d967899&amp;apos;
System info: os.name: &amp;apos;Windows 10&amp;apos;, os.arch: &amp;apos;amd64&amp;apos;, os.version: &amp;apos;10.0&amp;apos;, java.version: &amp;apos;17.0.4.1&amp;apos;
Driver info: org.openqa.selenium.chrome.ChromeDriver
Command: [e4ae8a8e222d69b59a81bbecd4b1f50d, executeScript {script=arguments[0].click();, args=[{element-6066-11e4-a52e-4f735466cecf=786624BD578AF2F28403F0F342D12010_element_2056}]}]
Capabilities {acceptInsecureCerts: false, browserName: chrome, browserVersion: 114.0.5735.199, chrome: {chromedriverVersion: 114.0.5735.90 (386bc09e8f4f..., userDataDir: C:\Users\ROHAN~1.PAT\AppDat...}, goog:chromeOptions: {debuggerAddress: localhost:56228}, networkConnectionEnabled: false, pageLoadStrategy: normal, platformName: windows, proxy: Proxy(), se:cdp: ws://localhost:56228/devtoo..., se:cdpVersion: 114.0.5735.199, setWindowRect: true, strictFileInteractability: false, timeouts: {implicit: 0, pageLoad: 300000, script: 30000}, unhandledPromptBehavior: dismiss and notify, webauthn:extension:credBlob: true, webauthn:extension:largeBlob: true, webauthn:extension:minPinLength: true, webauthn:extension:prf: true, webauthn:virtualAuthenticators: true}
Session ID: e4ae8a8e222d69b59a81bbecd4b1f50d">
      <![CDATA[org.openqa.selenium.StaleElementReferenceException: stale element reference: stale element not found
  (Session info: chrome=114.0.5735.199)
For documentation on this error, please visit: https://www.selenium.dev/documentation/webdriver/troubleshooting/errors#stale-element-reference-exception
Build info: version: '4.10.0', revision: 'c14d967899'
System info: os.name: 'Windows 10', os.arch: 'amd64', os.version: '10.0', java.version: '17.0.4.1'
Driver info: org.openqa.selenium.chrome.ChromeDriver
Command: [e4ae8a8e222d69b59a81bbecd4b1f50d, executeScript {script=arguments[0].click();, args=[{element-6066-11e4-a52e-4f735466cecf=786624BD578AF2F28403F0F342D12010_element_2056}]}]
Capabilities {acceptInsecureCerts: false, browserName: chrome, browserVersion: 114.0.5735.199, chrome: {chromedriverVersion: 114.0.5735.90 (386bc09e8f4f..., userDataDir: C:\Users\ROHAN~1.PAT\AppDat...}, goog:chromeOptions: {debuggerAddress: localhost:56228}, networkConnectionEnabled: false, pageLoadStrategy: normal, platformName: windows, proxy: Proxy(), se:cdp: ws://localhost:56228/devtoo..., se:cdpVersion: 114.0.5735.199, setWindowRect: true, strictFileInteractability: false, timeouts: {implicit: 0, pageLoad: 300000, script: 30000}, unhandledPromptBehavior: dismiss and notify, webauthn:extension:credBlob: true, webauthn:extension:largeBlob: true, webauthn:extension:minPinLength: true, webauthn:extension:prf: true, webauthn:virtualAuthenticators: true}
Session ID: e4ae8a8e222d69b59a81bbecd4b1f50d
at org.openqa.selenium.remote.codec.w3c.W3CHttpResponseCodec.createException(W3CHttpResponseCodec.java:199)
at org.openqa.selenium.remote.codec.w3c.W3CHttpResponseCodec.decode(W3CHttpResponseCodec.java:132)
at org.openqa.selenium.remote.codec.w3c.W3CHttpResponseCodec.decode(W3CHttpResponseCodec.java:51)
at org.openqa.selenium.remote.HttpCommandExecutor.execute(HttpCommandExecutor.java:191)
at org.openqa.selenium.remote.service.DriverCommandExecutor.invokeExecute(DriverCommandExecutor.java:196)
at org.openqa.selenium.remote.service.DriverCommandExecutor.execute(DriverCommandExecutor.java:171)
at org.openqa.selenium.remote.RemoteWebDriver.execute(RemoteWebDriver.java:531)
at org.openqa.selenium.remote.RemoteWebDriver.executeScript(RemoteWebDriver.java:476)
at utility.UtilityClass.clickUsingJSE(UtilityClass.java:164)
at BookingMaskTestCases.VerifyModifyBookingToAddAnotherRoomWithDifferentDateTC28.loginToApp(VerifyModifyBookingToAddAnotherRoomWithDifferentDateTC28.java:157)
at java.base/java.util.ArrayList.forEach(ArrayList.java:1511)
... Removed 36 stack frames]]>
    </failure>
  </testcase> <!-- @BeforeMethod loginToApp -->
  <testcase classname="BookingMaskTestCases.VerifyModifyBookingToAddAnotherRoomWithDifferentDateTC28" name="@AfterMethod Logout" time="0.0">
    <skipped/>
  </testcase> <!-- @AfterMethod Logout -->
  <testcase classname="BookingMaskTestCases.VerifyModifyBookingToAddAnotherRoomWithDifferentDateTC28" name="@AfterClass closeBrowser" time="0.0">
    <skipped/>
  </testcase> <!-- @AfterClass closeBrowser -->
  <testcase classname="BookingMaskTestCases.VerifyBookingWithSameRoomAndDifferentDates_TC31" name="@BeforeMethod loginToApp" time="108.516">
    <failure type="org.openqa.selenium.ScriptTimeoutException" message="script timeout
  (Session info: chrome=114.0.5735.199)
Build info: version: &amp;apos;4.10.0&amp;apos;, revision: &amp;apos;c14d967899&amp;apos;
System info: os.name: &amp;apos;Windows 10&amp;apos;, os.arch: &amp;apos;amd64&amp;apos;, os.version: &amp;apos;10.0&amp;apos;, java.version: &amp;apos;17.0.4.1&amp;apos;
Driver info: org.openqa.selenium.chrome.ChromeDriver
Command: [8f097d11aaa527bd48ba68c0b66c30dd, executeScript {script=arguments[0].click();, args=[{element-6066-11e4-a52e-4f735466cecf=5E19597E3DA4D99336AC5A2514847570_element_2053}]}]
Capabilities {acceptInsecureCerts: false, browserName: chrome, browserVersion: 114.0.5735.199, chrome: {chromedriverVersion: 114.0.5735.90 (386bc09e8f4f..., userDataDir: C:\Users\ROHAN~1.PAT\AppDat...}, goog:chromeOptions: {debuggerAddress: localhost:56964}, networkConnectionEnabled: false, pageLoadStrategy: normal, platformName: windows, proxy: Proxy(), se:cdp: ws://localhost:56964/devtoo..., se:cdpVersion: 114.0.5735.199, setWindowRect: true, strictFileInteractability: false, timeouts: {implicit: 0, pageLoad: 300000, script: 30000}, unhandledPromptBehavior: dismiss and notify, webauthn:extension:credBlob: true, webauthn:extension:largeBlob: true, webauthn:extension:minPinLength: true, webauthn:extension:prf: true, webauthn:virtualAuthenticators: true}
Session ID: 8f097d11aaa527bd48ba68c0b66c30dd">
      <![CDATA[org.openqa.selenium.ScriptTimeoutException: script timeout
  (Session info: chrome=114.0.5735.199)
Build info: version: '4.10.0', revision: 'c14d967899'
System info: os.name: 'Windows 10', os.arch: 'amd64', os.version: '10.0', java.version: '17.0.4.1'
Driver info: org.openqa.selenium.chrome.ChromeDriver
Command: [8f097d11aaa527bd48ba68c0b66c30dd, executeScript {script=arguments[0].click();, args=[{element-6066-11e4-a52e-4f735466cecf=5E19597E3DA4D99336AC5A2514847570_element_2053}]}]
Capabilities {acceptInsecureCerts: false, browserName: chrome, browserVersion: 114.0.5735.199, chrome: {chromedriverVersion: 114.0.5735.90 (386bc09e8f4f..., userDataDir: C:\Users\ROHAN~1.PAT\AppDat...}, goog:chromeOptions: {debuggerAddress: localhost:56964}, networkConnectionEnabled: false, pageLoadStrategy: normal, platformName: windows, proxy: Proxy(), se:cdp: ws://localhost:56964/devtoo..., se:cdpVersion: 114.0.5735.199, setWindowRect: true, strictFileInteractability: false, timeouts: {implicit: 0, pageLoad: 300000, script: 30000}, unhandledPromptBehavior: dismiss and notify, webauthn:extension:credBlob: true, webauthn:extension:largeBlob: true, webauthn:extension:minPinLength: true, webauthn:extension:prf: true, webauthn:virtualAuthenticators: true}
Session ID: 8f097d11aaa527bd48ba68c0b66c30dd
at org.openqa.selenium.remote.codec.w3c.W3CHttpResponseCodec.createException(W3CHttpResponseCodec.java:199)
at org.openqa.selenium.remote.codec.w3c.W3CHttpResponseCodec.decode(W3CHttpResponseCodec.java:132)
at org.openqa.selenium.remote.codec.w3c.W3CHttpResponseCodec.decode(W3CHttpResponseCodec.java:51)
at org.openqa.selenium.remote.HttpCommandExecutor.execute(HttpCommandExecutor.java:191)
at org.openqa.selenium.remote.service.DriverCommandExecutor.invokeExecute(DriverCommandExecutor.java:196)
at org.openqa.selenium.remote.service.DriverCommandExecutor.execute(DriverCommandExecutor.java:171)
at org.openqa.selenium.remote.RemoteWebDriver.execute(RemoteWebDriver.java:531)
at org.openqa.selenium.remote.RemoteWebDriver.executeScript(RemoteWebDriver.java:476)
at utility.UtilityClass.clickUsingJSE(UtilityClass.java:164)
at BookingMaskTestCases.VerifyBookingWithSameRoomAndDifferentDates_TC31.loginToApp(VerifyBookingWithSameRoomAndDifferentDates_TC31.java:195)
at java.base/java.util.ArrayList.forEach(ArrayList.java:1511)
... Removed 36 stack frames]]>
    </failure>
  </testcase> <!-- @BeforeMethod loginToApp -->
  <testcase classname="BookingMaskTestCases.VerifyBookingWithSameRoomAndDifferentDates_TC31" name="@AfterMethod Logout" time="0.0">
    <skipped/>
  </testcase> <!-- @AfterMethod Logout -->
  <testcase classname="BookingMaskTestCases.VerifyBookingWithSameRoomAndDifferentDates_TC31" name="@AfterClass closeBrowser" time="0.0">
    <skipped/>
  </testcase> <!-- @AfterClass closeBrowser -->
  <testcase classname="BookingMaskTestCases.VerifyBookingforSeasonA_TC14" name="validatePriceForSeasonA" time="0.213"/>
  <testcase classname="BookingMaskTestCases.VerifyBookingInquiryWithBlankTravelFromAndTravelToDate_TC05" name="validateBookingInquiryWithBlankTravelFromANDTravelToDateOnBM" time="0.0">
    <skipped/>
  </testcase> <!-- validateBookingInquiryWithBlankTravelFromANDTravelToDateOnBM -->
  <testcase classname="BookingMaskTestCases.VerifyBookingModificationWithEditOccupancyTC18" name="validateBookingByEditingOccupancyWithU" time="0.089"/>
  <testcase classname="BookingMaskTestCases.VerifyBookingModificationWithTravelToDateIncrease_TC19" name="validatePriceWithTravelToDateIncrease" time="0.124"/>
  <testcase classname="BookingMaskTestCases.VerifyBookingModifyEnquiry_TC16" name="validatepriceFieldWithChangeInBookingAction" time="0.21"/>
  <testcase classname="BookingMaskTestCases.VerifyBookingforSeasonB_TC15" name="validatePriceForSeasonB" time="0.12"/>
  <testcase classname="BookingMaskTestCases.VerifyBookingInquiryWithBlankTravelFromDate_TC04" name="validateBookingInquiryWithBlankTravelFromDate" time="0.0">
    <skipped/>
  </testcase> <!-- validateBookingInquiryWithBlankTravelFromDate -->
  <testcase classname="BookingMaskTestCases.VerifyBookingInquiryWithBlankTravelToDate_TC03" name="validateBookingInquiryWithBlankTravelToDate" time="0.11"/>
  <testcase classname="BookingMaskTestCases.VerifyModifyBookingByEditingBothTravelFromAndToDateTC23" name="validatePriceByEditingBothTravelFromAndToDate" time="0.159"/>
  <testcase classname="BookingMaskTestCases.VerifyTravelToDateLessThanTravelFromDate_TC08" name="validateTravelToDateLessThanTravelFromDatePopUpMessageonBM" time="0.077"/>
  <testcase classname="BookingMaskTestCases.VerifyTravelDatesOutOfContract_TC11" name="validateMessageOnBMwithDatesOutOfContract" time="0.102"/>
  <testcase classname="BookingMaskTestCases.VerifyModifyBookingToDateOutOfContractTC24" name="validateErrorMessageForOutOfContractDates" time="0.09"/>
  <testcase classname="BookingMaskTestCases.VerifyModifyBookingToInvalidRoomCodeTC26" name="validateBookingBySendingInvalidRoomcode" time="0.084"/>
  <testcase classname="BookingMaskTestCases.VerifyTravelDateEndingOutOfContract_TC12" name="validateMessageOnBMpage" time="0.096"/>
  <testcase classname="BookingMaskTestCases.VerifyModifyBookingWithActionCodeUXTC44" name="validateModifyBookingWithActionCodeUX" time="91.389"/>
  <testcase classname="BookingMaskTestCases.ValidateBookingWithoutSelectingAnyTravelTypeTC48" name="validateBookingWithoutAnyTravelType" time="0.086">
    <failure type="java.lang.AssertionError" message="TC failed as Actual message and expected message are not matching  expected [Bitte wählen Sie aus den folgenden Reisearten (NFAX, XXXXXX, TFT1, TFT2, XXXXXX, FNTR, FTV, RAL, B2B, TRAV, TEST3, TEST, , , TEST3, Duplicate, Duplicate, RAL, wer_qw, wer_qw, TT)                                                                                                                                              ] but found [Bitte wählen Sie aus den folgenden Reisearten (NFAX, XXXXXX, TFT1, TFT2, XXXXXX, FNTR, FTV, RAL, B2B, TRAV, TEST3, TEST, , , TEST3, Duplicate, Duplicate, ALL, RAL)                                                                                                                                                             ]">
      <![CDATA[java.lang.AssertionError: TC failed as Actual message and expected message are not matching  expected [Bitte wählen Sie aus den folgenden Reisearten (NFAX, XXXXXX, TFT1, TFT2, XXXXXX, FNTR, FTV, RAL, B2B, TRAV, TEST3, TEST, , , TEST3, Duplicate, Duplicate, RAL, wer_qw, wer_qw, TT)                                                                                                                                              ] but found [Bitte wählen Sie aus den folgenden Reisearten (NFAX, XXXXXX, TFT1, TFT2, XXXXXX, FNTR, FTV, RAL, B2B, TRAV, TEST3, TEST, , , TEST3, Duplicate, Duplicate, ALL, RAL)                                                                                                                                                             ]
at BookingMaskTestCases.ValidateBookingWithoutSelectingAnyTravelTypeTC48.validateBookingWithoutAnyTravelType(ValidateBookingWithoutSelectingAnyTravelTypeTC48.java:156)
at java.base/java.util.ArrayList.forEach(ArrayList.java:1511)
... Removed 32 stack frames]]>
    </failure>
  </testcase> <!-- validateBookingWithoutAnyTravelType -->
  <testcase classname="BookingMaskTestCases.VerifyBookingWithMismatchPaxAndOCCTC50" name="validateBookingWitMismatchPaxAndOCC" time="0.082">
    <failure type="java.lang.AssertionError" message="Test Case Failed as actual and expected Messages are not matching expected [error message] but found [Bitte prüfen Sie die Anzahl der Personen                                                                                                                                                                                                                                                                                        ]">
      <![CDATA[java.lang.AssertionError: Test Case Failed as actual and expected Messages are not matching expected [error message] but found [Bitte prüfen Sie die Anzahl der Personen                                                                                                                                                                                                                                                                                        ]
at BookingMaskTestCases.VerifyBookingWithMismatchPaxAndOCCTC50.validateBookingWitMismatchPaxAndOCC(VerifyBookingWithMismatchPaxAndOCCTC50.java:163)
at java.base/java.util.ArrayList.forEach(ArrayList.java:1511)
... Removed 32 stack frames]]>
    </failure>
  </testcase> <!-- validateBookingWitMismatchPaxAndOCC -->
  <testcase classname="BookingMaskTestCases.VerifyBookingByEditingTravelTypeTC47" name="validateBookingWithFNTRTravelType" time="0.125"/>
  <testcase classname="BookingMaskTestCases.VerifyModifyBookingWithTravelToDateDecrease_TC20" name="validatePriceByDecreasingTravelToDate" time="0.146"/>
  <testcase classname="BookingMaskTestCases.VerifyBookingWithTravelFromAndTravelToSameDate_TC07" name="validateTravelFromAndTravelToSameDatePopUpMessageonBM" time="0.11"/>
  <testcase classname="BookingMaskTestCases.VerifyModifyBookingTC21andTC22" name="validateBookingByDecreasingDuration" time="82.018"/>
  <testcase classname="BookingMaskTestCases.VerifyModifyBookingTC21andTC22" name="validateBookingByIncreasingDuration" time="87.01">
    <failure type="org.openqa.selenium.NoSuchElementException" message="no such element: Unable to locate element: {&amp;quot;method&amp;quot;:&amp;quot;css selector&amp;quot;,&amp;quot;selector&amp;quot;:&amp;quot;#bookinglines_Price_1&amp;quot;}
  (Session info: chrome=114.0.5735.199)
For documentation on this error, please visit: https://www.selenium.dev/documentation/webdriver/troubleshooting/errors#no-such-element-exception
Build info: version: &amp;apos;4.10.0&amp;apos;, revision: &amp;apos;c14d967899&amp;apos;
System info: os.name: &amp;apos;Windows 10&amp;apos;, os.arch: &amp;apos;amd64&amp;apos;, os.version: &amp;apos;10.0&amp;apos;, java.version: &amp;apos;17.0.4.1&amp;apos;
Driver info: org.openqa.selenium.chrome.ChromeDriver
Command: [f08cb5a2d30f31fe6f36a44c239469c3, findElement {using=id, value=bookinglines_Price_1}]
Capabilities {acceptInsecureCerts: false, browserName: chrome, browserVersion: 114.0.5735.199, chrome: {chromedriverVersion: 114.0.5735.90 (386bc09e8f4f..., userDataDir: C:\Users\ROHAN~1.PAT\AppDat...}, goog:chromeOptions: {debuggerAddress: localhost:54833}, networkConnectionEnabled: false, pageLoadStrategy: normal, platformName: windows, proxy: Proxy(), se:cdp: ws://localhost:54833/devtoo..., se:cdpVersion: 114.0.5735.199, setWindowRect: true, strictFileInteractability: false, timeouts: {implicit: 0, pageLoad: 300000, script: 30000}, unhandledPromptBehavior: dismiss and notify, webauthn:extension:credBlob: true, webauthn:extension:largeBlob: true, webauthn:extension:minPinLength: true, webauthn:extension:prf: true, webauthn:virtualAuthenticators: true}
Session ID: f08cb5a2d30f31fe6f36a44c239469c3">
      <![CDATA[org.openqa.selenium.NoSuchElementException: no such element: Unable to locate element: {"method":"css selector","selector":"#bookinglines_Price_1"}
  (Session info: chrome=114.0.5735.199)
For documentation on this error, please visit: https://www.selenium.dev/documentation/webdriver/troubleshooting/errors#no-such-element-exception
Build info: version: '4.10.0', revision: 'c14d967899'
System info: os.name: 'Windows 10', os.arch: 'amd64', os.version: '10.0', java.version: '17.0.4.1'
Driver info: org.openqa.selenium.chrome.ChromeDriver
Command: [f08cb5a2d30f31fe6f36a44c239469c3, findElement {using=id, value=bookinglines_Price_1}]
Capabilities {acceptInsecureCerts: false, browserName: chrome, browserVersion: 114.0.5735.199, chrome: {chromedriverVersion: 114.0.5735.90 (386bc09e8f4f..., userDataDir: C:\Users\ROHAN~1.PAT\AppDat...}, goog:chromeOptions: {debuggerAddress: localhost:54833}, networkConnectionEnabled: false, pageLoadStrategy: normal, platformName: windows, proxy: Proxy(), se:cdp: ws://localhost:54833/devtoo..., se:cdpVersion: 114.0.5735.199, setWindowRect: true, strictFileInteractability: false, timeouts: {implicit: 0, pageLoad: 300000, script: 30000}, unhandledPromptBehavior: dismiss and notify, webauthn:extension:credBlob: true, webauthn:extension:largeBlob: true, webauthn:extension:minPinLength: true, webauthn:extension:prf: true, webauthn:virtualAuthenticators: true}
Session ID: f08cb5a2d30f31fe6f36a44c239469c3
at org.openqa.selenium.remote.codec.w3c.W3CHttpResponseCodec.createException(W3CHttpResponseCodec.java:199)
at org.openqa.selenium.remote.codec.w3c.W3CHttpResponseCodec.decode(W3CHttpResponseCodec.java:132)
at org.openqa.selenium.remote.codec.w3c.W3CHttpResponseCodec.decode(W3CHttpResponseCodec.java:51)
at org.openqa.selenium.remote.HttpCommandExecutor.execute(HttpCommandExecutor.java:191)
at org.openqa.selenium.remote.service.DriverCommandExecutor.invokeExecute(DriverCommandExecutor.java:196)
at org.openqa.selenium.remote.service.DriverCommandExecutor.execute(DriverCommandExecutor.java:171)
at org.openqa.selenium.remote.RemoteWebDriver.execute(RemoteWebDriver.java:531)
at org.openqa.selenium.remote.ElementLocation$ElementFinder$2.findElement(ElementLocation.java:165)
at org.openqa.selenium.remote.ElementLocation.findElement(ElementLocation.java:59)
at org.openqa.selenium.remote.RemoteWebDriver.findElement(RemoteWebDriver.java:350)
at org.openqa.selenium.remote.RemoteWebDriver.findElement(RemoteWebDriver.java:344)
at org.openqa.selenium.support.pagefactory.DefaultElementLocator.findElement(DefaultElementLocator.java:68)
at org.openqa.selenium.support.pagefactory.internal.LocatingElementHandler.invoke(LocatingElementHandler.java:38)
at jdk.proxy2/jdk.proxy2.$Proxy18.getAttribute(Unknown Source)
at POM.bookingMaskPage.getPriceFieldValue1(bookingMaskPage.java:475)
at BookingMaskTestCases.VerifyModifyBookingTC21andTC22.validateBookingByIncreasingDuration(VerifyModifyBookingTC21andTC22.java:317)
at java.base/java.util.ArrayList.forEach(ArrayList.java:1511)
... Removed 32 stack frames]]>
    </failure>
  </testcase> <!-- validateBookingByIncreasingDuration -->
  <testcase classname="BookingMaskTestCases.VerifyRoomOccupancyLimitTC62ToTC65" name="validateMismatchInNOofPaxFieldErrorMsg" time="19.487">
    <failure type="java.lang.AssertionError" message="TC failed as Actual message and expected message are not matching  expected [Room Occupancy is not matched.                                                                                                                                                                                                                                                                                                                                                                                                                                                                                                                                                                                                                                                                                                                                                                                                                                                                                   ] but found [TESTING                                                                         Bereits geleistete Zahlung: 0 EUR.                                              Gesamtreisepreis: 4002 EUR.                                                     Restzahlung: 4002 EUR.                                                                                                                                                                                                                                                                                                                                                                                                                                                                                                                                                                                                                                                                                                                          ]">
      <![CDATA[java.lang.AssertionError: TC failed as Actual message and expected message are not matching  expected [Room Occupancy is not matched.                                                                                                                                                                                                                                                                                                                                                                                                                                                                                                                                                                                                                                                                                                                                                                                                                                                                                   ] but found [TESTING                                                                         Bereits geleistete Zahlung: 0 EUR.                                              Gesamtreisepreis: 4002 EUR.                                                     Restzahlung: 4002 EUR.                                                                                                                                                                                                                                                                                                                                                                                                                                                                                                                                                                                                                                                                                                                          ]
at BookingMaskTestCases.VerifyRoomOccupancyLimitTC62ToTC65.validateMismatchInNOofPaxFieldErrorMsg(VerifyRoomOccupancyLimitTC62ToTC65.java:196)
at java.base/java.util.ArrayList.forEach(ArrayList.java:1511)
... Removed 32 stack frames]]>
    </failure>
  </testcase> <!-- validateMismatchInNOofPaxFieldErrorMsg -->
  <testcase classname="BookingMaskTestCases.VerifyRoomOccupancyLimitTC62ToTC65" name="validateMismatchInPassengerFieldErrorMsg" time="18.853">
    <failure type="java.lang.AssertionError" message="TC failed as Actual message and expected message are not matching  expected [Room Occupancy is not matched.                                                                                                                                                                                                                                                                                                                                                                                                                                                                                                                                                                                                                                                                                                                                                                                                                                                                                   ] but found [TESTING                                                                         Bereits geleistete Zahlung: 0 EUR.                                              Gesamtreisepreis: 4002 EUR.                                                     Restzahlung: 4002 EUR.                                                                                                                                                                                                                                                                                                                                                                                                                                                                                                                                                                                                                                                                                                                          ]">
      <![CDATA[java.lang.AssertionError: TC failed as Actual message and expected message are not matching  expected [Room Occupancy is not matched.                                                                                                                                                                                                                                                                                                                                                                                                                                                                                                                                                                                                                                                                                                                                                                                                                                                                                   ] but found [TESTING                                                                         Bereits geleistete Zahlung: 0 EUR.                                              Gesamtreisepreis: 4002 EUR.                                                     Restzahlung: 4002 EUR.                                                                                                                                                                                                                                                                                                                                                                                                                                                                                                                                                                                                                                                                                                                          ]
at BookingMaskTestCases.VerifyRoomOccupancyLimitTC62ToTC65.validateMismatchInPassengerFieldErrorMsg(VerifyRoomOccupancyLimitTC62ToTC65.java:307)
at java.base/java.util.ArrayList.forEach(ArrayList.java:1511)
... Removed 32 stack frames]]>
    </failure>
  </testcase> <!-- validateMismatchInPassengerFieldErrorMsg -->
  <testcase classname="BookingMaskTestCases.VerifyRoomOccupancyLimitTC62ToTC65" name="validateMismatchInOCCFieldErrorMsg" time="18.676">
    <failure type="java.lang.AssertionError" message="TC failed as Actual message and expected message are not matching  expected [Room Occupancy is not matched.                                                                                                                                                                                                                                                                                                                                                                                                                                                                                                                                                                                                                                                                                                                                                                                                                                                                                   ] but found [TESTING                                                                         Bereits geleistete Zahlung: 0 EUR.                                              Gesamtreisepreis: 6003 EUR.                                                     Restzahlung: 6003 EUR.                                                                                                                                                                                                                                                                                                                                                                                                                                                                                                                                                                                                                                                                                                                          ]">
      <![CDATA[java.lang.AssertionError: TC failed as Actual message and expected message are not matching  expected [Room Occupancy is not matched.                                                                                                                                                                                                                                                                                                                                                                                                                                                                                                                                                                                                                                                                                                                                                                                                                                                                                   ] but found [TESTING                                                                         Bereits geleistete Zahlung: 0 EUR.                                              Gesamtreisepreis: 6003 EUR.                                                     Restzahlung: 6003 EUR.                                                                                                                                                                                                                                                                                                                                                                                                                                                                                                                                                                                                                                                                                                                          ]
at BookingMaskTestCases.VerifyRoomOccupancyLimitTC62ToTC65.validateMismatchInOCCFieldErrorMsg(VerifyRoomOccupancyLimitTC62ToTC65.java:417)
at java.base/java.util.ArrayList.forEach(ArrayList.java:1511)
... Removed 32 stack frames]]>
    </failure>
  </testcase> <!-- validateMismatchInOCCFieldErrorMsg -->
  <testcase classname="BookingMaskTestCases.VerifyRoomOccupancyLimitTC62ToTC65" name="validateMismatchInAllFieldsErrorMsg" time="20.02"/>
  <testcase classname="BookingMaskTestCases.VerifyRoomOccupancyLimitTC54ToTC57" name="validateOccupancyMinLimitCross" time="22.695"/>
  <testcase classname="BookingMaskTestCases.VerifyRoomOccupancyLimitTC54ToTC57" name="validateOccupancyMaxLimitCross" time="24.004"/>
  <testcase classname="BookingMaskTestCases.VerifyRoomOccupancyLimitTC54ToTC57" name="validateOccupancyMinLimitNotSatisfied2" time="17.866">
    <failure type="java.lang.AssertionError" message="TC failed as Actual message and expected message are not matching  expected [Room Occupancy is not matched.                                                                                                                                                                                                                                                                                                                                                                                                                                                                                                                                                                                                                                                                                                                                                                                                                                                                                    ] but found [TESTING                                                                         Bereits geleistete Zahlung: 0 EUR.                                              Gesamtreisepreis: 4668 EUR.                                                     Restzahlung: 4668 EUR.                                                                                                                                                                                                                                                                                                                                                                                                                                                                                                                                                                                                                                                                                                                          ]">
      <![CDATA[java.lang.AssertionError: TC failed as Actual message and expected message are not matching  expected [Room Occupancy is not matched.                                                                                                                                                                                                                                                                                                                                                                                                                                                                                                                                                                                                                                                                                                                                                                                                                                                                                    ] but found [TESTING                                                                         Bereits geleistete Zahlung: 0 EUR.                                              Gesamtreisepreis: 4668 EUR.                                                     Restzahlung: 4668 EUR.                                                                                                                                                                                                                                                                                                                                                                                                                                                                                                                                                                                                                                                                                                                          ]
at BookingMaskTestCases.VerifyRoomOccupancyLimitTC54ToTC57.validateOccupancyMinLimitNotSatisfied2(VerifyRoomOccupancyLimitTC54ToTC57.java:399)
at java.base/java.util.ArrayList.forEach(ArrayList.java:1511)
... Removed 32 stack frames]]>
    </failure>
  </testcase> <!-- validateOccupancyMinLimitNotSatisfied2 -->
  <testcase classname="BookingMaskTestCases.VerifyRoomOccupancyLimitTC54ToTC57" name="validateOccupancyMaxLimitNotSatisfied" time="17.955"/>
  <testcase classname="BookingMaskTestCases.VerifyRoomOccupancyLimitTC58ToTC61" name="validateOccupancyMinLimitNotSatisfield1" time="13.914"/>
  <testcase classname="BookingMaskTestCases.VerifyRoomOccupancyLimitTC58ToTC61" name="validateOccupancyMinLimitNotSatisfield2" time="18.716">
    <failure type="java.lang.AssertionError" message="TC failed as Actual message and expected message are not matching  expected [Room Occupancy is not matched.                                                                                                                                                                                                                                                                                                                                                                                                                                                                                                                                                                                                                                                                                                                                                                                                                                                                                    ] but found [TESTING                                                                         Bereits geleistete Zahlung: 0 EUR.                                              Gesamtreisepreis: 2001 EUR.                                                     Restzahlung: 2001 EUR.                                                                                                                                                                                                                                                                                                                                                                                                                                                                                                                                                                                                                                                                                                                          ]">
      <![CDATA[java.lang.AssertionError: TC failed as Actual message and expected message are not matching  expected [Room Occupancy is not matched.                                                                                                                                                                                                                                                                                                                                                                                                                                                                                                                                                                                                                                                                                                                                                                                                                                                                                    ] but found [TESTING                                                                         Bereits geleistete Zahlung: 0 EUR.                                              Gesamtreisepreis: 2001 EUR.                                                     Restzahlung: 2001 EUR.                                                                                                                                                                                                                                                                                                                                                                                                                                                                                                                                                                                                                                                                                                                          ]
at BookingMaskTestCases.VerifyRoomOccupancyLimitTC58ToTC61.validateOccupancyMinLimitNotSatisfield2(VerifyRoomOccupancyLimitTC58ToTC61.java:291)
at java.base/java.util.ArrayList.forEach(ArrayList.java:1511)
... Removed 32 stack frames]]>
    </failure>
  </testcase> <!-- validateOccupancyMinLimitNotSatisfield2 -->
  <testcase classname="BookingMaskTestCases.VerifyRoomOccupancyLimitTC58ToTC61" name="validateOccupancyMaxLimitCross" time="17.508"/>
  <testcase classname="BookingMaskTestCases.VerifyRoomOccupancyLimitTC58ToTC61" name="validateOccupancyMinLimitCross" time="17.266"/>
  <testcase classname="BookingMaskTestCases.VerifyTravelDateStartOfSeasonA_TC78" name="validateSeasonAPrice" time="0.125"/>
  <testcase classname="BookingMaskTestCases.VerifyTravelDateStartWithSeasonCandEndsOutOfanySeason_TC86" name="validateErrorMsgOnBM" time="0.072">
    <failure type="java.lang.AssertionError" message="Test Case Failed as actual &amp;amp; expected Price are not matching expected [Ungültige Reisedauer.                                                                                                                                                                                                                                                                                                                                                                                                                                                                                                                                                                                                               ] but found [Kontingent nicht mehr verfügbar.                                                                                                                                                                                                                                                                                                ]">
      <![CDATA[java.lang.AssertionError: Test Case Failed as actual & expected Price are not matching expected [Ungültige Reisedauer.                                                                                                                                                                                                                                                                                                                                                                                                                                                                                                                                                                                                               ] but found [Kontingent nicht mehr verfügbar.                                                                                                                                                                                                                                                                                                ]
at BookingMaskTestCases.VerifyTravelDateStartWithSeasonCandEndsOutOfanySeason_TC86.validateErrorMsgOnBM(VerifyTravelDateStartWithSeasonCandEndsOutOfanySeason_TC86.java:129)
at java.base/java.util.ArrayList.forEach(ArrayList.java:1511)
... Removed 32 stack frames]]>
    </failure>
  </testcase> <!-- validateErrorMsgOnBM -->
  <testcase classname="BookingMaskTestCases.VerifyTravelDateInBetweenSeasonA_TC79" name="validatePriceInBetweenSeasonA" time="0.103"/>
  <testcase classname="BookingMaskTestCases.VerifyTravelDateInBetweenSeasonB_TC81" name="validatePriceInBetweenSeasonB" time="0.082"/>
  <testcase classname="BookingMaskTestCases.VerifyTravelDateInBetweenSeasonC_TC82" name="validatePriceInBetweenSeasonC" time="0.0">
    <skipped/>
  </testcase> <!-- validatePriceInBetweenSeasonC -->
  <testcase classname="BookingMaskTestCases.VerifyTravelDateIncludeSeasonBandC_TC84" name="validateTravelDateBetweenBandC" time="0.0">
    <skipped/>
  </testcase> <!-- validateTravelDateBetweenBandC -->
  <testcase classname="BookingMaskTestCases.VerifyTravelDateIsEndDateOfSeasonA_TC80" name="validatePriceAtEndDateOfSeasonA" time="0.093"/>
  <testcase classname="BookingMaskTestCases.VerifyTravelDateIsEndOfSeasonB_TC85" name="validatePriceForEndDayOfSeasonB" time="0.09"/>
  <testcase classname="BookingMaskTestCases.VerifyTravelDateNotInAnySeason_TC87" name="validateErrorMsgDatesOutOfSeason" time="0.0">
    <skipped/>
  </testcase> <!-- validateErrorMsgDatesOutOfSeason -->
  <testcase classname="BookingMaskTestCases.VerifyTravelDateOutofContract_TC88" name="validateMsgForOutOfContractDates" time="0.085"/>
  <testcase classname="BookingMaskTestCases.VerifySeasonAEndDateANDseasonBstartDate_TC83" name="validatePriceForSeasonAendANDSeasonBstartDate" time="0.099"/>
  <testcase classname="BookingMaskTestCases.VerifyOriginalBookingAfterModifyInquiryTC17" name="validateOriginalBookingWithUA" time="1.625"/>
  <testcase classname="BookingMaskTestCases.VerifyModifyBookingWithActionCodeUAandUTC38ToTC39" name="validateModifyBookingInquiryWithUA" time="1.126">
    <failure type="org.openqa.selenium.ElementNotInteractableException" message="element not interactable: Element is not currently visible and may not be manipulated
  (Session info: chrome=114.0.5735.199)
Build info: version: &amp;apos;4.10.0&amp;apos;, revision: &amp;apos;c14d967899&amp;apos;
System info: os.name: &amp;apos;Windows 10&amp;apos;, os.arch: &amp;apos;amd64&amp;apos;, os.version: &amp;apos;10.0&amp;apos;, java.version: &amp;apos;17.0.4.1&amp;apos;
Driver info: org.openqa.selenium.chrome.ChromeDriver
Command: [55e8de3a009c2f6c69337447f60b8707, clickElement {id=CC306F5F9F7A5905CA897224C45B8210_element_1955}]
Capabilities {acceptInsecureCerts: false, browserName: chrome, browserVersion: 114.0.5735.199, chrome: {chromedriverVersion: 114.0.5735.90 (386bc09e8f4f..., userDataDir: C:\Users\ROHAN~1.PAT\AppDat...}, goog:chromeOptions: {debuggerAddress: localhost:56064}, networkConnectionEnabled: false, pageLoadStrategy: normal, platformName: windows, proxy: Proxy(), se:cdp: ws://localhost:56064/devtoo..., se:cdpVersion: 114.0.5735.199, setWindowRect: true, strictFileInteractability: false, timeouts: {implicit: 0, pageLoad: 300000, script: 30000}, unhandledPromptBehavior: dismiss and notify, webauthn:extension:credBlob: true, webauthn:extension:largeBlob: true, webauthn:extension:minPinLength: true, webauthn:extension:prf: true, webauthn:virtualAuthenticators: true}
Element: [[[[ChromeDriver: chrome on windows (55e8de3a009c2f6c69337447f60b8707)] -&amp;gt; id: SalesBookingHeaderNewModel_TravelTypeID]] -&amp;gt; xpath: .//option[normalize-space(.) = &amp;quot;TFT1&amp;quot;]]
Session ID: 55e8de3a009c2f6c69337447f60b8707">
      <![CDATA[org.openqa.selenium.ElementNotInteractableException: element not interactable: Element is not currently visible and may not be manipulated
  (Session info: chrome=114.0.5735.199)
Build info: version: '4.10.0', revision: 'c14d967899'
System info: os.name: 'Windows 10', os.arch: 'amd64', os.version: '10.0', java.version: '17.0.4.1'
Driver info: org.openqa.selenium.chrome.ChromeDriver
Command: [55e8de3a009c2f6c69337447f60b8707, clickElement {id=CC306F5F9F7A5905CA897224C45B8210_element_1955}]
Capabilities {acceptInsecureCerts: false, browserName: chrome, browserVersion: 114.0.5735.199, chrome: {chromedriverVersion: 114.0.5735.90 (386bc09e8f4f..., userDataDir: C:\Users\ROHAN~1.PAT\AppDat...}, goog:chromeOptions: {debuggerAddress: localhost:56064}, networkConnectionEnabled: false, pageLoadStrategy: normal, platformName: windows, proxy: Proxy(), se:cdp: ws://localhost:56064/devtoo..., se:cdpVersion: 114.0.5735.199, setWindowRect: true, strictFileInteractability: false, timeouts: {implicit: 0, pageLoad: 300000, script: 30000}, unhandledPromptBehavior: dismiss and notify, webauthn:extension:credBlob: true, webauthn:extension:largeBlob: true, webauthn:extension:minPinLength: true, webauthn:extension:prf: true, webauthn:virtualAuthenticators: true}
Element: [[[[ChromeDriver: chrome on windows (55e8de3a009c2f6c69337447f60b8707)] -> id: SalesBookingHeaderNewModel_TravelTypeID]] -> xpath: .//option[normalize-space(.) = "TFT1"]]
Session ID: 55e8de3a009c2f6c69337447f60b8707
at org.openqa.selenium.remote.codec.w3c.W3CHttpResponseCodec.createException(W3CHttpResponseCodec.java:199)
at org.openqa.selenium.remote.codec.w3c.W3CHttpResponseCodec.decode(W3CHttpResponseCodec.java:132)
at org.openqa.selenium.remote.codec.w3c.W3CHttpResponseCodec.decode(W3CHttpResponseCodec.java:51)
at org.openqa.selenium.remote.HttpCommandExecutor.execute(HttpCommandExecutor.java:191)
at org.openqa.selenium.remote.service.DriverCommandExecutor.invokeExecute(DriverCommandExecutor.java:196)
at org.openqa.selenium.remote.service.DriverCommandExecutor.execute(DriverCommandExecutor.java:171)
at org.openqa.selenium.remote.RemoteWebDriver.execute(RemoteWebDriver.java:531)
at org.openqa.selenium.remote.RemoteWebElement.execute(RemoteWebElement.java:242)
at org.openqa.selenium.remote.RemoteWebElement.click(RemoteWebElement.java:77)
at org.openqa.selenium.support.ui.Select.setSelected(Select.java:315)
at org.openqa.selenium.support.ui.Select.selectByVisibleText(Select.java:119)
at utility.UtilityClass.listBoxHandlingUsingByText(UtilityClass.java:149)
at BookingMaskTestCases.VerifyModifyBookingWithActionCodeUAandUTC38ToTC39.validateModifyBookingInquiryWithUA(VerifyModifyBookingWithActionCodeUAandUTC38ToTC39.java:100)
at java.base/java.util.ArrayList.forEach(ArrayList.java:1511)
... Removed 32 stack frames]]>
    </failure>
  </testcase> <!-- validateModifyBookingInquiryWithUA -->
  <testcase classname="BookingMaskTestCases.VerifyModifyBookingWithActionCodeUAandUTC38ToTC39" name="validateConfirmModifyBookingWithU" time="124.577"/>
  <testcase classname="BookingMaskTestCases.VerifyModifyBookingToAddAnotherRoomWithSameDateTC27" name="validateBookingAndTotalPriceofBothRooms" time="0.001">
    <skipped/>
  </testcase> <!-- validateBookingAndTotalPriceofBothRooms -->
  <testcase classname="BookingMaskTestCases.VerifyModifyBookingToAddAnotherRoomWithDifferentDateTC28" name="validateTotalPriceWithDifferentDates" time="0.0">
    <skipped/>
  </testcase> <!-- validateTotalPriceWithDifferentDates -->
  <testcase classname="BookingMaskTestCases.VerifyModifyBookingByChangingRoomCodeTC25" name="validatePriceByChangingRoomcode" time="0.125"/>
  <testcase classname="BookingMaskTestCases.VerifyEnteringTravelFromBeforeContract_TC13" name="validateMessageOnBMpage" time="0.054">
    <failure type="java.lang.AssertionError" message="Test case Failed as expected message and actual message are not matching expected [The requested period is outside the contract period] but found []">
      <![CDATA[java.lang.AssertionError: Test case Failed as expected message and actual message are not matching expected [The requested period is outside the contract period] but found []
at BookingMaskTestCases.VerifyEnteringTravelFromBeforeContract_TC13.validateMessageOnBMpage(VerifyEnteringTravelFromBeforeContract_TC13.java:149)
at java.base/java.util.ArrayList.forEach(ArrayList.java:1511)
... Removed 32 stack frames]]>
    </failure>
  </testcase> <!-- validateMessageOnBMpage -->
  <testcase classname="BookingMaskTestCases.VerifyEnteringTravelDaysNoInTravelToField_TC10" name="validatePriceField" time="0.094"/>
  <testcase classname="BookingMaskTestCases.VerifyCreateNewBookingInquiry_TC01" name="validatePriceFieldWithBookingInquiry" time="0.094"/>
  <testcase classname="BookingMaskTestCases.VerifyCreateBookingWithTwoPerson_TC33" name="validatePriceWithTwoPerson" time="20.037">
    <failure type="org.openqa.selenium.NoSuchElementException" message="no such element: Unable to locate element: {&amp;quot;method&amp;quot;:&amp;quot;css selector&amp;quot;,&amp;quot;selector&amp;quot;:&amp;quot;#bookinglines_Price_1&amp;quot;}
  (Session info: chrome=114.0.5735.199)
For documentation on this error, please visit: https://www.selenium.dev/documentation/webdriver/troubleshooting/errors#no-such-element-exception
Build info: version: &amp;apos;4.10.0&amp;apos;, revision: &amp;apos;c14d967899&amp;apos;
System info: os.name: &amp;apos;Windows 10&amp;apos;, os.arch: &amp;apos;amd64&amp;apos;, os.version: &amp;apos;10.0&amp;apos;, java.version: &amp;apos;17.0.4.1&amp;apos;
Driver info: org.openqa.selenium.chrome.ChromeDriver
Command: [c64fe5ad13a86006dd30be24e98c48f1, findElement {using=id, value=bookinglines_Price_1}]
Capabilities {acceptInsecureCerts: false, browserName: chrome, browserVersion: 114.0.5735.199, chrome: {chromedriverVersion: 114.0.5735.90 (386bc09e8f4f..., userDataDir: C:\Users\ROHAN~1.PAT\AppDat...}, goog:chromeOptions: {debuggerAddress: localhost:56633}, networkConnectionEnabled: false, pageLoadStrategy: normal, platformName: windows, proxy: Proxy(), se:cdp: ws://localhost:56633/devtoo..., se:cdpVersion: 114.0.5735.199, setWindowRect: true, strictFileInteractability: false, timeouts: {implicit: 0, pageLoad: 300000, script: 30000}, unhandledPromptBehavior: dismiss and notify, webauthn:extension:credBlob: true, webauthn:extension:largeBlob: true, webauthn:extension:minPinLength: true, webauthn:extension:prf: true, webauthn:virtualAuthenticators: true}
Session ID: c64fe5ad13a86006dd30be24e98c48f1">
      <![CDATA[org.openqa.selenium.NoSuchElementException: no such element: Unable to locate element: {"method":"css selector","selector":"#bookinglines_Price_1"}
  (Session info: chrome=114.0.5735.199)
For documentation on this error, please visit: https://www.selenium.dev/documentation/webdriver/troubleshooting/errors#no-such-element-exception
Build info: version: '4.10.0', revision: 'c14d967899'
System info: os.name: 'Windows 10', os.arch: 'amd64', os.version: '10.0', java.version: '17.0.4.1'
Driver info: org.openqa.selenium.chrome.ChromeDriver
Command: [c64fe5ad13a86006dd30be24e98c48f1, findElement {using=id, value=bookinglines_Price_1}]
Capabilities {acceptInsecureCerts: false, browserName: chrome, browserVersion: 114.0.5735.199, chrome: {chromedriverVersion: 114.0.5735.90 (386bc09e8f4f..., userDataDir: C:\Users\ROHAN~1.PAT\AppDat...}, goog:chromeOptions: {debuggerAddress: localhost:56633}, networkConnectionEnabled: false, pageLoadStrategy: normal, platformName: windows, proxy: Proxy(), se:cdp: ws://localhost:56633/devtoo..., se:cdpVersion: 114.0.5735.199, setWindowRect: true, strictFileInteractability: false, timeouts: {implicit: 0, pageLoad: 300000, script: 30000}, unhandledPromptBehavior: dismiss and notify, webauthn:extension:credBlob: true, webauthn:extension:largeBlob: true, webauthn:extension:minPinLength: true, webauthn:extension:prf: true, webauthn:virtualAuthenticators: true}
Session ID: c64fe5ad13a86006dd30be24e98c48f1
at org.openqa.selenium.remote.codec.w3c.W3CHttpResponseCodec.createException(W3CHttpResponseCodec.java:199)
at org.openqa.selenium.remote.codec.w3c.W3CHttpResponseCodec.decode(W3CHttpResponseCodec.java:132)
at org.openqa.selenium.remote.codec.w3c.W3CHttpResponseCodec.decode(W3CHttpResponseCodec.java:51)
at org.openqa.selenium.remote.HttpCommandExecutor.execute(HttpCommandExecutor.java:191)
at org.openqa.selenium.remote.service.DriverCommandExecutor.invokeExecute(DriverCommandExecutor.java:196)
at org.openqa.selenium.remote.service.DriverCommandExecutor.execute(DriverCommandExecutor.java:171)
at org.openqa.selenium.remote.RemoteWebDriver.execute(RemoteWebDriver.java:531)
at org.openqa.selenium.remote.ElementLocation$ElementFinder$2.findElement(ElementLocation.java:165)
at org.openqa.selenium.remote.ElementLocation.findElement(ElementLocation.java:59)
at org.openqa.selenium.remote.RemoteWebDriver.findElement(RemoteWebDriver.java:350)
at org.openqa.selenium.remote.RemoteWebDriver.findElement(RemoteWebDriver.java:344)
at org.openqa.selenium.support.pagefactory.DefaultElementLocator.findElement(DefaultElementLocator.java:68)
at org.openqa.selenium.support.pagefactory.internal.LocatingElementHandler.invoke(LocatingElementHandler.java:38)
at jdk.proxy2/jdk.proxy2.$Proxy18.getAttribute(Unknown Source)
at POM.bookingUpdatePage.getPriceFieldValue1(bookingUpdatePage.java:63)
at BookingMaskTestCases.VerifyCreateBookingWithTwoPerson_TC33.validatePriceWithTwoPerson(VerifyCreateBookingWithTwoPerson_TC33.java:161)
at java.base/java.util.ArrayList.forEach(ArrayList.java:1511)
... Removed 32 stack frames]]>
    </failure>
  </testcase> <!-- validatePriceWithTwoPerson -->
  <testcase classname="BookingMaskTestCases.VerifyCreateBookingForThreePersonThreeRooms_TC36" name="validatePriceForThreePersonThreeRoom" time="4.071"/>
  <testcase classname="BookingMaskTestCases.VerifyCreateBookingForThreePerson_TC35" name="validatePriceWithThreePerson" time="20.068">
    <failure type="org.openqa.selenium.NoSuchElementException" message="no such element: Unable to locate element: {&amp;quot;method&amp;quot;:&amp;quot;css selector&amp;quot;,&amp;quot;selector&amp;quot;:&amp;quot;#bookinglines_Price_1&amp;quot;}
  (Session info: chrome=114.0.5735.199)
For documentation on this error, please visit: https://www.selenium.dev/documentation/webdriver/troubleshooting/errors#no-such-element-exception
Build info: version: &amp;apos;4.10.0&amp;apos;, revision: &amp;apos;c14d967899&amp;apos;
System info: os.name: &amp;apos;Windows 10&amp;apos;, os.arch: &amp;apos;amd64&amp;apos;, os.version: &amp;apos;10.0&amp;apos;, java.version: &amp;apos;17.0.4.1&amp;apos;
Driver info: org.openqa.selenium.chrome.ChromeDriver
Command: [899cda6337dde134feae5a4c731cfecc, findElement {using=id, value=bookinglines_Price_1}]
Capabilities {acceptInsecureCerts: false, browserName: chrome, browserVersion: 114.0.5735.199, chrome: {chromedriverVersion: 114.0.5735.90 (386bc09e8f4f..., userDataDir: C:\Users\ROHAN~1.PAT\AppDat...}, goog:chromeOptions: {debuggerAddress: localhost:56760}, networkConnectionEnabled: false, pageLoadStrategy: normal, platformName: windows, proxy: Proxy(), se:cdp: ws://localhost:56760/devtoo..., se:cdpVersion: 114.0.5735.199, setWindowRect: true, strictFileInteractability: false, timeouts: {implicit: 0, pageLoad: 300000, script: 30000}, unhandledPromptBehavior: dismiss and notify, webauthn:extension:credBlob: true, webauthn:extension:largeBlob: true, webauthn:extension:minPinLength: true, webauthn:extension:prf: true, webauthn:virtualAuthenticators: true}
Session ID: 899cda6337dde134feae5a4c731cfecc">
      <![CDATA[org.openqa.selenium.NoSuchElementException: no such element: Unable to locate element: {"method":"css selector","selector":"#bookinglines_Price_1"}
  (Session info: chrome=114.0.5735.199)
For documentation on this error, please visit: https://www.selenium.dev/documentation/webdriver/troubleshooting/errors#no-such-element-exception
Build info: version: '4.10.0', revision: 'c14d967899'
System info: os.name: 'Windows 10', os.arch: 'amd64', os.version: '10.0', java.version: '17.0.4.1'
Driver info: org.openqa.selenium.chrome.ChromeDriver
Command: [899cda6337dde134feae5a4c731cfecc, findElement {using=id, value=bookinglines_Price_1}]
Capabilities {acceptInsecureCerts: false, browserName: chrome, browserVersion: 114.0.5735.199, chrome: {chromedriverVersion: 114.0.5735.90 (386bc09e8f4f..., userDataDir: C:\Users\ROHAN~1.PAT\AppDat...}, goog:chromeOptions: {debuggerAddress: localhost:56760}, networkConnectionEnabled: false, pageLoadStrategy: normal, platformName: windows, proxy: Proxy(), se:cdp: ws://localhost:56760/devtoo..., se:cdpVersion: 114.0.5735.199, setWindowRect: true, strictFileInteractability: false, timeouts: {implicit: 0, pageLoad: 300000, script: 30000}, unhandledPromptBehavior: dismiss and notify, webauthn:extension:credBlob: true, webauthn:extension:largeBlob: true, webauthn:extension:minPinLength: true, webauthn:extension:prf: true, webauthn:virtualAuthenticators: true}
Session ID: 899cda6337dde134feae5a4c731cfecc
at org.openqa.selenium.remote.codec.w3c.W3CHttpResponseCodec.createException(W3CHttpResponseCodec.java:199)
at org.openqa.selenium.remote.codec.w3c.W3CHttpResponseCodec.decode(W3CHttpResponseCodec.java:132)
at org.openqa.selenium.remote.codec.w3c.W3CHttpResponseCodec.decode(W3CHttpResponseCodec.java:51)
at org.openqa.selenium.remote.HttpCommandExecutor.execute(HttpCommandExecutor.java:191)
at org.openqa.selenium.remote.service.DriverCommandExecutor.invokeExecute(DriverCommandExecutor.java:196)
at org.openqa.selenium.remote.service.DriverCommandExecutor.execute(DriverCommandExecutor.java:171)
at org.openqa.selenium.remote.RemoteWebDriver.execute(RemoteWebDriver.java:531)
at org.openqa.selenium.remote.ElementLocation$ElementFinder$2.findElement(ElementLocation.java:165)
at org.openqa.selenium.remote.ElementLocation.findElement(ElementLocation.java:59)
at org.openqa.selenium.remote.RemoteWebDriver.findElement(RemoteWebDriver.java:350)
at org.openqa.selenium.remote.RemoteWebDriver.findElement(RemoteWebDriver.java:344)
at org.openqa.selenium.support.pagefactory.DefaultElementLocator.findElement(DefaultElementLocator.java:68)
at org.openqa.selenium.support.pagefactory.internal.LocatingElementHandler.invoke(LocatingElementHandler.java:38)
at jdk.proxy2/jdk.proxy2.$Proxy18.getAttribute(Unknown Source)
at POM.bookingUpdatePage.getPriceFieldValue1(bookingUpdatePage.java:63)
at BookingMaskTestCases.VerifyCreateBookingForThreePerson_TC35.validatePriceWithThreePerson(VerifyCreateBookingForThreePerson_TC35.java:159)
at java.base/java.util.ArrayList.forEach(ArrayList.java:1511)
... Removed 32 stack frames]]>
    </failure>
  </testcase> <!-- validatePriceWithThreePerson -->
  <testcase classname="BookingMaskTestCases.VerifyCreateBookingForOnePerson_TC32" name="validatePriceWithOnePersonField" time="20.007">
    <failure type="org.openqa.selenium.NoSuchElementException" message="no such element: Unable to locate element: {&amp;quot;method&amp;quot;:&amp;quot;css selector&amp;quot;,&amp;quot;selector&amp;quot;:&amp;quot;#bookinglines_Price_1&amp;quot;}
  (Session info: chrome=114.0.5735.199)
For documentation on this error, please visit: https://www.selenium.dev/documentation/webdriver/troubleshooting/errors#no-such-element-exception
Build info: version: &amp;apos;4.10.0&amp;apos;, revision: &amp;apos;c14d967899&amp;apos;
System info: os.name: &amp;apos;Windows 10&amp;apos;, os.arch: &amp;apos;amd64&amp;apos;, os.version: &amp;apos;10.0&amp;apos;, java.version: &amp;apos;17.0.4.1&amp;apos;
Driver info: org.openqa.selenium.chrome.ChromeDriver
Command: [3979660eefdc655dd66bf4194cd842be, findElement {using=id, value=bookinglines_Price_1}]
Capabilities {acceptInsecureCerts: false, browserName: chrome, browserVersion: 114.0.5735.199, chrome: {chromedriverVersion: 114.0.5735.90 (386bc09e8f4f..., userDataDir: C:\Users\ROHAN~1.PAT\AppDat...}, goog:chromeOptions: {debuggerAddress: localhost:56811}, networkConnectionEnabled: false, pageLoadStrategy: normal, platformName: windows, proxy: Proxy(), se:cdp: ws://localhost:56811/devtoo..., se:cdpVersion: 114.0.5735.199, setWindowRect: true, strictFileInteractability: false, timeouts: {implicit: 0, pageLoad: 300000, script: 30000}, unhandledPromptBehavior: dismiss and notify, webauthn:extension:credBlob: true, webauthn:extension:largeBlob: true, webauthn:extension:minPinLength: true, webauthn:extension:prf: true, webauthn:virtualAuthenticators: true}
Session ID: 3979660eefdc655dd66bf4194cd842be">
      <![CDATA[org.openqa.selenium.NoSuchElementException: no such element: Unable to locate element: {"method":"css selector","selector":"#bookinglines_Price_1"}
  (Session info: chrome=114.0.5735.199)
For documentation on this error, please visit: https://www.selenium.dev/documentation/webdriver/troubleshooting/errors#no-such-element-exception
Build info: version: '4.10.0', revision: 'c14d967899'
System info: os.name: 'Windows 10', os.arch: 'amd64', os.version: '10.0', java.version: '17.0.4.1'
Driver info: org.openqa.selenium.chrome.ChromeDriver
Command: [3979660eefdc655dd66bf4194cd842be, findElement {using=id, value=bookinglines_Price_1}]
Capabilities {acceptInsecureCerts: false, browserName: chrome, browserVersion: 114.0.5735.199, chrome: {chromedriverVersion: 114.0.5735.90 (386bc09e8f4f..., userDataDir: C:\Users\ROHAN~1.PAT\AppDat...}, goog:chromeOptions: {debuggerAddress: localhost:56811}, networkConnectionEnabled: false, pageLoadStrategy: normal, platformName: windows, proxy: Proxy(), se:cdp: ws://localhost:56811/devtoo..., se:cdpVersion: 114.0.5735.199, setWindowRect: true, strictFileInteractability: false, timeouts: {implicit: 0, pageLoad: 300000, script: 30000}, unhandledPromptBehavior: dismiss and notify, webauthn:extension:credBlob: true, webauthn:extension:largeBlob: true, webauthn:extension:minPinLength: true, webauthn:extension:prf: true, webauthn:virtualAuthenticators: true}
Session ID: 3979660eefdc655dd66bf4194cd842be
at org.openqa.selenium.remote.codec.w3c.W3CHttpResponseCodec.createException(W3CHttpResponseCodec.java:199)
at org.openqa.selenium.remote.codec.w3c.W3CHttpResponseCodec.decode(W3CHttpResponseCodec.java:132)
at org.openqa.selenium.remote.codec.w3c.W3CHttpResponseCodec.decode(W3CHttpResponseCodec.java:51)
at org.openqa.selenium.remote.HttpCommandExecutor.execute(HttpCommandExecutor.java:191)
at org.openqa.selenium.remote.service.DriverCommandExecutor.invokeExecute(DriverCommandExecutor.java:196)
at org.openqa.selenium.remote.service.DriverCommandExecutor.execute(DriverCommandExecutor.java:171)
at org.openqa.selenium.remote.RemoteWebDriver.execute(RemoteWebDriver.java:531)
at org.openqa.selenium.remote.ElementLocation$ElementFinder$2.findElement(ElementLocation.java:165)
at org.openqa.selenium.remote.ElementLocation.findElement(ElementLocation.java:59)
at org.openqa.selenium.remote.RemoteWebDriver.findElement(RemoteWebDriver.java:350)
at org.openqa.selenium.remote.RemoteWebDriver.findElement(RemoteWebDriver.java:344)
at org.openqa.selenium.support.pagefactory.DefaultElementLocator.findElement(DefaultElementLocator.java:68)
at org.openqa.selenium.support.pagefactory.internal.LocatingElementHandler.invoke(LocatingElementHandler.java:38)
at jdk.proxy2/jdk.proxy2.$Proxy18.getAttribute(Unknown Source)
at POM.bookingUpdatePage.getPriceFieldValue1(bookingUpdatePage.java:63)
at BookingMaskTestCases.VerifyCreateBookingForOnePerson_TC32.validatePriceWithOnePersonField(VerifyCreateBookingForOnePerson_TC32.java:168)
at java.base/java.util.ArrayList.forEach(ArrayList.java:1511)
... Removed 32 stack frames]]>
    </failure>
  </testcase> <!-- validatePriceWithOnePersonField -->
  <testcase classname="BookingMaskTestCases.VerifyCreateBookingForFivePerson_TC37" name="validatePriceWithFivePerson" time="0.144"/>
  <testcase classname="BookingMaskTestCases.VerifyConfirmBookingWithB_TC02" name="validateReservationNoField" time="0.028"/>
  <testcase classname="BookingMaskTestCases.VerifyBookingWithSameRoomAndDifferentDates_TC31" name="validatePriceForDifferentDates" time="0.001">
    <skipped/>
  </testcase> <!-- validatePriceForDifferentDates -->
  <testcase classname="BookingMaskTestCases.VerifyBookingCancellationAndEnquiryTC42TC43" name="validateCancellationPricesWithS" time="70.25"/>
  <testcase classname="BookingMaskTestCases.VerifyBookingCancellationAndEnquiryTC42TC43" name="validateCancellationPricesWithSA" time="7.235">
    <failure type="org.openqa.selenium.NoSuchElementException" message="Cannot locate option with text: HK002 - (code)
For documentation on this error, please visit: https://www.selenium.dev/documentation/webdriver/troubleshooting/errors#no-such-element-exception
Build info: version: &amp;apos;4.10.0&amp;apos;, revision: &amp;apos;c14d967899&amp;apos;
System info: os.name: &amp;apos;Windows 10&amp;apos;, os.arch: &amp;apos;amd64&amp;apos;, os.version: &amp;apos;10.0&amp;apos;, java.version: &amp;apos;17.0.4.1&amp;apos;
Driver info: driver.version: unknown">
      <![CDATA[org.openqa.selenium.NoSuchElementException: Cannot locate option with text: HK002 - (code)
For documentation on this error, please visit: https://www.selenium.dev/documentation/webdriver/troubleshooting/errors#no-such-element-exception
Build info: version: '4.10.0', revision: 'c14d967899'
System info: os.name: 'Windows 10', os.arch: 'amd64', os.version: '10.0', java.version: '17.0.4.1'
Driver info: driver.version: unknown
at org.openqa.selenium.support.ui.Select.selectByVisibleText(Select.java:153)
at utility.UtilityClass.listBoxHandlingUsingByText(UtilityClass.java:149)
at BookingMaskTestCases.VerifyBookingCancellationAndEnquiryTC42TC43.validateCancellationPricesWithSA(VerifyBookingCancellationAndEnquiryTC42TC43.java:90)
at java.base/java.util.ArrayList.forEach(ArrayList.java:1511)
... Removed 27 stack frames]]>
    </failure>
  </testcase> <!-- validateCancellationPricesWithSA -->
  <testcase classname="BookingMaskTestCases.TCC29TC130FAIL" name="validateConfirmBookingOFTwoAccommodation" time="35.563">
    <failure type="org.openqa.selenium.NoSuchElementException" message="no such element: Unable to locate element: {&amp;quot;method&amp;quot;:&amp;quot;css selector&amp;quot;,&amp;quot;selector&amp;quot;:&amp;quot;#bookinglines_Price_1&amp;quot;}
  (Session info: chrome=114.0.5735.199)
For documentation on this error, please visit: https://www.selenium.dev/documentation/webdriver/troubleshooting/errors#no-such-element-exception
Build info: version: &amp;apos;4.10.0&amp;apos;, revision: &amp;apos;c14d967899&amp;apos;
System info: os.name: &amp;apos;Windows 10&amp;apos;, os.arch: &amp;apos;amd64&amp;apos;, os.version: &amp;apos;10.0&amp;apos;, java.version: &amp;apos;17.0.4.1&amp;apos;
Driver info: org.openqa.selenium.chrome.ChromeDriver
Command: [6d73bad37f9417f4fc1f9ed27e9c544b, findElement {using=id, value=bookinglines_Price_1}]
Capabilities {acceptInsecureCerts: false, browserName: chrome, browserVersion: 114.0.5735.199, chrome: {chromedriverVersion: 114.0.5735.90 (386bc09e8f4f..., userDataDir: C:\Users\ROHAN~1.PAT\AppDat...}, goog:chromeOptions: {debuggerAddress: localhost:57124}, networkConnectionEnabled: false, pageLoadStrategy: normal, platformName: windows, proxy: Proxy(), se:cdp: ws://localhost:57124/devtoo..., se:cdpVersion: 114.0.5735.199, setWindowRect: true, strictFileInteractability: false, timeouts: {implicit: 0, pageLoad: 300000, script: 30000}, unhandledPromptBehavior: dismiss and notify, webauthn:extension:credBlob: true, webauthn:extension:largeBlob: true, webauthn:extension:minPinLength: true, webauthn:extension:prf: true, webauthn:virtualAuthenticators: true}
Session ID: 6d73bad37f9417f4fc1f9ed27e9c544b">
      <![CDATA[org.openqa.selenium.NoSuchElementException: no such element: Unable to locate element: {"method":"css selector","selector":"#bookinglines_Price_1"}
  (Session info: chrome=114.0.5735.199)
For documentation on this error, please visit: https://www.selenium.dev/documentation/webdriver/troubleshooting/errors#no-such-element-exception
Build info: version: '4.10.0', revision: 'c14d967899'
System info: os.name: 'Windows 10', os.arch: 'amd64', os.version: '10.0', java.version: '17.0.4.1'
Driver info: org.openqa.selenium.chrome.ChromeDriver
Command: [6d73bad37f9417f4fc1f9ed27e9c544b, findElement {using=id, value=bookinglines_Price_1}]
Capabilities {acceptInsecureCerts: false, browserName: chrome, browserVersion: 114.0.5735.199, chrome: {chromedriverVersion: 114.0.5735.90 (386bc09e8f4f..., userDataDir: C:\Users\ROHAN~1.PAT\AppDat...}, goog:chromeOptions: {debuggerAddress: localhost:57124}, networkConnectionEnabled: false, pageLoadStrategy: normal, platformName: windows, proxy: Proxy(), se:cdp: ws://localhost:57124/devtoo..., se:cdpVersion: 114.0.5735.199, setWindowRect: true, strictFileInteractability: false, timeouts: {implicit: 0, pageLoad: 300000, script: 30000}, unhandledPromptBehavior: dismiss and notify, webauthn:extension:credBlob: true, webauthn:extension:largeBlob: true, webauthn:extension:minPinLength: true, webauthn:extension:prf: true, webauthn:virtualAuthenticators: true}
Session ID: 6d73bad37f9417f4fc1f9ed27e9c544b
at org.openqa.selenium.remote.codec.w3c.W3CHttpResponseCodec.createException(W3CHttpResponseCodec.java:199)
at org.openqa.selenium.remote.codec.w3c.W3CHttpResponseCodec.decode(W3CHttpResponseCodec.java:132)
at org.openqa.selenium.remote.codec.w3c.W3CHttpResponseCodec.decode(W3CHttpResponseCodec.java:51)
at org.openqa.selenium.remote.HttpCommandExecutor.execute(HttpCommandExecutor.java:191)
at org.openqa.selenium.remote.service.DriverCommandExecutor.invokeExecute(DriverCommandExecutor.java:196)
at org.openqa.selenium.remote.service.DriverCommandExecutor.execute(DriverCommandExecutor.java:171)
at org.openqa.selenium.remote.RemoteWebDriver.execute(RemoteWebDriver.java:531)
at org.openqa.selenium.remote.ElementLocation$ElementFinder$2.findElement(ElementLocation.java:165)
at org.openqa.selenium.remote.ElementLocation.findElement(ElementLocation.java:59)
at org.openqa.selenium.remote.RemoteWebDriver.findElement(RemoteWebDriver.java:350)
at org.openqa.selenium.remote.RemoteWebDriver.findElement(RemoteWebDriver.java:344)
at org.openqa.selenium.support.pagefactory.DefaultElementLocator.findElement(DefaultElementLocator.java:68)
at org.openqa.selenium.support.pagefactory.internal.LocatingElementHandler.invoke(LocatingElementHandler.java:38)
at jdk.proxy2/jdk.proxy2.$Proxy18.getAttribute(Unknown Source)
at POM.bookingMaskPage.getPriceFieldValue1(bookingMaskPage.java:475)
at BookingMaskTestCases.TCC29TC130FAIL.validateConfirmBookingOFTwoAccommodation(TCC29TC130FAIL.java:191)
at java.base/java.util.ArrayList.forEach(ArrayList.java:1511)
... Removed 32 stack frames]]>
    </failure>
  </testcase> <!-- validateConfirmBookingOFTwoAccommodation -->
  <testcase classname="BookingMaskTestCases.TCC29TC130FAIL" name="validateConfirmBoOkingOFTwoAccommodationWithU" time="77.394">
    <failure type="org.openqa.selenium.NoSuchElementException" message="no such element: Unable to locate element: {&amp;quot;method&amp;quot;:&amp;quot;css selector&amp;quot;,&amp;quot;selector&amp;quot;:&amp;quot;#bookinglines_Price_1&amp;quot;}
  (Session info: chrome=114.0.5735.199)
For documentation on this error, please visit: https://www.selenium.dev/documentation/webdriver/troubleshooting/errors#no-such-element-exception
Build info: version: &amp;apos;4.10.0&amp;apos;, revision: &amp;apos;c14d967899&amp;apos;
System info: os.name: &amp;apos;Windows 10&amp;apos;, os.arch: &amp;apos;amd64&amp;apos;, os.version: &amp;apos;10.0&amp;apos;, java.version: &amp;apos;17.0.4.1&amp;apos;
Driver info: org.openqa.selenium.chrome.ChromeDriver
Command: [6d73bad37f9417f4fc1f9ed27e9c544b, findElement {using=id, value=bookinglines_Price_1}]
Capabilities {acceptInsecureCerts: false, browserName: chrome, browserVersion: 114.0.5735.199, chrome: {chromedriverVersion: 114.0.5735.90 (386bc09e8f4f..., userDataDir: C:\Users\ROHAN~1.PAT\AppDat...}, goog:chromeOptions: {debuggerAddress: localhost:57124}, networkConnectionEnabled: false, pageLoadStrategy: normal, platformName: windows, proxy: Proxy(), se:cdp: ws://localhost:57124/devtoo..., se:cdpVersion: 114.0.5735.199, setWindowRect: true, strictFileInteractability: false, timeouts: {implicit: 0, pageLoad: 300000, script: 30000}, unhandledPromptBehavior: dismiss and notify, webauthn:extension:credBlob: true, webauthn:extension:largeBlob: true, webauthn:extension:minPinLength: true, webauthn:extension:prf: true, webauthn:virtualAuthenticators: true}
Session ID: 6d73bad37f9417f4fc1f9ed27e9c544b">
      <![CDATA[org.openqa.selenium.NoSuchElementException: no such element: Unable to locate element: {"method":"css selector","selector":"#bookinglines_Price_1"}
  (Session info: chrome=114.0.5735.199)
For documentation on this error, please visit: https://www.selenium.dev/documentation/webdriver/troubleshooting/errors#no-such-element-exception
Build info: version: '4.10.0', revision: 'c14d967899'
System info: os.name: 'Windows 10', os.arch: 'amd64', os.version: '10.0', java.version: '17.0.4.1'
Driver info: org.openqa.selenium.chrome.ChromeDriver
Command: [6d73bad37f9417f4fc1f9ed27e9c544b, findElement {using=id, value=bookinglines_Price_1}]
Capabilities {acceptInsecureCerts: false, browserName: chrome, browserVersion: 114.0.5735.199, chrome: {chromedriverVersion: 114.0.5735.90 (386bc09e8f4f..., userDataDir: C:\Users\ROHAN~1.PAT\AppDat...}, goog:chromeOptions: {debuggerAddress: localhost:57124}, networkConnectionEnabled: false, pageLoadStrategy: normal, platformName: windows, proxy: Proxy(), se:cdp: ws://localhost:57124/devtoo..., se:cdpVersion: 114.0.5735.199, setWindowRect: true, strictFileInteractability: false, timeouts: {implicit: 0, pageLoad: 300000, script: 30000}, unhandledPromptBehavior: dismiss and notify, webauthn:extension:credBlob: true, webauthn:extension:largeBlob: true, webauthn:extension:minPinLength: true, webauthn:extension:prf: true, webauthn:virtualAuthenticators: true}
Session ID: 6d73bad37f9417f4fc1f9ed27e9c544b
at org.openqa.selenium.remote.codec.w3c.W3CHttpResponseCodec.createException(W3CHttpResponseCodec.java:199)
at org.openqa.selenium.remote.codec.w3c.W3CHttpResponseCodec.decode(W3CHttpResponseCodec.java:132)
at org.openqa.selenium.remote.codec.w3c.W3CHttpResponseCodec.decode(W3CHttpResponseCodec.java:51)
at org.openqa.selenium.remote.HttpCommandExecutor.execute(HttpCommandExecutor.java:191)
at org.openqa.selenium.remote.service.DriverCommandExecutor.invokeExecute(DriverCommandExecutor.java:196)
at org.openqa.selenium.remote.service.DriverCommandExecutor.execute(DriverCommandExecutor.java:171)
at org.openqa.selenium.remote.RemoteWebDriver.execute(RemoteWebDriver.java:531)
at org.openqa.selenium.remote.ElementLocation$ElementFinder$2.findElement(ElementLocation.java:165)
at org.openqa.selenium.remote.ElementLocation.findElement(ElementLocation.java:59)
at org.openqa.selenium.remote.RemoteWebDriver.findElement(RemoteWebDriver.java:350)
at org.openqa.selenium.remote.RemoteWebDriver.findElement(RemoteWebDriver.java:344)
at org.openqa.selenium.support.pagefactory.DefaultElementLocator.findElement(DefaultElementLocator.java:68)
at org.openqa.selenium.support.pagefactory.internal.LocatingElementHandler.invoke(LocatingElementHandler.java:38)
at jdk.proxy2/jdk.proxy2.$Proxy18.getAttribute(Unknown Source)
at POM.bookingMaskPage.getPriceFieldValue1(bookingMaskPage.java:475)
at BookingMaskTestCases.TCC29TC130FAIL.validateConfirmBoOkingOFTwoAccommodationWithU(TCC29TC130FAIL.java:362)
at java.base/java.util.ArrayList.forEach(ArrayList.java:1511)
... Removed 32 stack frames]]>
    </failure>
  </testcase> <!-- validateConfirmBoOkingOFTwoAccommodationWithU -->
  <testcase classname="BookingMaskTestCases.CreateBookingForTwoPersonAndTwoRoom_TC34" name="validatePriceForTwoPersonTwoRooms" time="0.217"/>
</testsuite> <!-- BM -->
