<?xml version="1.0" encoding="UTF-8"?>
<!-- Generated by org.testng.reporters.JUnitXMLReporter -->
<testsuite ignored="0" hostname="DGIT-0099" failures="2" tests="36" name="BM1" time="2708.528" errors="0" timestamp="2023-05-24T15:15:19 IST">
  <testcase classname="BookingMaskTestCases.VerifyBookingInquiryWithBlankTravelFromAndTravelToDate_TC05" name="@BeforeMethod loginToApp" time="32.446">
    <failure type="org.openqa.selenium.NoSuchElementException" message="Cannot locate option with text: HK001 - (TESTING)
For documentation on this error, please visit: https://selenium.dev/exceptions/#no_such_element
Build info: version: &amp;apos;4.8.3&amp;apos;, revision: &amp;apos;e5e76298c3&amp;apos;
System info: os.name: &amp;apos;Windows 10&amp;apos;, os.arch: &amp;apos;amd64&amp;apos;, os.version: &amp;apos;10.0&amp;apos;, java.version: &amp;apos;17.0.4.1&amp;apos;
Driver info: driver.version: unknown">
      <![CDATA[org.openqa.selenium.NoSuchElementException: Cannot locate option with text: HK001 - (TESTING)
For documentation on this error, please visit: https://selenium.dev/exceptions/#no_such_element
Build info: version: '4.8.3', revision: 'e5e76298c3'
System info: os.name: 'Windows 10', os.arch: 'amd64', os.version: '10.0', java.version: '17.0.4.1'
Driver info: driver.version: unknown
at org.openqa.selenium.support.ui.Select.selectByVisibleText(Select.java:153)
at utility.UtilityClass.listBoxHandlingUsingByText(UtilityClass.java:150)
at BookingMaskTestCases.VerifyBookingInquiryWithBlankTravelFromAndTravelToDate_TC05.loginToApp(VerifyBookingInquiryWithBlankTravelFromAndTravelToDate_TC05.java:77)
at java.base/java.util.ArrayList.forEach(ArrayList.java:1511)
... Removed 31 stack frames]]>
    </failure>
  </testcase> <!-- @BeforeMethod loginToApp -->
  <testcase classname="BookingMaskTestCases.VerifyBookingInquiryWithBlankTravelFromAndTravelToDate_TC05" name="@AfterClass closeBrowser" time="-1.684918902735E9">
    <skipped/>
  </testcase> <!-- @AfterClass closeBrowser -->
  <testcase classname="BookingMaskTestCases.ValidateBookingWithoutSelectingAnyTravelTypeTC48" name="@BeforeMethod loginToApp" time="34.643">
    <failure type="org.openqa.selenium.ElementNotInteractableException" message="element not interactable: Element is not currently visible and may not be manipulated
  (Session info: chrome=113.0.5672.127)
Build info: version: &amp;apos;4.8.3&amp;apos;, revision: &amp;apos;e5e76298c3&amp;apos;
System info: os.name: &amp;apos;Windows 10&amp;apos;, os.arch: &amp;apos;amd64&amp;apos;, os.version: &amp;apos;10.0&amp;apos;, java.version: &amp;apos;17.0.4.1&amp;apos;
Driver info: org.openqa.selenium.chrome.ChromeDriver
Command: [27815caa986049fa975a9e2568f39c62, clickElement {id=DDAC9723AC83DA46601A0DBCAA479084_element_1954}]
Capabilities {acceptInsecureCerts: false, browserName: chrome, browserVersion: 113.0.5672.127, chrome: {chromedriverVersion: 113.0.5672.63 (0e1a4471d5ae..., userDataDir: C:\Users\ROHAN~1.PAT\AppDat...}, goog:chromeOptions: {debuggerAddress: localhost:63074}, networkConnectionEnabled: false, pageLoadStrategy: normal, platformName: WINDOWS, proxy: Proxy(), se:cdp: ws://localhost:63074/devtoo..., se:cdpVersion: 113.0.5672.127, setWindowRect: true, strictFileInteractability: false, timeouts: {implicit: 0, pageLoad: 300000, script: 30000}, unhandledPromptBehavior: dismiss and notify, webauthn:extension:credBlob: true, webauthn:extension:largeBlob: true, webauthn:extension:minPinLength: true, webauthn:extension:prf: true, webauthn:virtualAuthenticators: true}
Element: [[[[ChromeDriver: chrome on WINDOWS (27815caa986049fa975a9e2568f39c62)] -&amp;gt; id: SalesBookingHeaderNewModel_TravelTypeID]] -&amp;gt; xpath: .//option[normalize-space(.) = &amp;quot;TFT1&amp;quot;]]
Session ID: 27815caa986049fa975a9e2568f39c62">
      <![CDATA[org.openqa.selenium.ElementNotInteractableException: element not interactable: Element is not currently visible and may not be manipulated
  (Session info: chrome=113.0.5672.127)
Build info: version: '4.8.3', revision: 'e5e76298c3'
System info: os.name: 'Windows 10', os.arch: 'amd64', os.version: '10.0', java.version: '17.0.4.1'
Driver info: org.openqa.selenium.chrome.ChromeDriver
Command: [27815caa986049fa975a9e2568f39c62, clickElement {id=DDAC9723AC83DA46601A0DBCAA479084_element_1954}]
Capabilities {acceptInsecureCerts: false, browserName: chrome, browserVersion: 113.0.5672.127, chrome: {chromedriverVersion: 113.0.5672.63 (0e1a4471d5ae..., userDataDir: C:\Users\ROHAN~1.PAT\AppDat...}, goog:chromeOptions: {debuggerAddress: localhost:63074}, networkConnectionEnabled: false, pageLoadStrategy: normal, platformName: WINDOWS, proxy: Proxy(), se:cdp: ws://localhost:63074/devtoo..., se:cdpVersion: 113.0.5672.127, setWindowRect: true, strictFileInteractability: false, timeouts: {implicit: 0, pageLoad: 300000, script: 30000}, unhandledPromptBehavior: dismiss and notify, webauthn:extension:credBlob: true, webauthn:extension:largeBlob: true, webauthn:extension:minPinLength: true, webauthn:extension:prf: true, webauthn:virtualAuthenticators: true}
Element: [[[[ChromeDriver: chrome on WINDOWS (27815caa986049fa975a9e2568f39c62)] -> id: SalesBookingHeaderNewModel_TravelTypeID]] -> xpath: .//option[normalize-space(.) = "TFT1"]]
Session ID: 27815caa986049fa975a9e2568f39c62
at org.openqa.selenium.remote.codec.w3c.W3CHttpResponseCodec.createException(W3CHttpResponseCodec.java:200)
at org.openqa.selenium.remote.codec.w3c.W3CHttpResponseCodec.decode(W3CHttpResponseCodec.java:133)
at org.openqa.selenium.remote.codec.w3c.W3CHttpResponseCodec.decode(W3CHttpResponseCodec.java:53)
at org.openqa.selenium.remote.HttpCommandExecutor.execute(HttpCommandExecutor.java:193)
at org.openqa.selenium.remote.service.DriverCommandExecutor.invokeExecute(DriverCommandExecutor.java:183)
at org.openqa.selenium.remote.service.DriverCommandExecutor.execute(DriverCommandExecutor.java:158)
at org.openqa.selenium.remote.RemoteWebDriver.execute(RemoteWebDriver.java:543)
at org.openqa.selenium.remote.RemoteWebElement.execute(RemoteWebElement.java:257)
at org.openqa.selenium.remote.RemoteWebElement.click(RemoteWebElement.java:78)
at org.openqa.selenium.support.ui.Select.setSelected(Select.java:320)
at org.openqa.selenium.support.ui.Select.selectByVisibleText(Select.java:119)
at utility.UtilityClass.listBoxHandlingUsingByText(UtilityClass.java:150)
at BookingMaskTestCases.ValidateBookingWithoutSelectingAnyTravelTypeTC48.loginToApp(ValidateBookingWithoutSelectingAnyTravelTypeTC48.java:89)
at java.base/java.util.ArrayList.forEach(ArrayList.java:1511)
... Removed 36 stack frames]]>
    </failure>
  </testcase> <!-- @BeforeMethod loginToApp -->
  <testcase classname="BookingMaskTestCases.ValidateBookingWithoutSelectingAnyTravelTypeTC48" name="@AfterMethod Logout" time="-1.684920188863E9">
    <skipped/>
  </testcase> <!-- @AfterMethod Logout -->
  <testcase classname="BookingMaskTestCases.ValidateBookingWithoutSelectingAnyTravelTypeTC48" name="@AfterClass closeBrowser" time="-1.684920188863E9">
    <skipped/>
  </testcase> <!-- @AfterClass closeBrowser -->
  <testcase classname="BookingMaskTestCases.VerifyBookingforSeasonA_TC14" name="validatePriceForSeasonA" time="0.183"/>
  <testcase classname="BookingMaskTestCases.VerifyBookingInquiryWithBlankTravelFromAndTravelToDate_TC05" name="validateBookingInquiryWithBlankTravelFromANDTravelToDateOnBM" time="0.0">
    <skipped/>
  </testcase> <!-- validateBookingInquiryWithBlankTravelFromANDTravelToDateOnBM -->
  <testcase classname="BookingMaskTestCases.VerifyBookingModificationWithEditOccupancyTC18" name="validateBookingByEditingOccupancyWithU" time="0.114"/>
  <testcase classname="BookingMaskTestCases.VerifyBookingModificationWithTravelToDateIncrease_TC19" name="validatePriceWithTravelToDateIncrease" time="0.133"/>
  <testcase classname="BookingMaskTestCases.VerifyBookingModifyEnquiry_TC16" name="validatepriceFieldWithChangeInBookingAction" time="0.238"/>
  <testcase classname="BookingMaskTestCases.VerifyBookingforSeasonB_TC15" name="validatePriceForSeasonB" time="0.138"/>
  <testcase classname="BookingMaskTestCases.VerifyBookingInquiryWithBlankTravelFromDate_TC04" name="validateBookingInquiryWithBlankTravelFromDate" time="0.124"/>
  <testcase classname="BookingMaskTestCases.VerifyBookingInquiryWithBlankTravelToDate_TC03" name="validateBookingInquiryWithBlankTravelToDate" time="0.121"/>
  <testcase classname="BookingMaskTestCases.VerifyModifyBookingWithTravelToDateDecrease_TC20" name="validatePriceByDecreasingTravelToDate" time="0.12"/>
  <testcase classname="BookingMaskTestCases.VerifyModifyBookingByEditingBothTravelFromAndToDateTC23" name="validatePriceByEditingBothTravelFromAndToDate" time="0.143"/>
  <testcase classname="BookingMaskTestCases.VerifyTravelToDateLessThanTravelFromDate_TC08" name="validateTravelToDateLessThanTravelFromDatePopUpMessageonBM" time="0.092"/>
  <testcase classname="BookingMaskTestCases.VerifyTravelDatesOutOfContract_TC11" name="validateMessageOnBMwithDatesOutOfContract" time="0.111"/>
  <testcase classname="BookingMaskTestCases.VerifyModifyBookingToDateOutOfContractTC24" name="validateErrorMessageForOutOfContractDates" time="0.101"/>
  <testcase classname="BookingMaskTestCases.VerifyModifyBookingToInvalidRoomCodeTC26" name="validateBookingBySendingInvalidRoomcode" time="0.114"/>
  <testcase classname="BookingMaskTestCases.VerifyTravelDateEndingOutOfContract_TC12" name="validateMessageOnBMpage" time="0.105"/>
  <testcase classname="BookingMaskTestCases.VerifyModifyBookingWithActionCodeUXTC44" name="validateModifyBookingWithActionCodeUX" time="82.503">
    <failure type="org.openqa.selenium.ElementNotInteractableException" message="element not interactable
  (Session info: chrome=113.0.5672.127)
Build info: version: &amp;apos;4.8.3&amp;apos;, revision: &amp;apos;e5e76298c3&amp;apos;
System info: os.name: &amp;apos;Windows 10&amp;apos;, os.arch: &amp;apos;amd64&amp;apos;, os.version: &amp;apos;10.0&amp;apos;, java.version: &amp;apos;17.0.4.1&amp;apos;
Driver info: org.openqa.selenium.chrome.ChromeDriver
Command: [dcca602eabb1be006f2e7844fe5532c4, clearElement {id=0926A6F5DB16B4C8D004AAC5964ED22B_element_7588}]
Capabilities {acceptInsecureCerts: false, browserName: chrome, browserVersion: 113.0.5672.127, chrome: {chromedriverVersion: 113.0.5672.63 (0e1a4471d5ae..., userDataDir: C:\Users\ROHAN~1.PAT\AppDat...}, goog:chromeOptions: {debuggerAddress: localhost:62962}, networkConnectionEnabled: false, pageLoadStrategy: normal, platformName: WINDOWS, proxy: Proxy(), se:cdp: ws://localhost:62962/devtoo..., se:cdpVersion: 113.0.5672.127, setWindowRect: true, strictFileInteractability: false, timeouts: {implicit: 0, pageLoad: 300000, script: 30000}, unhandledPromptBehavior: dismiss and notify, webauthn:extension:credBlob: true, webauthn:extension:largeBlob: true, webauthn:extension:minPinLength: true, webauthn:extension:prf: true, webauthn:virtualAuthenticators: true}
Element: [[ChromeDriver: chrome on WINDOWS (dcca602eabb1be006f2e7844fe5532c4)] -&amp;gt; id: SalesBookingHeaderNewModel_BookingAction]
Session ID: dcca602eabb1be006f2e7844fe5532c4">
      <![CDATA[org.openqa.selenium.ElementNotInteractableException: element not interactable
  (Session info: chrome=113.0.5672.127)
Build info: version: '4.8.3', revision: 'e5e76298c3'
System info: os.name: 'Windows 10', os.arch: 'amd64', os.version: '10.0', java.version: '17.0.4.1'
Driver info: org.openqa.selenium.chrome.ChromeDriver
Command: [dcca602eabb1be006f2e7844fe5532c4, clearElement {id=0926A6F5DB16B4C8D004AAC5964ED22B_element_7588}]
Capabilities {acceptInsecureCerts: false, browserName: chrome, browserVersion: 113.0.5672.127, chrome: {chromedriverVersion: 113.0.5672.63 (0e1a4471d5ae..., userDataDir: C:\Users\ROHAN~1.PAT\AppDat...}, goog:chromeOptions: {debuggerAddress: localhost:62962}, networkConnectionEnabled: false, pageLoadStrategy: normal, platformName: WINDOWS, proxy: Proxy(), se:cdp: ws://localhost:62962/devtoo..., se:cdpVersion: 113.0.5672.127, setWindowRect: true, strictFileInteractability: false, timeouts: {implicit: 0, pageLoad: 300000, script: 30000}, unhandledPromptBehavior: dismiss and notify, webauthn:extension:credBlob: true, webauthn:extension:largeBlob: true, webauthn:extension:minPinLength: true, webauthn:extension:prf: true, webauthn:virtualAuthenticators: true}
Element: [[ChromeDriver: chrome on WINDOWS (dcca602eabb1be006f2e7844fe5532c4)] -> id: SalesBookingHeaderNewModel_BookingAction]
Session ID: dcca602eabb1be006f2e7844fe5532c4
at org.openqa.selenium.remote.codec.w3c.W3CHttpResponseCodec.createException(W3CHttpResponseCodec.java:200)
at org.openqa.selenium.remote.codec.w3c.W3CHttpResponseCodec.decode(W3CHttpResponseCodec.java:133)
at org.openqa.selenium.remote.codec.w3c.W3CHttpResponseCodec.decode(W3CHttpResponseCodec.java:53)
at org.openqa.selenium.remote.HttpCommandExecutor.execute(HttpCommandExecutor.java:193)
at org.openqa.selenium.remote.service.DriverCommandExecutor.invokeExecute(DriverCommandExecutor.java:183)
at org.openqa.selenium.remote.service.DriverCommandExecutor.execute(DriverCommandExecutor.java:158)
at org.openqa.selenium.remote.RemoteWebDriver.execute(RemoteWebDriver.java:543)
at org.openqa.selenium.remote.RemoteWebElement.execute(RemoteWebElement.java:257)
at org.openqa.selenium.remote.RemoteWebElement.clear(RemoteWebElement.java:132)
at org.openqa.selenium.support.pagefactory.internal.LocatingElementHandler.invoke(LocatingElementHandler.java:52)
at jdk.proxy2/jdk.proxy2.$Proxy18.clear(Unknown Source)
at POM.bookingMaskPage.ClearbookingActionfield(bookingMaskPage.java:296)
at BookingMaskTestCases.VerifyModifyBookingWithActionCodeUXTC44.validateModifyBookingWithActionCodeUX(VerifyModifyBookingWithActionCodeUXTC44.java:205)
at java.base/java.util.ArrayList.forEach(ArrayList.java:1511)
... Removed 35 stack frames]]>
    </failure>
  </testcase> <!-- validateModifyBookingWithActionCodeUX -->
  <testcase classname="BookingMaskTestCases.ValidateBookingWithoutSelectingAnyTravelTypeTC48" name="validateBookingWithoutAnyTravelType" time="0.0">
    <skipped/>
  </testcase> <!-- validateBookingWithoutAnyTravelType -->
  <testcase classname="BookingMaskTestCases.VerifyBookingWithMismatchPaxAndOCCTC50" name="validateBookingWitMismatchPaxAndOCC" time="0.078">
    <failure type="java.lang.AssertionError" message="Test Case Failed as actual and expected Messages are not matching expected [error message] but found [TESTING                                                                                                                                                                                                                                                                                                                                                                                                                                                                                                                                                                                                                                                                                                                                                                                                                                                                                                                                                                                         ]">
      <![CDATA[java.lang.AssertionError: Test Case Failed as actual and expected Messages are not matching expected [error message] but found [TESTING                                                                                                                                                                                                                                                                                                                                                                                                                                                                                                                                                                                                                                                                                                                                                                                                                                                                                                                                                                                         ]
at BookingMaskTestCases.VerifyBookingWithMismatchPaxAndOCCTC50.validateBookingWitMismatchPaxAndOCC(VerifyBookingWithMismatchPaxAndOCCTC50.java:162)
at java.base/java.util.ArrayList.forEach(ArrayList.java:1511)
... Removed 32 stack frames]]>
    </failure>
  </testcase> <!-- validateBookingWitMismatchPaxAndOCC -->
  <testcase classname="BookingMaskTestCases.VerifyBookingByEditingTravelTypeTC47" name="validateBookingWithFNTRTravelType" time="0.123"/>
  <testcase classname="BookingMaskTestCases.VerifyModifyBookingWithActionCodeUAandUTC38ToTC39" name="validateModifyBookingInquiryWithUA" time="102.776"/>
  <testcase classname="BookingMaskTestCases.VerifyModifyBookingWithActionCodeUAandUTC38ToTC39" name="validateConfirmModifyBookingWithU" time="107.472"/>
  <testcase classname="BookingMaskTestCases.VerifyBookingWithTravelFromAndTravelToSameDate_TC07" name="validateTravelFromAndTravelToSameDatePopUpMessageonBM" time="0.111"/>
  <testcase classname="BookingMaskTestCases.VerifyModifyBookingTC21andTC22" name="validateBookingByDecreasingDuration" time="77.151"/>
  <testcase classname="BookingMaskTestCases.VerifyModifyBookingTC21andTC22" name="validateBookingByIncreasingDuration" time="78.922"/>
  <testcase classname="BookingMaskTestCases.VerifyRoomOccupancyLimitTC62ToTC65" name="validateMismatchInAllFieldsErrorMsg" time="21.969"/>
  <testcase classname="BookingMaskTestCases.VerifyRoomOccupancyLimitTC62ToTC65" name="validateMismatchInNOofPaxFieldErrorMsg" time="18.402"/>
  <testcase classname="BookingMaskTestCases.VerifyRoomOccupancyLimitTC62ToTC65" name="validateMismatchInPassengerFieldErrorMsg" time="14.898"/>
  <testcase classname="BookingMaskTestCases.VerifyRoomOccupancyLimitTC62ToTC65" name="validateMismatchInOCCFieldErrorMsg" time="17.015"/>
  <testcase classname="BookingMaskTestCases.VerifyRoomOccupancyLimitTC54ToTC57" name="validateOccupancyMinLimitCross" time="21.093"/>
  <testcase classname="BookingMaskTestCases.VerifyRoomOccupancyLimitTC54ToTC57" name="validateOccupancyMaxLimitCross" time="22.613"/>
  <testcase classname="BookingMaskTestCases.VerifyRoomOccupancyLimitTC54ToTC57" name="validateOccupancyMinLimitNotSatisfied" time="13.937"/>
  <testcase classname="BookingMaskTestCases.VerifyRoomOccupancyLimitTC54ToTC57" name="validateOccupancyMaxLimitNotSatisfied" time="15.494"/>
  <testcase classname="BookingMaskTestCases.VerifyRoomOccupancyLimitTC58ToTC61" name="validateOccupancyMinLimitNotSatisfield1" time="14.082"/>
  <testcase classname="BookingMaskTestCases.VerifyRoomOccupancyLimitTC58ToTC61" name="validateOccupancyMinLimitNotSatisfield2" time="15.252"/>
  <testcase classname="BookingMaskTestCases.VerifyRoomOccupancyLimitTC58ToTC61" name="validateOccupancyMaxLimitCross" time="20.834"/>
  <testcase classname="BookingMaskTestCases.VerifyRoomOccupancyLimitTC58ToTC61" name="validateOccupancyMinLimitCross" time="16.081"/>
</testsuite> <!-- BM1 -->
