<?xml version="1.0" encoding="UTF-8"?>
<!-- Generated by org.testng.reporters.JUnitXMLReporter -->
<testsuite ignored="0" hostname="DGIT-0099" failures="18" tests="25" name="BookingAllotment1" time="2101.251" errors="0" timestamp="2023-05-17T12:22:16 IST">
  <testcase classname="Booking_AllotmentTestCases.verifyLoadAllotmentForTwoSeasons_TC03" name="@BeforeMethod loginToApp" time="31.308">
    <failure type="org.openqa.selenium.NoSuchWindowException" message="no such window: target window already closed
from unknown error: web view not found
  (Session info: chrome=113.0.5672.93)
Build info: version: &amp;apos;4.8.3&amp;apos;, revision: &amp;apos;e5e76298c3&amp;apos;
System info: os.name: &amp;apos;Windows 10&amp;apos;, os.arch: &amp;apos;amd64&amp;apos;, os.version: &amp;apos;10.0&amp;apos;, java.version: &amp;apos;17.0.4.1&amp;apos;
Driver info: org.openqa.selenium.chrome.ChromeDriver
Command: [8e8751b0f0371f8d64284f551600d714, findElement {using=id, value=AccommodationModel_LocalityModel_Street}]
Capabilities {acceptInsecureCerts: false, browserName: chrome, browserVersion: 113.0.5672.93, chrome: {chromedriverVersion: 113.0.5672.63 (0e1a4471d5ae..., userDataDir: C:\Users\ROHAN~1.PAT\AppDat...}, goog:chromeOptions: {debuggerAddress: localhost:62746}, networkConnectionEnabled: false, pageLoadStrategy: normal, platformName: WINDOWS, proxy: Proxy(), se:cdp: ws://localhost:62746/devtoo..., se:cdpVersion: 113.0.5672.93, setWindowRect: true, strictFileInteractability: false, timeouts: {implicit: 0, pageLoad: 300000, script: 30000}, unhandledPromptBehavior: dismiss and notify, webauthn:extension:credBlob: true, webauthn:extension:largeBlob: true, webauthn:extension:minPinLength: true, webauthn:extension:prf: true, webauthn:virtualAuthenticators: true}
Session ID: 8e8751b0f0371f8d64284f551600d714">
      <![CDATA[org.openqa.selenium.NoSuchWindowException: no such window: target window already closed
from unknown error: web view not found
  (Session info: chrome=113.0.5672.93)
Build info: version: '4.8.3', revision: 'e5e76298c3'
System info: os.name: 'Windows 10', os.arch: 'amd64', os.version: '10.0', java.version: '17.0.4.1'
Driver info: org.openqa.selenium.chrome.ChromeDriver
Command: [8e8751b0f0371f8d64284f551600d714, findElement {using=id, value=AccommodationModel_LocalityModel_Street}]
Capabilities {acceptInsecureCerts: false, browserName: chrome, browserVersion: 113.0.5672.93, chrome: {chromedriverVersion: 113.0.5672.63 (0e1a4471d5ae..., userDataDir: C:\Users\ROHAN~1.PAT\AppDat...}, goog:chromeOptions: {debuggerAddress: localhost:62746}, networkConnectionEnabled: false, pageLoadStrategy: normal, platformName: WINDOWS, proxy: Proxy(), se:cdp: ws://localhost:62746/devtoo..., se:cdpVersion: 113.0.5672.93, setWindowRect: true, strictFileInteractability: false, timeouts: {implicit: 0, pageLoad: 300000, script: 30000}, unhandledPromptBehavior: dismiss and notify, webauthn:extension:credBlob: true, webauthn:extension:largeBlob: true, webauthn:extension:minPinLength: true, webauthn:extension:prf: true, webauthn:virtualAuthenticators: true}
Session ID: 8e8751b0f0371f8d64284f551600d714
at org.openqa.selenium.remote.codec.w3c.W3CHttpResponseCodec.createException(W3CHttpResponseCodec.java:200)
at org.openqa.selenium.remote.codec.w3c.W3CHttpResponseCodec.decode(W3CHttpResponseCodec.java:133)
at org.openqa.selenium.remote.codec.w3c.W3CHttpResponseCodec.decode(W3CHttpResponseCodec.java:53)
at org.openqa.selenium.remote.HttpCommandExecutor.execute(HttpCommandExecutor.java:193)
at org.openqa.selenium.remote.service.DriverCommandExecutor.invokeExecute(DriverCommandExecutor.java:183)
at org.openqa.selenium.remote.service.DriverCommandExecutor.execute(DriverCommandExecutor.java:158)
at org.openqa.selenium.remote.RemoteWebDriver.execute(RemoteWebDriver.java:543)
at org.openqa.selenium.remote.ElementLocation$ElementFinder$2.findElement(ElementLocation.java:162)
at org.openqa.selenium.remote.ElementLocation.findElement(ElementLocation.java:60)
at org.openqa.selenium.remote.RemoteWebDriver.findElement(RemoteWebDriver.java:352)
at org.openqa.selenium.remote.RemoteWebDriver.findElement(RemoteWebDriver.java:344)
at org.openqa.selenium.support.pagefactory.DefaultElementLocator.findElement(DefaultElementLocator.java:70)
at org.openqa.selenium.support.pagefactory.internal.LocatingElementHandler.invoke(LocatingElementHandler.java:39)
at jdk.proxy2/jdk.proxy2.$Proxy18.sendKeys(Unknown Source)
at POM.accommodationNewPage.sendstreet(accommodationNewPage.java:196)
at Booking_AllotmentTestCases.verifyLoadAllotmentForTwoSeasons_TC03.loginToApp(verifyLoadAllotmentForTwoSeasons_TC03.java:135)
at java.base/java.util.ArrayList.forEach(ArrayList.java:1511)
... Removed 36 stack frames]]>
    </failure>
  </testcase> <!-- @BeforeMethod loginToApp -->
  <testcase classname="Booking_AllotmentTestCases.verifyLoadAllotmentForTwoSeasons_TC03" name="@AfterMethod Logout" time="-1.684305613912E9">
    <skipped/>
  </testcase> <!-- @AfterMethod Logout -->
  <testcase classname="Booking_AllotmentTestCases.verifyLoadAllotmentForTwoSeasons_TC03" name="@AfterClass closeBrowser" time="-1.684305613913E9">
    <skipped/>
  </testcase> <!-- @AfterClass closeBrowser -->
  <testcase classname="Booking_AllotmentTestCases.verifyBookingAndAllotmentTC28TC29" name="validateBookingWithValidAllotment" time="71.879">
    <failure type="java.lang.AssertionError" message="TC failed as Actual allotment and expected allotment are not matching  expected [3112.00] but found [4444.00]">
      <![CDATA[java.lang.AssertionError: TC failed as Actual allotment and expected allotment are not matching  expected [3112.00] but found [4444.00]
at Booking_AllotmentTestCases.verifyBookingAndAllotmentTC28TC29.validateBookingWithValidAllotment(verifyBookingAndAllotmentTC28TC29.java:248)
at java.base/java.util.ArrayList.forEach(ArrayList.java:1511)
... Removed 32 stack frames]]>
    </failure>
  </testcase> <!-- validateBookingWithValidAllotment -->
  <testcase classname="Booking_AllotmentTestCases.verifyBookingAndAllotmentTC28TC29" name="validateBookingErrorMsgWhenAllRoomsAreBooked" time="92.555"/>
  <testcase classname="Booking_AllotmentTestCases.mofifyMultisalesLineBookingTC45TC46" name="validateModifiedMultisalesBookingPrice" time="68.372">
    <failure type="org.openqa.selenium.NoSuchElementException" message="no such element: Unable to locate element: {&amp;quot;method&amp;quot;:&amp;quot;css selector&amp;quot;,&amp;quot;selector&amp;quot;:&amp;quot;#bookingline_TravelFrom_2&amp;quot;}
  (Session info: chrome=113.0.5672.93)
For documentation on this error, please visit: https://selenium.dev/exceptions/#no_such_element
Build info: version: &amp;apos;4.8.3&amp;apos;, revision: &amp;apos;e5e76298c3&amp;apos;
System info: os.name: &amp;apos;Windows 10&amp;apos;, os.arch: &amp;apos;amd64&amp;apos;, os.version: &amp;apos;10.0&amp;apos;, java.version: &amp;apos;17.0.4.1&amp;apos;
Driver info: org.openqa.selenium.chrome.ChromeDriver
Command: [594ea80188d072a77bb1104251df3777, findElement {using=id, value=bookingline_TravelFrom_2}]
Capabilities {acceptInsecureCerts: false, browserName: chrome, browserVersion: 113.0.5672.93, chrome: {chromedriverVersion: 113.0.5672.63 (0e1a4471d5ae..., userDataDir: C:\Users\ROHAN~1.PAT\AppDat...}, goog:chromeOptions: {debuggerAddress: localhost:61580}, networkConnectionEnabled: false, pageLoadStrategy: normal, platformName: WINDOWS, proxy: Proxy(), se:cdp: ws://localhost:61580/devtoo..., se:cdpVersion: 113.0.5672.93, setWindowRect: true, strictFileInteractability: false, timeouts: {implicit: 0, pageLoad: 300000, script: 30000}, unhandledPromptBehavior: dismiss and notify, webauthn:extension:credBlob: true, webauthn:extension:largeBlob: true, webauthn:extension:minPinLength: true, webauthn:extension:prf: true, webauthn:virtualAuthenticators: true}
Session ID: 594ea80188d072a77bb1104251df3777">
      <![CDATA[org.openqa.selenium.NoSuchElementException: no such element: Unable to locate element: {"method":"css selector","selector":"#bookingline_TravelFrom_2"}
  (Session info: chrome=113.0.5672.93)
For documentation on this error, please visit: https://selenium.dev/exceptions/#no_such_element
Build info: version: '4.8.3', revision: 'e5e76298c3'
System info: os.name: 'Windows 10', os.arch: 'amd64', os.version: '10.0', java.version: '17.0.4.1'
Driver info: org.openqa.selenium.chrome.ChromeDriver
Command: [594ea80188d072a77bb1104251df3777, findElement {using=id, value=bookingline_TravelFrom_2}]
Capabilities {acceptInsecureCerts: false, browserName: chrome, browserVersion: 113.0.5672.93, chrome: {chromedriverVersion: 113.0.5672.63 (0e1a4471d5ae..., userDataDir: C:\Users\ROHAN~1.PAT\AppDat...}, goog:chromeOptions: {debuggerAddress: localhost:61580}, networkConnectionEnabled: false, pageLoadStrategy: normal, platformName: WINDOWS, proxy: Proxy(), se:cdp: ws://localhost:61580/devtoo..., se:cdpVersion: 113.0.5672.93, setWindowRect: true, strictFileInteractability: false, timeouts: {implicit: 0, pageLoad: 300000, script: 30000}, unhandledPromptBehavior: dismiss and notify, webauthn:extension:credBlob: true, webauthn:extension:largeBlob: true, webauthn:extension:minPinLength: true, webauthn:extension:prf: true, webauthn:virtualAuthenticators: true}
Session ID: 594ea80188d072a77bb1104251df3777
at org.openqa.selenium.remote.codec.w3c.W3CHttpResponseCodec.createException(W3CHttpResponseCodec.java:200)
at org.openqa.selenium.remote.codec.w3c.W3CHttpResponseCodec.decode(W3CHttpResponseCodec.java:133)
at org.openqa.selenium.remote.codec.w3c.W3CHttpResponseCodec.decode(W3CHttpResponseCodec.java:53)
at org.openqa.selenium.remote.HttpCommandExecutor.execute(HttpCommandExecutor.java:193)
at org.openqa.selenium.remote.service.DriverCommandExecutor.invokeExecute(DriverCommandExecutor.java:183)
at org.openqa.selenium.remote.service.DriverCommandExecutor.execute(DriverCommandExecutor.java:158)
at org.openqa.selenium.remote.RemoteWebDriver.execute(RemoteWebDriver.java:543)
at org.openqa.selenium.remote.ElementLocation$ElementFinder$2.findElement(ElementLocation.java:162)
at org.openqa.selenium.remote.ElementLocation.findElement(ElementLocation.java:60)
at org.openqa.selenium.remote.RemoteWebDriver.findElement(RemoteWebDriver.java:352)
at org.openqa.selenium.remote.RemoteWebDriver.findElement(RemoteWebDriver.java:344)
at org.openqa.selenium.support.pagefactory.DefaultElementLocator.findElement(DefaultElementLocator.java:70)
at org.openqa.selenium.support.pagefactory.internal.LocatingElementHandler.invoke(LocatingElementHandler.java:39)
at jdk.proxy2/jdk.proxy2.$Proxy18.clear(Unknown Source)
at POM.bookingUpdatePage.clearTravelFrom2(bookingUpdatePage.java:94)
at Booking_AllotmentTestCases.mofifyMultisalesLineBookingTC45TC46.validateModifiedMultisalesBookingPrice(mofifyMultisalesLineBookingTC45TC46.java:226)
at java.base/java.util.ArrayList.forEach(ArrayList.java:1511)
... Removed 32 stack frames]]>
    </failure>
  </testcase> <!-- validateModifiedMultisalesBookingPrice -->
  <testcase classname="Booking_AllotmentTestCases.mofifyMultisalesLineBookingTC45TC46" name="validateMultisalesBookingAllotment" time="63.233">
    <failure type="org.openqa.selenium.NoSuchElementException" message="no such element: Unable to locate element: {&amp;quot;method&amp;quot;:&amp;quot;css selector&amp;quot;,&amp;quot;selector&amp;quot;:&amp;quot;#bookingline_TravelFrom_2&amp;quot;}
  (Session info: chrome=113.0.5672.93)
For documentation on this error, please visit: https://selenium.dev/exceptions/#no_such_element
Build info: version: &amp;apos;4.8.3&amp;apos;, revision: &amp;apos;e5e76298c3&amp;apos;
System info: os.name: &amp;apos;Windows 10&amp;apos;, os.arch: &amp;apos;amd64&amp;apos;, os.version: &amp;apos;10.0&amp;apos;, java.version: &amp;apos;17.0.4.1&amp;apos;
Driver info: org.openqa.selenium.chrome.ChromeDriver
Command: [594ea80188d072a77bb1104251df3777, findElement {using=id, value=bookingline_TravelFrom_2}]
Capabilities {acceptInsecureCerts: false, browserName: chrome, browserVersion: 113.0.5672.93, chrome: {chromedriverVersion: 113.0.5672.63 (0e1a4471d5ae..., userDataDir: C:\Users\ROHAN~1.PAT\AppDat...}, goog:chromeOptions: {debuggerAddress: localhost:61580}, networkConnectionEnabled: false, pageLoadStrategy: normal, platformName: WINDOWS, proxy: Proxy(), se:cdp: ws://localhost:61580/devtoo..., se:cdpVersion: 113.0.5672.93, setWindowRect: true, strictFileInteractability: false, timeouts: {implicit: 0, pageLoad: 300000, script: 30000}, unhandledPromptBehavior: dismiss and notify, webauthn:extension:credBlob: true, webauthn:extension:largeBlob: true, webauthn:extension:minPinLength: true, webauthn:extension:prf: true, webauthn:virtualAuthenticators: true}
Session ID: 594ea80188d072a77bb1104251df3777">
      <![CDATA[org.openqa.selenium.NoSuchElementException: no such element: Unable to locate element: {"method":"css selector","selector":"#bookingline_TravelFrom_2"}
  (Session info: chrome=113.0.5672.93)
For documentation on this error, please visit: https://selenium.dev/exceptions/#no_such_element
Build info: version: '4.8.3', revision: 'e5e76298c3'
System info: os.name: 'Windows 10', os.arch: 'amd64', os.version: '10.0', java.version: '17.0.4.1'
Driver info: org.openqa.selenium.chrome.ChromeDriver
Command: [594ea80188d072a77bb1104251df3777, findElement {using=id, value=bookingline_TravelFrom_2}]
Capabilities {acceptInsecureCerts: false, browserName: chrome, browserVersion: 113.0.5672.93, chrome: {chromedriverVersion: 113.0.5672.63 (0e1a4471d5ae..., userDataDir: C:\Users\ROHAN~1.PAT\AppDat...}, goog:chromeOptions: {debuggerAddress: localhost:61580}, networkConnectionEnabled: false, pageLoadStrategy: normal, platformName: WINDOWS, proxy: Proxy(), se:cdp: ws://localhost:61580/devtoo..., se:cdpVersion: 113.0.5672.93, setWindowRect: true, strictFileInteractability: false, timeouts: {implicit: 0, pageLoad: 300000, script: 30000}, unhandledPromptBehavior: dismiss and notify, webauthn:extension:credBlob: true, webauthn:extension:largeBlob: true, webauthn:extension:minPinLength: true, webauthn:extension:prf: true, webauthn:virtualAuthenticators: true}
Session ID: 594ea80188d072a77bb1104251df3777
at org.openqa.selenium.remote.codec.w3c.W3CHttpResponseCodec.createException(W3CHttpResponseCodec.java:200)
at org.openqa.selenium.remote.codec.w3c.W3CHttpResponseCodec.decode(W3CHttpResponseCodec.java:133)
at org.openqa.selenium.remote.codec.w3c.W3CHttpResponseCodec.decode(W3CHttpResponseCodec.java:53)
at org.openqa.selenium.remote.HttpCommandExecutor.execute(HttpCommandExecutor.java:193)
at org.openqa.selenium.remote.service.DriverCommandExecutor.invokeExecute(DriverCommandExecutor.java:183)
at org.openqa.selenium.remote.service.DriverCommandExecutor.execute(DriverCommandExecutor.java:158)
at org.openqa.selenium.remote.RemoteWebDriver.execute(RemoteWebDriver.java:543)
at org.openqa.selenium.remote.ElementLocation$ElementFinder$2.findElement(ElementLocation.java:162)
at org.openqa.selenium.remote.ElementLocation.findElement(ElementLocation.java:60)
at org.openqa.selenium.remote.RemoteWebDriver.findElement(RemoteWebDriver.java:352)
at org.openqa.selenium.remote.RemoteWebDriver.findElement(RemoteWebDriver.java:344)
at org.openqa.selenium.support.pagefactory.DefaultElementLocator.findElement(DefaultElementLocator.java:70)
at org.openqa.selenium.support.pagefactory.internal.LocatingElementHandler.invoke(LocatingElementHandler.java:39)
at jdk.proxy2/jdk.proxy2.$Proxy18.clear(Unknown Source)
at POM.bookingUpdatePage.clearTravelFrom2(bookingUpdatePage.java:94)
at Booking_AllotmentTestCases.mofifyMultisalesLineBookingTC45TC46.validateMultisalesBookingAllotment(mofifyMultisalesLineBookingTC45TC46.java:393)
at java.base/java.util.ArrayList.forEach(ArrayList.java:1511)
... Removed 32 stack frames]]>
    </failure>
  </testcase> <!-- validateMultisalesBookingAllotment -->
  <testcase classname="Booking_AllotmentTestCases.verifyBookingWhenSeasonAllotIsFull_TC25andTC26" name="validateBookingInquiryWhenSeasonAllotIsFull" time="64.058">
    <failure type="java.lang.AssertionError" message="TC failed as Actual message and expected message are not matching  expected [Kontingent nicht mehr verfügbar.                                                                                                                                                                                                                                                                                                ] but found [TEST                                                                                                                                                                                                                                                                                                                                                                                                                                                                                                                                                                                                                                                                                                                                                                                                                                                                                                                                                                                            ]">
      <![CDATA[java.lang.AssertionError: TC failed as Actual message and expected message are not matching  expected [Kontingent nicht mehr verfügbar.                                                                                                                                                                                                                                                                                                ] but found [TEST                                                                                                                                                                                                                                                                                                                                                                                                                                                                                                                                                                                                                                                                                                                                                                                                                                                                                                                                                                                            ]
at Booking_AllotmentTestCases.verifyBookingWhenSeasonAllotIsFull_TC25andTC26.validateBookingInquiryWhenSeasonAllotIsFull(verifyBookingWhenSeasonAllotIsFull_TC25andTC26.java:229)
at java.base/java.util.ArrayList.forEach(ArrayList.java:1511)
... Removed 32 stack frames]]>
    </failure>
  </testcase> <!-- validateBookingInquiryWhenSeasonAllotIsFull -->
  <testcase classname="Booking_AllotmentTestCases.verifyBookingWhenSeasonAllotIsFull_TC25andTC26" name="validateConfirmBookingWhenSeasonAllotIsFull" time="75.307">
    <failure type="java.lang.AssertionError" message="TC failed as Actual message and expected message are not matching  expected [Kontingent nicht mehr verfügbar.                                                                                                                                                                                                                                                                                                ] but found [TEST                                                                            Bereits geleistete Zahlung: 0 EUR.                                              Gesamtreisepreis: 293280 EUR.                                                   Restzahlung: 293280 EUR.                                                                                                                                                                                                                                                                                                                                                                                                                                                                                                                                                                                                                                                                                                                        ]">
      <![CDATA[java.lang.AssertionError: TC failed as Actual message and expected message are not matching  expected [Kontingent nicht mehr verfügbar.                                                                                                                                                                                                                                                                                                ] but found [TEST                                                                            Bereits geleistete Zahlung: 0 EUR.                                              Gesamtreisepreis: 293280 EUR.                                                   Restzahlung: 293280 EUR.                                                                                                                                                                                                                                                                                                                                                                                                                                                                                                                                                                                                                                                                                                                        ]
at Booking_AllotmentTestCases.verifyBookingWhenSeasonAllotIsFull_TC25andTC26.validateConfirmBookingWhenSeasonAllotIsFull(verifyBookingWhenSeasonAllotIsFull_TC25andTC26.java:374)
at java.base/java.util.ArrayList.forEach(ArrayList.java:1511)
... Removed 32 stack frames]]>
    </failure>
  </testcase> <!-- validateConfirmBookingWhenSeasonAllotIsFull -->
  <testcase classname="Booking_AllotmentTestCases.verifyIncreaseDecreaseAllotwithPositiveValue_TC04" name="validateIncreaseDecreaseAllotmentWithPositiveValue" time="0.235">
    <failure type="java.lang.AssertionError" message="Test Case Failed as actual and expected current allotment are not matching expected [35] but found [15]">
      <![CDATA[java.lang.AssertionError: Test Case Failed as actual and expected current allotment are not matching expected [35] but found [15]
at Booking_AllotmentTestCases.verifyIncreaseDecreaseAllotwithPositiveValue_TC04.validateIncreaseDecreaseAllotmentWithPositiveValue(verifyIncreaseDecreaseAllotwithPositiveValue_TC04.java:179)
at java.base/java.util.ArrayList.forEach(ArrayList.java:1511)
... Removed 32 stack frames]]>
    </failure>
  </testcase> <!-- validateIncreaseDecreaseAllotmentWithPositiveValue -->
  <testcase classname="Booking_AllotmentTestCases.modifyMultisalesLineBookingTC47TC48" name="validateMultisalesLineBookingWhenNoAllotment" time="55.224"/>
  <testcase classname="Booking_AllotmentTestCases.modifyMultisalesLineBookingTC47TC48" name="validateMultisalesLineBookingWhenOneRoomHasAllotment" time="54.06"/>
  <testcase classname="Booking_AllotmentTestCases.createNewMultisalesLineBookingTC42" name="validateMultisalesLineBookingWhenAllotIsAvailable" time="59.397">
    <failure type="org.openqa.selenium.NoSuchElementException" message="no such element: Unable to locate element: {&amp;quot;method&amp;quot;:&amp;quot;css selector&amp;quot;,&amp;quot;selector&amp;quot;:&amp;quot;#bookinglines_Price_1&amp;quot;}
  (Session info: chrome=113.0.5672.93)
For documentation on this error, please visit: https://selenium.dev/exceptions/#no_such_element
Build info: version: &amp;apos;4.8.3&amp;apos;, revision: &amp;apos;e5e76298c3&amp;apos;
System info: os.name: &amp;apos;Windows 10&amp;apos;, os.arch: &amp;apos;amd64&amp;apos;, os.version: &amp;apos;10.0&amp;apos;, java.version: &amp;apos;17.0.4.1&amp;apos;
Driver info: org.openqa.selenium.chrome.ChromeDriver
Command: [a22cf1e6122e5384dc591f9d6de8316b, findElement {using=id, value=bookinglines_Price_1}]
Capabilities {acceptInsecureCerts: false, browserName: chrome, browserVersion: 113.0.5672.93, chrome: {chromedriverVersion: 113.0.5672.63 (0e1a4471d5ae..., userDataDir: C:\Users\ROHAN~1.PAT\AppDat...}, goog:chromeOptions: {debuggerAddress: localhost:62230}, networkConnectionEnabled: false, pageLoadStrategy: normal, platformName: WINDOWS, proxy: Proxy(), se:cdp: ws://localhost:62230/devtoo..., se:cdpVersion: 113.0.5672.93, setWindowRect: true, strictFileInteractability: false, timeouts: {implicit: 0, pageLoad: 300000, script: 30000}, unhandledPromptBehavior: dismiss and notify, webauthn:extension:credBlob: true, webauthn:extension:largeBlob: true, webauthn:extension:minPinLength: true, webauthn:extension:prf: true, webauthn:virtualAuthenticators: true}
Session ID: a22cf1e6122e5384dc591f9d6de8316b">
      <![CDATA[org.openqa.selenium.NoSuchElementException: no such element: Unable to locate element: {"method":"css selector","selector":"#bookinglines_Price_1"}
  (Session info: chrome=113.0.5672.93)
For documentation on this error, please visit: https://selenium.dev/exceptions/#no_such_element
Build info: version: '4.8.3', revision: 'e5e76298c3'
System info: os.name: 'Windows 10', os.arch: 'amd64', os.version: '10.0', java.version: '17.0.4.1'
Driver info: org.openqa.selenium.chrome.ChromeDriver
Command: [a22cf1e6122e5384dc591f9d6de8316b, findElement {using=id, value=bookinglines_Price_1}]
Capabilities {acceptInsecureCerts: false, browserName: chrome, browserVersion: 113.0.5672.93, chrome: {chromedriverVersion: 113.0.5672.63 (0e1a4471d5ae..., userDataDir: C:\Users\ROHAN~1.PAT\AppDat...}, goog:chromeOptions: {debuggerAddress: localhost:62230}, networkConnectionEnabled: false, pageLoadStrategy: normal, platformName: WINDOWS, proxy: Proxy(), se:cdp: ws://localhost:62230/devtoo..., se:cdpVersion: 113.0.5672.93, setWindowRect: true, strictFileInteractability: false, timeouts: {implicit: 0, pageLoad: 300000, script: 30000}, unhandledPromptBehavior: dismiss and notify, webauthn:extension:credBlob: true, webauthn:extension:largeBlob: true, webauthn:extension:minPinLength: true, webauthn:extension:prf: true, webauthn:virtualAuthenticators: true}
Session ID: a22cf1e6122e5384dc591f9d6de8316b
at org.openqa.selenium.remote.codec.w3c.W3CHttpResponseCodec.createException(W3CHttpResponseCodec.java:200)
at org.openqa.selenium.remote.codec.w3c.W3CHttpResponseCodec.decode(W3CHttpResponseCodec.java:133)
at org.openqa.selenium.remote.codec.w3c.W3CHttpResponseCodec.decode(W3CHttpResponseCodec.java:53)
at org.openqa.selenium.remote.HttpCommandExecutor.execute(HttpCommandExecutor.java:193)
at org.openqa.selenium.remote.service.DriverCommandExecutor.invokeExecute(DriverCommandExecutor.java:183)
at org.openqa.selenium.remote.service.DriverCommandExecutor.execute(DriverCommandExecutor.java:158)
at org.openqa.selenium.remote.RemoteWebDriver.execute(RemoteWebDriver.java:543)
at org.openqa.selenium.remote.ElementLocation$ElementFinder$2.findElement(ElementLocation.java:162)
at org.openqa.selenium.remote.ElementLocation.findElement(ElementLocation.java:60)
at org.openqa.selenium.remote.RemoteWebDriver.findElement(RemoteWebDriver.java:352)
at org.openqa.selenium.remote.RemoteWebDriver.findElement(RemoteWebDriver.java:344)
at org.openqa.selenium.support.pagefactory.DefaultElementLocator.findElement(DefaultElementLocator.java:70)
at org.openqa.selenium.support.pagefactory.internal.LocatingElementHandler.invoke(LocatingElementHandler.java:39)
at jdk.proxy2/jdk.proxy2.$Proxy18.getAttribute(Unknown Source)
at POM.bookingMaskPage.getPriceFieldValue1(bookingMaskPage.java:475)
at Booking_AllotmentTestCases.createNewMultisalesLineBookingTC42.validateMultisalesLineBookingWhenAllotIsAvailable(createNewMultisalesLineBookingTC42.java:186)
at java.base/java.util.ArrayList.forEach(ArrayList.java:1511)
... Removed 32 stack frames]]>
    </failure>
  </testcase> <!-- validateMultisalesLineBookingWhenAllotIsAvailable -->
  <testcase classname="Booking_AllotmentTestCases.verifyAllotmentwithRoomBooking_TC07andTC09" name="validateApplyStopSales" time="23.413">
    <failure type="java.lang.AssertionError" message="Test Case Failed as actual and expected current allotment are not matching expected [41] but found [5]">
      <![CDATA[java.lang.AssertionError: Test Case Failed as actual and expected current allotment are not matching expected [41] but found [5]
at Booking_AllotmentTestCases.verifyAllotmentwithRoomBooking_TC07andTC09.validateApplyStopSales(verifyAllotmentwithRoomBooking_TC07andTC09.java:378)
at java.base/java.util.ArrayList.forEach(ArrayList.java:1511)
... Removed 32 stack frames]]>
    </failure>
  </testcase> <!-- validateApplyStopSales -->
  <testcase classname="Booking_AllotmentTestCases.verifyAllotmentwithRoomBooking_TC07andTC09" name="validateIncrDecrAllotWithRoomBooking" time="95.513">
    <failure type="java.lang.AssertionError" message="Test Case Failed as actual &amp;amp; expected sold allotment number are not matching expected [9] but found [1]">
      <![CDATA[java.lang.AssertionError: Test Case Failed as actual & expected sold allotment number are not matching expected [9] but found [1]
at Booking_AllotmentTestCases.verifyAllotmentwithRoomBooking_TC07andTC09.validateIncrDecrAllotWithRoomBooking(verifyAllotmentwithRoomBooking_TC07andTC09.java:306)
at java.base/java.util.ArrayList.forEach(ArrayList.java:1511)
... Removed 32 stack frames]]>
    </failure>
  </testcase> <!-- validateIncrDecrAllotWithRoomBooking -->
  <testcase classname="Booking_AllotmentTestCases.verifyBookingAfterDeleteStopSalesTC17TC18" name="validateAllotmentsAfterDeleteStopSales" time="45.769">
    <failure type="java.lang.AssertionError" message="Test Case Failed as actual and expected current allotment are not matching expected [43] but found [5]">
      <![CDATA[java.lang.AssertionError: Test Case Failed as actual and expected current allotment are not matching expected [43] but found [5]
at Booking_AllotmentTestCases.verifyBookingAfterDeleteStopSalesTC17TC18.validateAllotmentsAfterDeleteStopSales(verifyBookingAfterDeleteStopSalesTC17TC18.java:224)
at java.base/java.util.ArrayList.forEach(ArrayList.java:1511)
... Removed 32 stack frames]]>
    </failure>
  </testcase> <!-- validateAllotmentsAfterDeleteStopSales -->
  <testcase classname="Booking_AllotmentTestCases.verifyBookingAfterDeleteStopSalesTC17TC18" name="validateChangesInAllotmentAfterBooking" time="109.544">
    <failure type="java.lang.AssertionError" message="Test Case Failed as actual and expected current allotment are not matching expected [43] but found [5]">
      <![CDATA[java.lang.AssertionError: Test Case Failed as actual and expected current allotment are not matching expected [43] but found [5]
at Booking_AllotmentTestCases.verifyBookingAfterDeleteStopSalesTC17TC18.validateChangesInAllotmentAfterBooking(verifyBookingAfterDeleteStopSalesTC17TC18.java:454)
at java.base/java.util.ArrayList.forEach(ArrayList.java:1511)
... Removed 32 stack frames]]>
    </failure>
  </testcase> <!-- validateChangesInAllotmentAfterBooking -->
  <testcase classname="Booking_AllotmentTestCases.verifyLoadAllotmentForTwoSeasons_TC03" name="validateAllotmentForTwoSeasonDates" time="0.0">
    <skipped/>
  </testcase> <!-- validateAllotmentForTwoSeasonDates -->
  <testcase classname="Booking_AllotmentTestCases.verifyIncreaseDecreaseAllotwithNegativeValue_TC05" name="validateIncreaseDecreaseAllotmentWithNegativeValue" time="0.133">
    <failure type="java.lang.AssertionError" message="Test Case Failed as actual &amp;amp; expected allotment number are not matching for season_A expected [15] but found [4]">
      <![CDATA[java.lang.AssertionError: Test Case Failed as actual & expected allotment number are not matching for season_A expected [15] but found [4]
at Booking_AllotmentTestCases.verifyIncreaseDecreaseAllotwithNegativeValue_TC05.validateIncreaseDecreaseAllotmentWithNegativeValue(verifyIncreaseDecreaseAllotwithNegativeValue_TC05.java:180)
at java.base/java.util.ArrayList.forEach(ArrayList.java:1511)
... Removed 32 stack frames]]>
    </failure>
  </testcase> <!-- validateIncreaseDecreaseAllotmentWithNegativeValue -->
  <testcase classname="Booking_AllotmentTestCases.verifyBookingAndAllotmentsTC49TC51TC30" name="validateBookingAfterIncreaseInAllotment" time="101.097">
    <failure type="java.lang.AssertionError" message="Test Case Failed as actual &amp;amp; expected Price are not matching expected [2224.00] but found [6668.00]">
      <![CDATA[java.lang.AssertionError: Test Case Failed as actual & expected Price are not matching expected [2224.00] but found [6668.00]
at Booking_AllotmentTestCases.verifyBookingAndAllotmentsTC49TC51TC30.validateBookingAfterIncreaseInAllotment(verifyBookingAndAllotmentsTC49TC51TC30.java:571)
at java.base/java.util.ArrayList.forEach(ArrayList.java:1511)
... Removed 32 stack frames]]>
    </failure>
  </testcase> <!-- validateBookingAfterIncreaseInAllotment -->
  <testcase classname="Booking_AllotmentTestCases.verifyBookingAndAllotmentsTC49TC51TC30" name="validateBookingCancellationAndAllotment" time="24.206">
    <failure type="org.openqa.selenium.NoSuchElementException" message="Cannot locate option with text: HK004 - (TEST)
For documentation on this error, please visit: https://selenium.dev/exceptions/#no_such_element
Build info: version: &amp;apos;4.8.3&amp;apos;, revision: &amp;apos;e5e76298c3&amp;apos;
System info: os.name: &amp;apos;Windows 10&amp;apos;, os.arch: &amp;apos;amd64&amp;apos;, os.version: &amp;apos;10.0&amp;apos;, java.version: &amp;apos;17.0.4.1&amp;apos;
Driver info: driver.version: unknown">
      <![CDATA[org.openqa.selenium.NoSuchElementException: Cannot locate option with text: HK004 - (TEST)
For documentation on this error, please visit: https://selenium.dev/exceptions/#no_such_element
Build info: version: '4.8.3', revision: 'e5e76298c3'
System info: os.name: 'Windows 10', os.arch: 'amd64', os.version: '10.0', java.version: '17.0.4.1'
Driver info: driver.version: unknown
at org.openqa.selenium.support.ui.Select.selectByVisibleText(Select.java:153)
at utility.UtilityClass.listBoxHandlingUsingByText(UtilityClass.java:150)
at Booking_AllotmentTestCases.verifyBookingAndAllotmentsTC49TC51TC30.validateBookingCancellationAndAllotment(verifyBookingAndAllotmentsTC49TC51TC30.java:94)
at java.base/java.util.ArrayList.forEach(ArrayList.java:1511)
... Removed 27 stack frames]]>
    </failure>
  </testcase> <!-- validateBookingCancellationAndAllotment -->
  <testcase classname="Booking_AllotmentTestCases.verifyBookingAndAllotmentsTC49TC51TC30" name="validateBookingMoreThanRemainingAllotment" time="58.008">
    <failure type="java.lang.AssertionError" message="TC failed as Actual message and expected prices are not matching  expected [Kontingent nicht mehr verfügbar.                                                                                                                                                                                                                                                                                                ] but found [TEST                                                                            TEST                                                                            Bereits geleistete Zahlung: 0 EUR.                                              Gesamtreisepreis: 5332 EUR.                                                     Restzahlung: 5332 EUR.                                                                                                                                                                                                                                                                                                                                                                                                                                                                                                                                                                                                                                          ]">
      <![CDATA[java.lang.AssertionError: TC failed as Actual message and expected prices are not matching  expected [Kontingent nicht mehr verfügbar.                                                                                                                                                                                                                                                                                                ] but found [TEST                                                                            TEST                                                                            Bereits geleistete Zahlung: 0 EUR.                                              Gesamtreisepreis: 5332 EUR.                                                     Restzahlung: 5332 EUR.                                                                                                                                                                                                                                                                                                                                                                                                                                                                                                                                                                                                                                          ]
at Booking_AllotmentTestCases.verifyBookingAndAllotmentsTC49TC51TC30.validateBookingMoreThanRemainingAllotment(verifyBookingAndAllotmentsTC49TC51TC30.java:723)
at java.base/java.util.ArrayList.forEach(ArrayList.java:1511)
... Removed 32 stack frames]]>
    </failure>
  </testcase> <!-- validateBookingMoreThanRemainingAllotment -->
  <testcase classname="Booking_AllotmentTestCases.verifyBookingAfterApplyStopSalesTC11andTC12" name="validateBookingAfterStopSalesWithDatesInsideStopSalesDuration" time="60.768"/>
  <testcase classname="Booking_AllotmentTestCases.verifyBookingAfterApplyStopSalesTC11andTC12" name="validateBookingAfterStopSalesWithDatesOutsideStopSalesDuration" time="57.284"/>
  <testcase classname="Booking_AllotmentTestCases.verifyIncreaseDecreaseAllotwithAnyValue_TC06" name="validateIncreaseDecreaseAllotmentWithAnyValue" time="26.378"/>
  <testcase classname="Booking_AllotmentTestCases.verifyReleaseDaysTC19" name="validateReleaseDays" time="21.692">
    <failure type="java.lang.AssertionError" message="Test Case Failed as actual &amp;amp; expected remaining allotment are not matching expected [12] but found [0]">
      <![CDATA[java.lang.AssertionError: Test Case Failed as actual & expected remaining allotment are not matching expected [12] but found [0]
at Booking_AllotmentTestCases.verifyReleaseDaysTC19.validateReleaseDays(verifyReleaseDaysTC19.java:204)
at java.base/java.util.ArrayList.forEach(ArrayList.java:1511)
... Removed 32 stack frames]]>
    </failure>
  </testcase> <!-- validateReleaseDays -->
  <testcase classname="Booking_AllotmentTestCases.createNewMultisalesLineBookingWithAllotmentTC43TC44" name="validateMultisalesLineBookingWhenNoAllotment" time="33.804">
    <failure type="java.lang.AssertionError" message="TC failed as Actual message and expected message are not matching  expected [Kontingent nicht mehr verfügbar.                                                                                                                                                                                                                                                                                                ] but found [TEST                                                                            TEST                                                                            Bereits geleistete Zahlung: 0 EUR.                                              Gesamtreisepreis: 64000 EUR.                                                    Restzahlung: 64000 EUR.                                                                                                                                                                                                                                                                                                                                                                                                                                                                                                                                                                                                                                         ]">
      <![CDATA[java.lang.AssertionError: TC failed as Actual message and expected message are not matching  expected [Kontingent nicht mehr verfügbar.                                                                                                                                                                                                                                                                                                ] but found [TEST                                                                            TEST                                                                            Bereits geleistete Zahlung: 0 EUR.                                              Gesamtreisepreis: 64000 EUR.                                                    Restzahlung: 64000 EUR.                                                                                                                                                                                                                                                                                                                                                                                                                                                                                                                                                                                                                                         ]
at Booking_AllotmentTestCases.createNewMultisalesLineBookingWithAllotmentTC43TC44.validateMultisalesLineBookingWhenNoAllotment(createNewMultisalesLineBookingWithAllotmentTC43TC44.java:196)
at java.base/java.util.ArrayList.forEach(ArrayList.java:1511)
... Removed 32 stack frames]]>
    </failure>
  </testcase> <!-- validateMultisalesLineBookingWhenNoAllotment -->
  <testcase classname="Booking_AllotmentTestCases.createNewMultisalesLineBookingWithAllotmentTC43TC44" name="validateMultisalesLineBookingWhenOneRoomHasAllotment" time="30.616">
    <failure type="java.lang.AssertionError" message="TC failed as Actual message and expected message are not matching  expected [Kontingent nicht mehr verfügbar.                                                                                                                                                                                                                                                                                                ] but found [TEST                                                                            TEST                                                                            Bereits geleistete Zahlung: 0 EUR.                                              Gesamtreisepreis: 50664 EUR.                                                    Restzahlung: 50664 EUR.                                                                                                                                                                                                                                                                                                                                                                                                                                                                                                                                                                                                                                         ]">
      <![CDATA[java.lang.AssertionError: TC failed as Actual message and expected message are not matching  expected [Kontingent nicht mehr verfügbar.                                                                                                                                                                                                                                                                                                ] but found [TEST                                                                            TEST                                                                            Bereits geleistete Zahlung: 0 EUR.                                              Gesamtreisepreis: 50664 EUR.                                                    Restzahlung: 50664 EUR.                                                                                                                                                                                                                                                                                                                                                                                                                                                                                                                                                                                                                                         ]
at Booking_AllotmentTestCases.createNewMultisalesLineBookingWithAllotmentTC43TC44.validateMultisalesLineBookingWhenOneRoomHasAllotment(createNewMultisalesLineBookingWithAllotmentTC43TC44.java:324)
at java.base/java.util.ArrayList.forEach(ArrayList.java:1511)
... Removed 32 stack frames]]>
    </failure>
  </testcase> <!-- validateMultisalesLineBookingWhenOneRoomHasAllotment -->
</testsuite> <!-- BookingAllotment1 -->
