<html>
<head>
<title>TestNG:  Priority1_Booking_Allotment</title>
<link href="../testng.css" rel="stylesheet" type="text/css" />
<link href="../my-testng.css" rel="stylesheet" type="text/css" />

<style type="text/css">
.log { display: none;} 
.stack-trace { display: none;} 
</style>
<script type="text/javascript">
<!--
function flip(e) {
  current = e.style.display;
  if (current == 'block') {
    e.style.display = 'none';
    return 0;
  }
  else {
    e.style.display = 'block';
    return 1;
  }
}

function toggleBox(szDivId, elem, msg1, msg2)
{
  var res = -1;  if (document.getElementById) {
    res = flip(document.getElementById(szDivId));
  }
  else if (document.all) {
    // this is the way old msie versions work
    res = flip(document.all[szDivId]);
  }
  if(elem) {
    if(res == 0) elem.innerHTML = msg1; else elem.innerHTML = msg2;
  }

}

function toggleAllBoxes() {
  if (document.getElementsByTagName) {
    d = document.getElementsByTagName('div');
    for (i = 0; i < d.length; i++) {
      if (d[i].className == 'log') {
        flip(d[i]);
      }
    }
  }
}

// -->
</script>

</head>
<body>
<h2 align='center'>Priority1_Booking_Allotment</h2><table border='1' align="center">
<tr>
<td>Tests passed/Failed/Skipped:</td><td>4/4/0</td>
</tr><tr>
<td>Started on:</td><td>Thu Jul 27 16:31:07 IST 2023</td>
</tr>
<tr><td>Total time:</td><td>572 seconds (572709 ms)</td>
</tr><tr>
<td>Included groups:</td><td></td>
</tr><tr>
<td>Excluded groups:</td><td></td>
</tr>
</table><p/>
<small><i>(Hover the method name to see the test class name)</i></small><p/>
<table width='100%' border='1' class='invocation-failed'>
<tr><td colspan='4' align='center'><b>FAILED TESTS</b></td></tr>
<tr><td><b>Test method</b></td>
<td><b>Attribute(s)</b></td>
<td width="30%"><b>Exception</b></td>
<td width="10%"><b>Time (seconds)</b></td>
<td><b>Instance</b></td>
</tr>
<tr>
<td title='Booking_AllotmentTestCases.verifyBookingAfterApplyStopSalesTC11andTC12.validateBookingAfterStopSalesWithDatesOutsideStopSalesDuration()'><b>validateBookingAfterStopSalesWithDatesOutsideStopSalesDuration</b><br>Test class: Booking_AllotmentTestCases.verifyBookingAfterApplyStopSalesTC11andTC12<br/>
<a href="#Output-560734926" onClick='toggleBox("Output-560734926", this, "Show output", "Hide output");'>Show output</a>

<a href="#Output-560734926" onClick="toggleAllBoxes();">Show all outputs</a>
<div class='log' id="Output-560734926">
Send start date of season_E on allotment page<br/>
Send end date of season_E on allotment page<br/>
Clicked on load allotment<br/>
</div>
</td>
<td><div><pre>org.openqa.selenium.NoSuchElementException: no such element: Unable to locate element: {&quot;method&quot;:&quot;xpath&quot;,&quot;selector&quot;:&quot;//table[@id=&apos;newAllotment&apos;]/tbody/tr[8]//td[3]&quot;}
  (Session info: chrome=115.0.5790.110)
For documentation on this error, please visit: https://www.selenium.dev/documentation/webdriver/troubleshooting/errors#no-such-element-exception
Build info: version: &apos;4.10.0&apos;, revision: &apos;c14d967899&apos;
System info: os.name: &apos;Windows 10&apos;, os.arch: &apos;amd64&apos;, os.version: &apos;10.0&apos;, java.version: &apos;17.0.4.1&apos;
Driver info: org.openqa.selenium.chrome.ChromeDriver
Command: [f5fdbd76e4041b4d9f00968af276fc1c, findElement {using=xpath, value=//table[@id=&apos;newAllotment&apos;]/tbody/tr[8]//td[3]}]
Capabilities {acceptInsecureCerts: false, browserName: chrome, browserVersion: 115.0.5790.110, chrome: {chromedriverVersion: 114.0.5735.90 (386bc09e8f4f..., userDataDir: C:\Users\ROHAN~1.PAT\AppDat...}, goog:chromeOptions: {debuggerAddress: localhost:52206}, networkConnectionEnabled: false, pageLoadStrategy: normal, platformName: windows, proxy: Proxy(), se:cdp: ws://localhost:52206/devtoo..., se:cdpVersion: 115.0.5790.110, setWindowRect: true, strictFileInteractability: false, timeouts: {implicit: 0, pageLoad: 300000, script: 30000}, unhandledPromptBehavior: dismiss and notify, webauthn:extension:credBlob: true, webauthn:extension:largeBlob: true, webauthn:extension:minPinLength: true, webauthn:extension:prf: true, webauthn:virtualAuthenticators: true}
Session ID: f5fdbd76e4041b4d9f00968af276fc1c
	at org.openqa.selenium.remote.codec.w3c.W3CHttpResponseCodec.createException(W3CHttpResponseCodec.java:199)
	at org.openqa.selenium.remote.codec.w3c.W3CHttpResponseCodec.decode(W3CHttpResponseCodec.java:132)
	at org.openqa.selenium.remote.codec.w3c.W3CHttpResponseCodec.decode(W3CHttpResponseCodec.java:51)
	at org.openqa.selenium.remote.HttpCommandExecutor.execute(HttpCommandExecutor.java:191)
	at org.openqa.selenium.remote.service.DriverCommandExecutor.invokeExecute(DriverCommandExecutor.java:196)
	at org.openqa.selenium.remote.service.DriverCommandExecutor.execute(DriverCommandExecutor.java:171)
	at org.openqa.selenium.remote.RemoteWebDriver.execute(RemoteWebDriver.java:531)
	at org.openqa.selenium.remote.ElementLocation$ElementFinder$2.findElement(ElementLocation.java:165)
	at org.openqa.selenium.remote.ElementLocation.findElement(ElementLocation.java:59)
	at org.openqa.selenium.remote.RemoteWebDriver.findElement(RemoteWebDriver.java:350)
	at org.openqa.selenium.remote.RemoteWebDriver.findElement(RemoteWebDriver.java:344)
	at org.openqa.selenium.support.pagefactory.DefaultElementLocator.findElement(DefaultElementLocator.java:68)
	at org.openqa.selenium.support.pagefactory.internal.LocatingElementHandler.invoke(LocatingElementHandler.java:38)
	at jdk.proxy2/jdk.proxy2.$Proxy18.getText(Unknown Source)
	at POM.allotmentPage.getInitialAllotRoom1R1C1(allotmentPage.java:262)
	at Booking_AllotmentTestCases.verifyBookingAfterApplyStopSalesTC11andTC12.validateBookingAfterStopSalesWithDatesOutsideStopSalesDuration(verifyBookingAfterApplyStopSalesTC11andTC12.java:245)
	at java.base/java.util.ArrayList.forEach(ArrayList.java:1511)
... Removed 32 stack frames</pre></div><a href='#' onClick='toggleBox("stack-trace560734926", this, "Click to show all stack frames", "Click to hide stack frames")'>Click to show all stack frames</a>
<div class='stack-trace' id='stack-trace560734926'><pre>org.openqa.selenium.NoSuchElementException: no such element: Unable to locate element: {&quot;method&quot;:&quot;xpath&quot;,&quot;selector&quot;:&quot;//table[@id=&apos;newAllotment&apos;]/tbody/tr[8]//td[3]&quot;}
  (Session info: chrome=115.0.5790.110)
For documentation on this error, please visit: https://www.selenium.dev/documentation/webdriver/troubleshooting/errors#no-such-element-exception
Build info: version: &apos;4.10.0&apos;, revision: &apos;c14d967899&apos;
System info: os.name: &apos;Windows 10&apos;, os.arch: &apos;amd64&apos;, os.version: &apos;10.0&apos;, java.version: &apos;17.0.4.1&apos;
Driver info: org.openqa.selenium.chrome.ChromeDriver
Command: [f5fdbd76e4041b4d9f00968af276fc1c, findElement {using=xpath, value=//table[@id=&apos;newAllotment&apos;]/tbody/tr[8]//td[3]}]
Capabilities {acceptInsecureCerts: false, browserName: chrome, browserVersion: 115.0.5790.110, chrome: {chromedriverVersion: 114.0.5735.90 (386bc09e8f4f..., userDataDir: C:\Users\ROHAN~1.PAT\AppDat...}, goog:chromeOptions: {debuggerAddress: localhost:52206}, networkConnectionEnabled: false, pageLoadStrategy: normal, platformName: windows, proxy: Proxy(), se:cdp: ws://localhost:52206/devtoo..., se:cdpVersion: 115.0.5790.110, setWindowRect: true, strictFileInteractability: false, timeouts: {implicit: 0, pageLoad: 300000, script: 30000}, unhandledPromptBehavior: dismiss and notify, webauthn:extension:credBlob: true, webauthn:extension:largeBlob: true, webauthn:extension:minPinLength: true, webauthn:extension:prf: true, webauthn:virtualAuthenticators: true}
Session ID: f5fdbd76e4041b4d9f00968af276fc1c
	at java.base/jdk.internal.reflect.NativeConstructorAccessorImpl.newInstance0(Native Method)
	at java.base/jdk.internal.reflect.NativeConstructorAccessorImpl.newInstance(NativeConstructorAccessorImpl.java:77)
	at java.base/jdk.internal.reflect.DelegatingConstructorAccessorImpl.newInstance(DelegatingConstructorAccessorImpl.java:45)
	at java.base/java.lang.reflect.Constructor.newInstanceWithCaller(Constructor.java:499)
	at java.base/java.lang.reflect.Constructor.newInstance(Constructor.java:480)
	at org.openqa.selenium.remote.codec.w3c.W3CHttpResponseCodec.createException(W3CHttpResponseCodec.java:199)
	at org.openqa.selenium.remote.codec.w3c.W3CHttpResponseCodec.decode(W3CHttpResponseCodec.java:132)
	at org.openqa.selenium.remote.codec.w3c.W3CHttpResponseCodec.decode(W3CHttpResponseCodec.java:51)
	at org.openqa.selenium.remote.HttpCommandExecutor.execute(HttpCommandExecutor.java:191)
	at org.openqa.selenium.remote.service.DriverCommandExecutor.invokeExecute(DriverCommandExecutor.java:196)
	at org.openqa.selenium.remote.service.DriverCommandExecutor.execute(DriverCommandExecutor.java:171)
	at org.openqa.selenium.remote.RemoteWebDriver.execute(RemoteWebDriver.java:531)
	at org.openqa.selenium.remote.ElementLocation$ElementFinder$2.findElement(ElementLocation.java:165)
	at org.openqa.selenium.remote.ElementLocation.findElement(ElementLocation.java:59)
	at org.openqa.selenium.remote.RemoteWebDriver.findElement(RemoteWebDriver.java:350)
	at org.openqa.selenium.remote.RemoteWebDriver.findElement(RemoteWebDriver.java:344)
	at org.openqa.selenium.support.pagefactory.DefaultElementLocator.findElement(DefaultElementLocator.java:68)
	at org.openqa.selenium.support.pagefactory.internal.LocatingElementHandler.invoke(LocatingElementHandler.java:38)
	at jdk.proxy2/jdk.proxy2.$Proxy18.getText(Unknown Source)
	at POM.allotmentPage.getInitialAllotRoom1R1C1(allotmentPage.java:262)
	at Booking_AllotmentTestCases.verifyBookingAfterApplyStopSalesTC11andTC12.validateBookingAfterStopSalesWithDatesOutsideStopSalesDuration(verifyBookingAfterApplyStopSalesTC11andTC12.java:245)
	at java.base/jdk.internal.reflect.NativeMethodAccessorImpl.invoke0(Native Method)
	at java.base/jdk.internal.reflect.NativeMethodAccessorImpl.invoke(NativeMethodAccessorImpl.java:77)
	at java.base/jdk.internal.reflect.DelegatingMethodAccessorImpl.invoke(DelegatingMethodAccessorImpl.java:43)
	at java.base/java.lang.reflect.Method.invoke(Method.java:568)
	at org.testng.internal.invokers.MethodInvocationHelper.invokeMethod(MethodInvocationHelper.java:139)
	at org.testng.internal.invokers.TestInvoker.invokeMethod(TestInvoker.java:664)
	at org.testng.internal.invokers.TestInvoker.invokeTestMethod(TestInvoker.java:227)
	at org.testng.internal.invokers.MethodRunner.runInSequence(MethodRunner.java:50)
	at org.testng.internal.invokers.TestInvoker$MethodInvocationAgent.invoke(TestInvoker.java:957)
	at org.testng.internal.invokers.TestInvoker.invokeTestMethods(TestInvoker.java:200)
	at org.testng.internal.invokers.TestMethodWorker.invokeTestMethods(TestMethodWorker.java:148)
	at org.testng.internal.invokers.TestMethodWorker.run(TestMethodWorker.java:128)
	at java.base/java.util.ArrayList.forEach(ArrayList.java:1511)
	at org.testng.TestRunner.privateRun(TestRunner.java:848)
	at org.testng.TestRunner.run(TestRunner.java:621)
	at org.testng.SuiteRunner.runTest(SuiteRunner.java:443)
	at org.testng.SuiteRunner.runSequentially(SuiteRunner.java:437)
	at org.testng.SuiteRunner.privateRun(SuiteRunner.java:397)
	at org.testng.SuiteRunner.run(SuiteRunner.java:336)
	at org.testng.SuiteRunnerWorker.runSuite(SuiteRunnerWorker.java:52)
	at org.testng.SuiteRunnerWorker.run(SuiteRunnerWorker.java:95)
	at org.testng.TestNG.runSuitesSequentially(TestNG.java:1280)
	at org.testng.TestNG.runSuitesLocally(TestNG.java:1200)
	at org.testng.TestNG.runSuites(TestNG.java:1114)
	at org.testng.TestNG.run(TestNG.java:1082)
	at org.testng.remote.AbstractRemoteTestNG.run(AbstractRemoteTestNG.java:115)
	at org.testng.remote.RemoteTestNG.initAndRun(RemoteTestNG.java:251)
	at org.testng.remote.RemoteTestNG.main(RemoteTestNG.java:77)
</pre></div></td>
<td>3</td>
<td>Booking_AllotmentTestCases.verifyBookingAfterApplyStopSalesTC11andTC12@6150c3ec</td></tr>
<tr>
<td title='Booking_AllotmentTestCases.mofifyMultisalesLineBookingTC45TC46.validateModifiedMultisalesBookingPrice()'><b>validateModifiedMultisalesBookingPrice</b><br>Test class: Booking_AllotmentTestCases.mofifyMultisalesLineBookingTC45TC46<br/>
<a href="#Output-1241213245" onClick='toggleBox("Output-1241213245", this, "Show output", "Hide output");'>Show output</a>

<a href="#Output-1241213245" onClick="toggleAllBoxes();">Show all outputs</a>
<div class='log' id="Output-1241213245">
Clicked on sales dropdown in Dashboard<br/>
Clicked on sales Booking in Dashboard<br/>
Clicked on create Button in sales Booking page<br/>
Select Falk Tours AG in CompanyID dropdownList<br/>
Select TFT1 in TravelType dropdownList<br/>
Selected HK004 - (TEST) from dropdown list<br/>
Send Booking action<br/>
Send number of passengers<br/>
Send correct KOS in input field<br/>
Send correct ProductCode in input field<br/>
Send roomcode in input field<br/>
Send correct boardName<br/>
Send Occupancy<br/>
Send bookinglines <br/>
Send Travel from date<br/>
Send Travel To date<br/>
Send Number of passenger<br/>
Send correct KOS2 in input field<br/>
Send correct ProductCode in input field<br/>
Send roomcode in input field<br/>
Send correct boardName<br/>
Send Occupancy<br/>
Send bookinglines <br/>
Send Travel from date to second line<br/>
Send Travel To date to second line<br/>
Send Number of passenger<br/>
Click on sendBookingButton<br/>
Clicked on ViewList<br/>
Clicked on sendTBMcode to verify booking is done or not<br/>
Clicked on Booking listButton<br/>
Send TBM code<br/>
Clicked on Booking listButton<br/>
Clicked on edit booking1<br/>
Send Modified Travel from date<br/>
Send Modified Travel To date<br/>
Send Modified Travel from date<br/>
Send Modified Travel To date<br/>
Click on sendBookingButton<br/>
</div>
</td>
<td><div><pre>org.openqa.selenium.NoSuchElementException: no such element: Unable to locate element: {&quot;method&quot;:&quot;css selector&quot;,&quot;selector&quot;:&quot;#bookinglines_Price_1&quot;}
  (Session info: chrome=115.0.5790.110)
For documentation on this error, please visit: https://www.selenium.dev/documentation/webdriver/troubleshooting/errors#no-such-element-exception
Build info: version: &apos;4.10.0&apos;, revision: &apos;c14d967899&apos;
System info: os.name: &apos;Windows 10&apos;, os.arch: &apos;amd64&apos;, os.version: &apos;10.0&apos;, java.version: &apos;17.0.4.1&apos;
Driver info: org.openqa.selenium.chrome.ChromeDriver
Command: [2929f570805c5eef0968447857f9b212, findElement {using=id, value=bookinglines_Price_1}]
Capabilities {acceptInsecureCerts: false, browserName: chrome, browserVersion: 115.0.5790.110, chrome: {chromedriverVersion: 114.0.5735.90 (386bc09e8f4f..., userDataDir: C:\Users\ROHAN~1.PAT\AppDat...}, goog:chromeOptions: {debuggerAddress: localhost:52385}, networkConnectionEnabled: false, pageLoadStrategy: normal, platformName: windows, proxy: Proxy(), se:cdp: ws://localhost:52385/devtoo..., se:cdpVersion: 115.0.5790.110, setWindowRect: true, strictFileInteractability: false, timeouts: {implicit: 0, pageLoad: 300000, script: 30000}, unhandledPromptBehavior: dismiss and notify, webauthn:extension:credBlob: true, webauthn:extension:largeBlob: true, webauthn:extension:minPinLength: true, webauthn:extension:prf: true, webauthn:virtualAuthenticators: true}
Session ID: 2929f570805c5eef0968447857f9b212
	at org.openqa.selenium.remote.codec.w3c.W3CHttpResponseCodec.createException(W3CHttpResponseCodec.java:199)
	at org.openqa.selenium.remote.codec.w3c.W3CHttpResponseCodec.decode(W3CHttpResponseCodec.java:132)
	at org.openqa.selenium.remote.codec.w3c.W3CHttpResponseCodec.decode(W3CHttpResponseCodec.java:51)
	at org.openqa.selenium.remote.HttpCommandExecutor.execute(HttpCommandExecutor.java:191)
	at org.openqa.selenium.remote.service.DriverCommandExecutor.invokeExecute(DriverCommandExecutor.java:196)
	at org.openqa.selenium.remote.service.DriverCommandExecutor.execute(DriverCommandExecutor.java:171)
	at org.openqa.selenium.remote.RemoteWebDriver.execute(RemoteWebDriver.java:531)
	at org.openqa.selenium.remote.ElementLocation$ElementFinder$2.findElement(ElementLocation.java:165)
	at org.openqa.selenium.remote.ElementLocation.findElement(ElementLocation.java:59)
	at org.openqa.selenium.remote.RemoteWebDriver.findElement(RemoteWebDriver.java:350)
	at org.openqa.selenium.remote.RemoteWebDriver.findElement(RemoteWebDriver.java:344)
	at org.openqa.selenium.support.pagefactory.DefaultElementLocator.findElement(DefaultElementLocator.java:68)
	at org.openqa.selenium.support.pagefactory.internal.LocatingElementHandler.invoke(LocatingElementHandler.java:38)
	at jdk.proxy2/jdk.proxy2.$Proxy18.getAttribute(Unknown Source)
	at POM.bookingMaskPage.getPriceFieldValue1(bookingMaskPage.java:475)
	at Booking_AllotmentTestCases.mofifyMultisalesLineBookingTC45TC46.validateModifiedMultisalesBookingPrice(mofifyMultisalesLineBookingTC45TC46.java:235)
	at java.base/java.util.ArrayList.forEach(ArrayList.java:1511)
... Removed 32 stack frames</pre></div><a href='#' onClick='toggleBox("stack-trace1241213245", this, "Click to show all stack frames", "Click to hide stack frames")'>Click to show all stack frames</a>
<div class='stack-trace' id='stack-trace1241213245'><pre>org.openqa.selenium.NoSuchElementException: no such element: Unable to locate element: {&quot;method&quot;:&quot;css selector&quot;,&quot;selector&quot;:&quot;#bookinglines_Price_1&quot;}
  (Session info: chrome=115.0.5790.110)
For documentation on this error, please visit: https://www.selenium.dev/documentation/webdriver/troubleshooting/errors#no-such-element-exception
Build info: version: &apos;4.10.0&apos;, revision: &apos;c14d967899&apos;
System info: os.name: &apos;Windows 10&apos;, os.arch: &apos;amd64&apos;, os.version: &apos;10.0&apos;, java.version: &apos;17.0.4.1&apos;
Driver info: org.openqa.selenium.chrome.ChromeDriver
Command: [2929f570805c5eef0968447857f9b212, findElement {using=id, value=bookinglines_Price_1}]
Capabilities {acceptInsecureCerts: false, browserName: chrome, browserVersion: 115.0.5790.110, chrome: {chromedriverVersion: 114.0.5735.90 (386bc09e8f4f..., userDataDir: C:\Users\ROHAN~1.PAT\AppDat...}, goog:chromeOptions: {debuggerAddress: localhost:52385}, networkConnectionEnabled: false, pageLoadStrategy: normal, platformName: windows, proxy: Proxy(), se:cdp: ws://localhost:52385/devtoo..., se:cdpVersion: 115.0.5790.110, setWindowRect: true, strictFileInteractability: false, timeouts: {implicit: 0, pageLoad: 300000, script: 30000}, unhandledPromptBehavior: dismiss and notify, webauthn:extension:credBlob: true, webauthn:extension:largeBlob: true, webauthn:extension:minPinLength: true, webauthn:extension:prf: true, webauthn:virtualAuthenticators: true}
Session ID: 2929f570805c5eef0968447857f9b212
	at java.base/jdk.internal.reflect.NativeConstructorAccessorImpl.newInstance0(Native Method)
	at java.base/jdk.internal.reflect.NativeConstructorAccessorImpl.newInstance(NativeConstructorAccessorImpl.java:77)
	at java.base/jdk.internal.reflect.DelegatingConstructorAccessorImpl.newInstance(DelegatingConstructorAccessorImpl.java:45)
	at java.base/java.lang.reflect.Constructor.newInstanceWithCaller(Constructor.java:499)
	at java.base/java.lang.reflect.Constructor.newInstance(Constructor.java:480)
	at org.openqa.selenium.remote.codec.w3c.W3CHttpResponseCodec.createException(W3CHttpResponseCodec.java:199)
	at org.openqa.selenium.remote.codec.w3c.W3CHttpResponseCodec.decode(W3CHttpResponseCodec.java:132)
	at org.openqa.selenium.remote.codec.w3c.W3CHttpResponseCodec.decode(W3CHttpResponseCodec.java:51)
	at org.openqa.selenium.remote.HttpCommandExecutor.execute(HttpCommandExecutor.java:191)
	at org.openqa.selenium.remote.service.DriverCommandExecutor.invokeExecute(DriverCommandExecutor.java:196)
	at org.openqa.selenium.remote.service.DriverCommandExecutor.execute(DriverCommandExecutor.java:171)
	at org.openqa.selenium.remote.RemoteWebDriver.execute(RemoteWebDriver.java:531)
	at org.openqa.selenium.remote.ElementLocation$ElementFinder$2.findElement(ElementLocation.java:165)
	at org.openqa.selenium.remote.ElementLocation.findElement(ElementLocation.java:59)
	at org.openqa.selenium.remote.RemoteWebDriver.findElement(RemoteWebDriver.java:350)
	at org.openqa.selenium.remote.RemoteWebDriver.findElement(RemoteWebDriver.java:344)
	at org.openqa.selenium.support.pagefactory.DefaultElementLocator.findElement(DefaultElementLocator.java:68)
	at org.openqa.selenium.support.pagefactory.internal.LocatingElementHandler.invoke(LocatingElementHandler.java:38)
	at jdk.proxy2/jdk.proxy2.$Proxy18.getAttribute(Unknown Source)
	at POM.bookingMaskPage.getPriceFieldValue1(bookingMaskPage.java:475)
	at Booking_AllotmentTestCases.mofifyMultisalesLineBookingTC45TC46.validateModifiedMultisalesBookingPrice(mofifyMultisalesLineBookingTC45TC46.java:235)
	at java.base/jdk.internal.reflect.NativeMethodAccessorImpl.invoke0(Native Method)
	at java.base/jdk.internal.reflect.NativeMethodAccessorImpl.invoke(NativeMethodAccessorImpl.java:77)
	at java.base/jdk.internal.reflect.DelegatingMethodAccessorImpl.invoke(DelegatingMethodAccessorImpl.java:43)
	at java.base/java.lang.reflect.Method.invoke(Method.java:568)
	at org.testng.internal.invokers.MethodInvocationHelper.invokeMethod(MethodInvocationHelper.java:139)
	at org.testng.internal.invokers.TestInvoker.invokeMethod(TestInvoker.java:664)
	at org.testng.internal.invokers.TestInvoker.invokeTestMethod(TestInvoker.java:227)
	at org.testng.internal.invokers.MethodRunner.runInSequence(MethodRunner.java:50)
	at org.testng.internal.invokers.TestInvoker$MethodInvocationAgent.invoke(TestInvoker.java:957)
	at org.testng.internal.invokers.TestInvoker.invokeTestMethods(TestInvoker.java:200)
	at org.testng.internal.invokers.TestMethodWorker.invokeTestMethods(TestMethodWorker.java:148)
	at org.testng.internal.invokers.TestMethodWorker.run(TestMethodWorker.java:128)
	at java.base/java.util.ArrayList.forEach(ArrayList.java:1511)
	at org.testng.TestRunner.privateRun(TestRunner.java:848)
	at org.testng.TestRunner.run(TestRunner.java:621)
	at org.testng.SuiteRunner.runTest(SuiteRunner.java:443)
	at org.testng.SuiteRunner.runSequentially(SuiteRunner.java:437)
	at org.testng.SuiteRunner.privateRun(SuiteRunner.java:397)
	at org.testng.SuiteRunner.run(SuiteRunner.java:336)
	at org.testng.SuiteRunnerWorker.runSuite(SuiteRunnerWorker.java:52)
	at org.testng.SuiteRunnerWorker.run(SuiteRunnerWorker.java:95)
	at org.testng.TestNG.runSuitesSequentially(TestNG.java:1280)
	at org.testng.TestNG.runSuitesLocally(TestNG.java:1200)
	at org.testng.TestNG.runSuites(TestNG.java:1114)
	at org.testng.TestNG.run(TestNG.java:1082)
	at org.testng.remote.AbstractRemoteTestNG.run(AbstractRemoteTestNG.java:115)
	at org.testng.remote.RemoteTestNG.initAndRun(RemoteTestNG.java:251)
	at org.testng.remote.RemoteTestNG.main(RemoteTestNG.java:77)
</pre></div></td>
<td>72</td>
<td>Booking_AllotmentTestCases.mofifyMultisalesLineBookingTC45TC46@7e6f74c</td></tr>
<tr>
<td title='Booking_AllotmentTestCases.modifyMultisalesLineBookingTC47TC48.validateMultisalesLineBookingWhenNoAllotment()'><b>validateMultisalesLineBookingWhenNoAllotment</b><br>Test class: Booking_AllotmentTestCases.modifyMultisalesLineBookingTC47TC48<br/>
<a href="#Output-1281853983" onClick='toggleBox("Output-1281853983", this, "Show output", "Hide output");'>Show output</a>

<a href="#Output-1281853983" onClick="toggleAllBoxes();">Show all outputs</a>
<div class='log' id="Output-1281853983">
Clicked on sales dropdown in Dashboard<br/>
Clicked on sales Booking in Dashboard<br/>
Clicked on create Button in sales Booking page<br/>
Select Falk Tours AG in CompanyID dropdownList<br/>
Select TFT1 in TravelType dropdownList<br/>
Selected HK004 - (TEST) from dropdown list<br/>
Send Booking action<br/>
Send number of passengers<br/>
Send correct KOS in input field<br/>
Send correct ProductCode in input field<br/>
Send roomcode in input field<br/>
Send correct boardName<br/>
Send Occupancy<br/>
Send bookinglines <br/>
Send Travel from date<br/>
Send Travel To date<br/>
Send Number of passenger<br/>
Send correct KOS in input field<br/>
Send correct ProductCode in input field<br/>
Send roomcode in input field<br/>
Send correct boardName<br/>
Send Occupancy<br/>
Send bookinglines <br/>
Send Travel from date<br/>
Send Travel To date <br/>
Send Number of passenger<br/>
Click on sendBookingButton<br/>
Clicked on ViewList<br/>
Clicked on sendTBMcode to verify booking is done or not<br/>
Clicked on Booking listButton<br/>
Send TBM code<br/>
Clicked on Booking listButton<br/>
Clicked on edit booking1<br/>
Send Modified Travel from date<br/>
Send Modified Travel To date<br/>
Send Modified Travel from date<br/>
Send Modified Travel To date<br/>
Click on sendBookingButton<br/>
</div>
</td>
<td><div><pre>java.lang.AssertionError: TC failed as Actual message and expected message are not matching  expected [No booking found agaist the reservation number.                                                                                                                                                                                                                                                                                 ] but found [Kontingent nicht mehr verfügbar.                                                                                                                                                                                                                                                                                                ]
	at Booking_AllotmentTestCases.modifyMultisalesLineBookingTC47TC48.validateMultisalesLineBookingWhenNoAllotment(modifyMultisalesLineBookingTC47TC48.java:235)
	at java.base/java.util.ArrayList.forEach(ArrayList.java:1511)
... Removed 32 stack frames</pre></div><a href='#' onClick='toggleBox("stack-trace1281853983", this, "Click to show all stack frames", "Click to hide stack frames")'>Click to show all stack frames</a>
<div class='stack-trace' id='stack-trace1281853983'><pre>java.lang.AssertionError: TC failed as Actual message and expected message are not matching  expected [No booking found agaist the reservation number.                                                                                                                                                                                                                                                                                 ] but found [Kontingent nicht mehr verfügbar.                                                                                                                                                                                                                                                                                                ]
	at org.testng.Assert.fail(Assert.java:111)
	at org.testng.Assert.failNotEquals(Assert.java:1578)
	at org.testng.Assert.assertEqualsImpl(Assert.java:150)
	at org.testng.Assert.assertEquals(Assert.java:132)
	at org.testng.Assert.assertEquals(Assert.java:656)
	at Booking_AllotmentTestCases.modifyMultisalesLineBookingTC47TC48.validateMultisalesLineBookingWhenNoAllotment(modifyMultisalesLineBookingTC47TC48.java:235)
	at java.base/jdk.internal.reflect.NativeMethodAccessorImpl.invoke0(Native Method)
	at java.base/jdk.internal.reflect.NativeMethodAccessorImpl.invoke(NativeMethodAccessorImpl.java:77)
	at java.base/jdk.internal.reflect.DelegatingMethodAccessorImpl.invoke(DelegatingMethodAccessorImpl.java:43)
	at java.base/java.lang.reflect.Method.invoke(Method.java:568)
	at org.testng.internal.invokers.MethodInvocationHelper.invokeMethod(MethodInvocationHelper.java:139)
	at org.testng.internal.invokers.TestInvoker.invokeMethod(TestInvoker.java:664)
	at org.testng.internal.invokers.TestInvoker.invokeTestMethod(TestInvoker.java:227)
	at org.testng.internal.invokers.MethodRunner.runInSequence(MethodRunner.java:50)
	at org.testng.internal.invokers.TestInvoker$MethodInvocationAgent.invoke(TestInvoker.java:957)
	at org.testng.internal.invokers.TestInvoker.invokeTestMethods(TestInvoker.java:200)
	at org.testng.internal.invokers.TestMethodWorker.invokeTestMethods(TestMethodWorker.java:148)
	at org.testng.internal.invokers.TestMethodWorker.run(TestMethodWorker.java:128)
	at java.base/java.util.ArrayList.forEach(ArrayList.java:1511)
	at org.testng.TestRunner.privateRun(TestRunner.java:848)
	at org.testng.TestRunner.run(TestRunner.java:621)
	at org.testng.SuiteRunner.runTest(SuiteRunner.java:443)
	at org.testng.SuiteRunner.runSequentially(SuiteRunner.java:437)
	at org.testng.SuiteRunner.privateRun(SuiteRunner.java:397)
	at org.testng.SuiteRunner.run(SuiteRunner.java:336)
	at org.testng.SuiteRunnerWorker.runSuite(SuiteRunnerWorker.java:52)
	at org.testng.SuiteRunnerWorker.run(SuiteRunnerWorker.java:95)
	at org.testng.TestNG.runSuitesSequentially(TestNG.java:1280)
	at org.testng.TestNG.runSuitesLocally(TestNG.java:1200)
	at org.testng.TestNG.runSuites(TestNG.java:1114)
	at org.testng.TestNG.run(TestNG.java:1082)
	at org.testng.remote.AbstractRemoteTestNG.run(AbstractRemoteTestNG.java:115)
	at org.testng.remote.RemoteTestNG.initAndRun(RemoteTestNG.java:251)
	at org.testng.remote.RemoteTestNG.main(RemoteTestNG.java:77)
</pre></div></td>
<td>51</td>
<td>Booking_AllotmentTestCases.modifyMultisalesLineBookingTC47TC48@dd05255</td></tr>
<tr>
<td title='Booking_AllotmentTestCases.modifyMultisalesLineBookingTC47TC48.validateMultisalesLineBookingWhenOneRoomHasAllotment()'><b>validateMultisalesLineBookingWhenOneRoomHasAllotment</b><br>Test class: Booking_AllotmentTestCases.modifyMultisalesLineBookingTC47TC48<br/>
<a href="#Output-299830215" onClick='toggleBox("Output-299830215", this, "Show output", "Hide output");'>Show output</a>

<a href="#Output-299830215" onClick="toggleAllBoxes();">Show all outputs</a>
<div class='log' id="Output-299830215">
Clicked on sales dropdown in Dashboard<br/>
Clicked on sales Booking in Dashboard<br/>
Clicked on create Button in sales Booking page<br/>
Select Falk Tours AG in CompanyID dropdownList<br/>
Select TFT1 in TravelType dropdownList<br/>
Selected HK004 - (TEST) from dropdown list<br/>
Send Booking action<br/>
Send number of passengers<br/>
Send correct KOS in input field<br/>
Send correct ProductCode in input field<br/>
Send roomcode in input field<br/>
Send correct boardName<br/>
Send Occupancy<br/>
Send bookinglines <br/>
Send Travel from date<br/>
Send Travel To date<br/>
Send Number of passenger<br/>
Send correct KOS in input field<br/>
Send correct ProductCode in input field<br/>
Send roomcode in input field<br/>
Send correct boardName<br/>
Send Occupancy<br/>
Send bookinglines <br/>
Send Travel from date<br/>
Send Travel To date <br/>
Send Number of passenger<br/>
Click on sendBookingButton<br/>
Clicked on ViewList<br/>
Clicked on sendTBMcode to verify booking is done or not<br/>
Clicked on Booking listButton<br/>
Send TBM code<br/>
Clicked on Booking listButton<br/>
Clicked on edit booking1<br/>
Send Modified Travel from date<br/>
Send Modified Travel To date<br/>
Send Modified Travel from date<br/>
Send Modified Travel To date<br/>
Click on sendBookingButton<br/>
</div>
</td>
<td><div><pre>org.openqa.selenium.NoSuchElementException: no such element: Unable to locate element: {&quot;method&quot;:&quot;xpath&quot;,&quot;selector&quot;:&quot;(//div[@id=&apos;div_SalesBookingLinePartial&apos;]//textarea)&quot;}
  (Session info: chrome=115.0.5790.110)
For documentation on this error, please visit: https://www.selenium.dev/documentation/webdriver/troubleshooting/errors#no-such-element-exception
Build info: version: &apos;4.10.0&apos;, revision: &apos;c14d967899&apos;
System info: os.name: &apos;Windows 10&apos;, os.arch: &apos;amd64&apos;, os.version: &apos;10.0&apos;, java.version: &apos;17.0.4.1&apos;
Driver info: org.openqa.selenium.chrome.ChromeDriver
Command: [2969108aafa4932881a2ff2014930d61, findElement {using=xpath, value=(//div[@id=&apos;div_SalesBookingLinePartial&apos;]//textarea)}]
Capabilities {acceptInsecureCerts: false, browserName: chrome, browserVersion: 115.0.5790.110, chrome: {chromedriverVersion: 114.0.5735.90 (386bc09e8f4f..., userDataDir: C:\Users\ROHAN~1.PAT\AppDat...}, goog:chromeOptions: {debuggerAddress: localhost:52461}, networkConnectionEnabled: false, pageLoadStrategy: normal, platformName: windows, proxy: Proxy(), se:cdp: ws://localhost:52461/devtoo..., se:cdpVersion: 115.0.5790.110, setWindowRect: true, strictFileInteractability: false, timeouts: {implicit: 0, pageLoad: 300000, script: 30000}, unhandledPromptBehavior: dismiss and notify, webauthn:extension:credBlob: true, webauthn:extension:largeBlob: true, webauthn:extension:minPinLength: true, webauthn:extension:prf: true, webauthn:virtualAuthenticators: true}
Session ID: 2969108aafa4932881a2ff2014930d61
	at org.openqa.selenium.remote.codec.w3c.W3CHttpResponseCodec.createException(W3CHttpResponseCodec.java:199)
	at org.openqa.selenium.remote.codec.w3c.W3CHttpResponseCodec.decode(W3CHttpResponseCodec.java:132)
	at org.openqa.selenium.remote.codec.w3c.W3CHttpResponseCodec.decode(W3CHttpResponseCodec.java:51)
	at org.openqa.selenium.remote.HttpCommandExecutor.execute(HttpCommandExecutor.java:191)
	at org.openqa.selenium.remote.service.DriverCommandExecutor.invokeExecute(DriverCommandExecutor.java:196)
	at org.openqa.selenium.remote.service.DriverCommandExecutor.execute(DriverCommandExecutor.java:171)
	at org.openqa.selenium.remote.RemoteWebDriver.execute(RemoteWebDriver.java:531)
	at org.openqa.selenium.remote.ElementLocation$ElementFinder$2.findElement(ElementLocation.java:165)
	at org.openqa.selenium.remote.ElementLocation.findElement(ElementLocation.java:59)
	at org.openqa.selenium.remote.RemoteWebDriver.findElement(RemoteWebDriver.java:350)
	at org.openqa.selenium.remote.RemoteWebDriver.findElement(RemoteWebDriver.java:344)
	at org.openqa.selenium.support.pagefactory.DefaultElementLocator.findElement(DefaultElementLocator.java:68)
	at org.openqa.selenium.support.pagefactory.internal.LocatingElementHandler.invoke(LocatingElementHandler.java:38)
	at jdk.proxy2/jdk.proxy2.$Proxy18.getText(Unknown Source)
	at POM.bookingMaskPage.getInvalidTravelDurationMsg(bookingMaskPage.java:1011)
	at Booking_AllotmentTestCases.modifyMultisalesLineBookingTC47TC48.validateMultisalesLineBookingWhenOneRoomHasAllotment(modifyMultisalesLineBookingTC47TC48.java:397)
	at java.base/java.util.ArrayList.forEach(ArrayList.java:1511)
... Removed 32 stack frames</pre></div><a href='#' onClick='toggleBox("stack-trace299830215", this, "Click to show all stack frames", "Click to hide stack frames")'>Click to show all stack frames</a>
<div class='stack-trace' id='stack-trace299830215'><pre>org.openqa.selenium.NoSuchElementException: no such element: Unable to locate element: {&quot;method&quot;:&quot;xpath&quot;,&quot;selector&quot;:&quot;(//div[@id=&apos;div_SalesBookingLinePartial&apos;]//textarea)&quot;}
  (Session info: chrome=115.0.5790.110)
For documentation on this error, please visit: https://www.selenium.dev/documentation/webdriver/troubleshooting/errors#no-such-element-exception
Build info: version: &apos;4.10.0&apos;, revision: &apos;c14d967899&apos;
System info: os.name: &apos;Windows 10&apos;, os.arch: &apos;amd64&apos;, os.version: &apos;10.0&apos;, java.version: &apos;17.0.4.1&apos;
Driver info: org.openqa.selenium.chrome.ChromeDriver
Command: [2969108aafa4932881a2ff2014930d61, findElement {using=xpath, value=(//div[@id=&apos;div_SalesBookingLinePartial&apos;]//textarea)}]
Capabilities {acceptInsecureCerts: false, browserName: chrome, browserVersion: 115.0.5790.110, chrome: {chromedriverVersion: 114.0.5735.90 (386bc09e8f4f..., userDataDir: C:\Users\ROHAN~1.PAT\AppDat...}, goog:chromeOptions: {debuggerAddress: localhost:52461}, networkConnectionEnabled: false, pageLoadStrategy: normal, platformName: windows, proxy: Proxy(), se:cdp: ws://localhost:52461/devtoo..., se:cdpVersion: 115.0.5790.110, setWindowRect: true, strictFileInteractability: false, timeouts: {implicit: 0, pageLoad: 300000, script: 30000}, unhandledPromptBehavior: dismiss and notify, webauthn:extension:credBlob: true, webauthn:extension:largeBlob: true, webauthn:extension:minPinLength: true, webauthn:extension:prf: true, webauthn:virtualAuthenticators: true}
Session ID: 2969108aafa4932881a2ff2014930d61
	at java.base/jdk.internal.reflect.NativeConstructorAccessorImpl.newInstance0(Native Method)
	at java.base/jdk.internal.reflect.NativeConstructorAccessorImpl.newInstance(NativeConstructorAccessorImpl.java:77)
	at java.base/jdk.internal.reflect.DelegatingConstructorAccessorImpl.newInstance(DelegatingConstructorAccessorImpl.java:45)
	at java.base/java.lang.reflect.Constructor.newInstanceWithCaller(Constructor.java:499)
	at java.base/java.lang.reflect.Constructor.newInstance(Constructor.java:480)
	at org.openqa.selenium.remote.codec.w3c.W3CHttpResponseCodec.createException(W3CHttpResponseCodec.java:199)
	at org.openqa.selenium.remote.codec.w3c.W3CHttpResponseCodec.decode(W3CHttpResponseCodec.java:132)
	at org.openqa.selenium.remote.codec.w3c.W3CHttpResponseCodec.decode(W3CHttpResponseCodec.java:51)
	at org.openqa.selenium.remote.HttpCommandExecutor.execute(HttpCommandExecutor.java:191)
	at org.openqa.selenium.remote.service.DriverCommandExecutor.invokeExecute(DriverCommandExecutor.java:196)
	at org.openqa.selenium.remote.service.DriverCommandExecutor.execute(DriverCommandExecutor.java:171)
	at org.openqa.selenium.remote.RemoteWebDriver.execute(RemoteWebDriver.java:531)
	at org.openqa.selenium.remote.ElementLocation$ElementFinder$2.findElement(ElementLocation.java:165)
	at org.openqa.selenium.remote.ElementLocation.findElement(ElementLocation.java:59)
	at org.openqa.selenium.remote.RemoteWebDriver.findElement(RemoteWebDriver.java:350)
	at org.openqa.selenium.remote.RemoteWebDriver.findElement(RemoteWebDriver.java:344)
	at org.openqa.selenium.support.pagefactory.DefaultElementLocator.findElement(DefaultElementLocator.java:68)
	at org.openqa.selenium.support.pagefactory.internal.LocatingElementHandler.invoke(LocatingElementHandler.java:38)
	at jdk.proxy2/jdk.proxy2.$Proxy18.getText(Unknown Source)
	at POM.bookingMaskPage.getInvalidTravelDurationMsg(bookingMaskPage.java:1011)
	at Booking_AllotmentTestCases.modifyMultisalesLineBookingTC47TC48.validateMultisalesLineBookingWhenOneRoomHasAllotment(modifyMultisalesLineBookingTC47TC48.java:397)
	at java.base/jdk.internal.reflect.NativeMethodAccessorImpl.invoke0(Native Method)
	at java.base/jdk.internal.reflect.NativeMethodAccessorImpl.invoke(NativeMethodAccessorImpl.java:77)
	at java.base/jdk.internal.reflect.DelegatingMethodAccessorImpl.invoke(DelegatingMethodAccessorImpl.java:43)
	at java.base/java.lang.reflect.Method.invoke(Method.java:568)
	at org.testng.internal.invokers.MethodInvocationHelper.invokeMethod(MethodInvocationHelper.java:139)
	at org.testng.internal.invokers.TestInvoker.invokeMethod(TestInvoker.java:664)
	at org.testng.internal.invokers.TestInvoker.invokeTestMethod(TestInvoker.java:227)
	at org.testng.internal.invokers.MethodRunner.runInSequence(MethodRunner.java:50)
	at org.testng.internal.invokers.TestInvoker$MethodInvocationAgent.invoke(TestInvoker.java:957)
	at org.testng.internal.invokers.TestInvoker.invokeTestMethods(TestInvoker.java:200)
	at org.testng.internal.invokers.TestMethodWorker.invokeTestMethods(TestMethodWorker.java:148)
	at org.testng.internal.invokers.TestMethodWorker.run(TestMethodWorker.java:128)
	at java.base/java.util.ArrayList.forEach(ArrayList.java:1511)
	at org.testng.TestRunner.privateRun(TestRunner.java:848)
	at org.testng.TestRunner.run(TestRunner.java:621)
	at org.testng.SuiteRunner.runTest(SuiteRunner.java:443)
	at org.testng.SuiteRunner.runSequentially(SuiteRunner.java:437)
	at org.testng.SuiteRunner.privateRun(SuiteRunner.java:397)
	at org.testng.SuiteRunner.run(SuiteRunner.java:336)
	at org.testng.SuiteRunnerWorker.runSuite(SuiteRunnerWorker.java:52)
	at org.testng.SuiteRunnerWorker.run(SuiteRunnerWorker.java:95)
	at org.testng.TestNG.runSuitesSequentially(TestNG.java:1280)
	at org.testng.TestNG.runSuitesLocally(TestNG.java:1200)
	at org.testng.TestNG.runSuites(TestNG.java:1114)
	at org.testng.TestNG.run(TestNG.java:1082)
	at org.testng.remote.AbstractRemoteTestNG.run(AbstractRemoteTestNG.java:115)
	at org.testng.remote.RemoteTestNG.initAndRun(RemoteTestNG.java:251)
	at org.testng.remote.RemoteTestNG.main(RemoteTestNG.java:77)
</pre></div></td>
<td>71</td>
<td>Booking_AllotmentTestCases.modifyMultisalesLineBookingTC47TC48@dd05255</td></tr>
</table><p>
<table width='100%' border='1' class='invocation-passed'>
<tr><td colspan='4' align='center'><b>PASSED TESTS</b></td></tr>
<tr><td><b>Test method</b></td>
<td><b>Attribute(s)</b></td>
<td width="30%"><b>Exception</b></td>
<td width="10%"><b>Time (seconds)</b></td>
<td><b>Instance</b></td>
</tr>
<tr>
<td title='Booking_AllotmentTestCases.createNewMultisalesLineBookingWithAllotmentTC43TC44.validateMultisalesLineBookingWhenNoAllotment()'><b>validateMultisalesLineBookingWhenNoAllotment</b><br>Test class: Booking_AllotmentTestCases.createNewMultisalesLineBookingWithAllotmentTC43TC44<br/>
<a href="#Output-1864931112" onClick='toggleBox("Output-1864931112", this, "Show output", "Hide output");'>Show output</a>

<a href="#Output-1864931112" onClick="toggleAllBoxes();">Show all outputs</a>
<div class='log' id="Output-1864931112">
Clicked on sales dropdown in Dashboard<br/>
Clicked on sales Booking in Dashboard<br/>
Clicked on create Button in sales Booking page<br/>
Select Falk Tours AG in CompanyID dropdownList<br/>
Select TFT1 in TravelType dropdownList<br/>
Selected HK004 - (TEST) from dropdown list<br/>
Send Booking action<br/>
Send number of passengers<br/>
Send correct KOS in input field<br/>
Send correct ProductCode in input field<br/>
Send roomcode in input field<br/>
Send correct boardName<br/>
Send Occupancy<br/>
Send bookinglines <br/>
Send Travel from date<br/>
Send Travel To date<br/>
Send Number of passenger<br/>
Send correct KOS in input field<br/>
Send correct ProductCode in input field<br/>
Send roomcode in input field<br/>
Send correct boardName<br/>
Send Occupancy<br/>
Send bookinglines <br/>
Send Travel from date<br/>
Send Travel To date <br/>
Send Number of passenger<br/>
Click on sendBookingButton<br/>
Validating Actual Message for season-E is Kontingent nicht mehr verfügbar.                                                                                                                                                                                                                                                                                                 and Expected Message for season-E is Kontingent nicht mehr verfügbar.                                                                                                                                                                                                                                                                                                <br/>
</div>
</td>
<td></td>
<td>33</td>
<td>Booking_AllotmentTestCases.createNewMultisalesLineBookingWithAllotmentTC43TC44@44c03695</td></tr>
<tr>
<td title='Booking_AllotmentTestCases.verifyBookingAfterApplyStopSalesTC11andTC12.validateBookingAfterStopSalesWithDatesInsideStopSalesDuration()'><b>validateBookingAfterStopSalesWithDatesInsideStopSalesDuration</b><br>Test class: Booking_AllotmentTestCases.verifyBookingAfterApplyStopSalesTC11andTC12<br/>
<a href="#Output-1434741143" onClick='toggleBox("Output-1434741143", this, "Show output", "Hide output");'>Show output</a>

<a href="#Output-1434741143" onClick="toggleAllBoxes();">Show all outputs</a>
<div class='log' id="Output-1434741143">
Send start date of season_E on allotment page<br/>
Send end date of season_E on allotment page<br/>
Clicked on load allotment<br/>
Clicked on Change allotment button<br/>
Enter start date for room1<br/>
Enter until date for room1<br/>
Clicked on dashboardLink<br/>
Clicked on sales dropdown in Dashboard<br/>
Clicked on sales Booking in Dashboard<br/>
Clicked on create Button in sales Booking page<br/>
Select Falk Tours AG in CompanyID dropdownList<br/>
Select TFT1 in TravelType dropdownList<br/>
Selected HK004 - (TEST) from dropdown list<br/>
Send Booking action<br/>
Send number of passenger<br/>
Send correct KOS in input field<br/>
Send correct ProductCode in input field<br/>
Send roomcode in input field<br/>
Send correct boardName<br/>
Send Occupancy<br/>
Send bookinglines <br/>
Send Travel from date for season-E<br/>
Send Travel To date for season-E<br/>
Send Number of passenger<br/>
Clicked on sendbookingButton<br/>
Validating Actual message Kontingent nicht mehr verfügbar.                                                                                                                                                                                                                                                                                                 and Expected message Kontingent nicht mehr verfügbar.                                                                                                                                                                                                                                                                                                                                                                                                                                                                                                                                                                                       <br/>
</div>
</td>
<td></td>
<td>61</td>
<td>Booking_AllotmentTestCases.verifyBookingAfterApplyStopSalesTC11andTC12@6150c3ec</td></tr>
<tr>
<td title='Booking_AllotmentTestCases.verifyAllotmentwithRoomBooking_TC07andTC09.validateApplyStopSales()'><b>validateApplyStopSales</b><br>Test class: Booking_AllotmentTestCases.verifyAllotmentwithRoomBooking_TC07andTC09<br/>
<a href="#Output-1632716597" onClick='toggleBox("Output-1632716597", this, "Show output", "Hide output");'>Show output</a>

<a href="#Output-1632716597" onClick="toggleAllBoxes();">Show all outputs</a>
<div class='log' id="Output-1632716597">
Send start date of season_E on allotment page<br/>
Send end date of season_E on allotment page<br/>
Clicked on load allotment<br/>
Clicked on Change allotment button<br/>
Enter start date for room1<br/>
Enter until date for room1<br/>
Send start date of season_E on allotment page<br/>
Send end date of season_E on allotment page<br/>
Clicked on load Allotment<br/>
Validating Actual initial allotment is 5 and Expected allotment for season_E is 5<br/>
Validating Actual current allotment is 10 and Expected allotment for season_E is 10<br/>
Validating Actual remaining allotment is 7 and Expected allotment for season_E is 7<br/>
Validating Actual Stop sale text is STOP and Expected stop sales text for season_E is STOP<br/>
Validating Actual sold allotment is 10 and Expected allotment for season_E is 10<br/>
</div>
</td>
<td></td>
<td>25</td>
<td>Booking_AllotmentTestCases.verifyAllotmentwithRoomBooking_TC07andTC09@327514f</td></tr>
<tr>
<td title='Booking_AllotmentTestCases.createNewMultisalesLineBookingWithAllotmentTC43TC44.validateMultisalesLineBookingWhenOneRoomHasAllotment()'><b>validateMultisalesLineBookingWhenOneRoomHasAllotment</b><br>Test class: Booking_AllotmentTestCases.createNewMultisalesLineBookingWithAllotmentTC43TC44<br/>
<a href="#Output-794942980" onClick='toggleBox("Output-794942980", this, "Show output", "Hide output");'>Show output</a>

<a href="#Output-794942980" onClick="toggleAllBoxes();">Show all outputs</a>
<div class='log' id="Output-794942980">
Clicked on sales dropdown in Dashboard<br/>
Clicked on sales Booking in Dashboard<br/>
Clicked on create Button in sales Booking page<br/>
Select Falk Tours AG in CompanyID dropdownList<br/>
Select TFT1 in TravelType dropdownList<br/>
Selected HK004 - (TEST) from dropdown list<br/>
Send Booking action<br/>
Send number of passengers<br/>
Send correct KOS in input field<br/>
Send correct ProductCode in input field<br/>
Send roomcode in input field<br/>
Send correct boardName<br/>
Send Occupancy<br/>
Send bookinglines <br/>
Send Travel from date<br/>
Send Travel To date<br/>
Select Number of passenger<br/>
Send correct KOS in input field<br/>
Send correct ProductCode in input field<br/>
Send roomcode in input field<br/>
Send correct boardName<br/>
Send Occupancy<br/>
Send bookinglines <br/>
Send Travel from date<br/>
Send Travel To date <br/>
Select Number of passenger<br/>
Click on sendBookingButton<br/>
Validating Actual Message for season-E is Kontingent nicht mehr verfügbar.                                                                                                                                                                                                                                                                                                 and Expected Message for season-E is Kontingent nicht mehr verfügbar.                                                                                                                                                                                                                                                                                                <br/>
</div>
</td>
<td></td>
<td>31</td>
<td>Booking_AllotmentTestCases.createNewMultisalesLineBookingWithAllotmentTC43TC44@44c03695</td></tr>
</table><p>
</body>
</html>