<!DOCTYPE html PUBLIC "-//W3C//DTD XHTML 1.1//EN" "https://www.w3.org/TR/xhtml11/DTD/xhtml11.dtd">
<html xmlns="https://www.w3.org/1999/xhtml">
<head>
<meta http-equiv="content-type" content="text/html; charset=UTF-8"/>
<title>TestNG Report</title>
<style type="text/css">table {margin-bottom:10px;border-collapse:collapse;empty-cells:show}th,td {border:1px solid #009;padding:.25em .5em}th {vertical-align:bottom}td {vertical-align:top}table a {font-weight:bold}.stripe td {background-color: #E6EBF9}.num {text-align:right}.passedodd td {background-color: #3F3}.passedeven td {background-color: #0A0}.skippedodd td {background-color: #DDD}.skippedeven td {background-color: #CCC}.failedodd td,.attn {background-color: #F33}.failedeven td,.stripe .attn {background-color: #D00}.stacktrace {white-space:pre;font-family:monospace}.totop {font-size:85%;text-align:center;border-bottom:2px solid #000}.invisible {display:none}</style>
</head>
<body>
<table>
<tr><th>Test</th><th># Passed</th><th># Skipped</th><th># Retried</th><th># Failed</th><th>Time (ms)</th><th>Included Groups</th><th>Excluded Groups</th></tr>
<tr><th colspan="8">Default suite</th></tr>
<tr><td><a href="#t0">Default test</a></td><td class="num">0</td><td class="num">0</td><td class="num">0</td><td class="num attn">2</td><td class="num">159,038</td><td></td><td></td></tr>
</table>
<table id='summary'><thead><tr><th>Class</th><th>Method</th><th>Start</th><th>Time (ms)</th></tr></thead><tbody><tr><th colspan="4">Default suite</th></tr></tbody><tbody id="t0"><tr><th colspan="4">Default test &#8212; failed</th></tr><tr class="failedeven"><td rowspan="2">Booking_AllotmentTestCases.modifyMultisalesLineBookingTC47TC48</td><td><a href="#m0">validateMultisalesLineBookingWhenNoAllotment</a></td><td rowspan="1">1690203981503</td><td rowspan="1">61564</td></tr><tr class="failedeven"><td><a href="#m1">validateMultisalesLineBookingWhenOneRoomHasAllotment</a></td><td rowspan="1">1690204059548</td><td rowspan="1">53090</td></tr></tbody>
</table>
<h2>Default test</h2><h3 id="m0">Booking_AllotmentTestCases.modifyMultisalesLineBookingTC47TC48#validateMultisalesLineBookingWhenNoAllotment</h3><table class="result"><tr><th>Messages</th></tr><tr><td><div class="messages">Clicked on sales dropdown in Dashboard<br/>Clicked on sales Booking in Dashboard<br/>Clicked on create Button in sales Booking page<br/>Select Falk Tours AG in CompanyID dropdownList<br/>Select TFT1 in TravelType dropdownList<br/>Selected HK004 - (TEST) from dropdown list<br/>Send Booking action<br/>Send number of passengers<br/>Send correct KOS in input field<br/>Send correct ProductCode in input field<br/>Send roomcode in input field<br/>Send correct boardName<br/>Send Occupancy<br/>Send bookinglines <br/>Send Travel from date<br/>Send Travel To date<br/>Send Number of passenger<br/>Send correct KOS in input field<br/>Send correct ProductCode in input field<br/>Send roomcode in input field<br/>Send correct boardName<br/>Send Occupancy<br/>Send bookinglines <br/>Send Travel from date<br/>Send Travel To date <br/>Send Number of passenger<br/>Click on sendBookingButton<br/>Clicked on ViewList<br/>Clicked on sendTBMcode to verify booking is done or not<br/>Clicked on Booking listButton<br/>Send TBM code<br/>Clicked on Booking listButton<br/>Clicked on edit booking1<br/>Send Modified Travel from date<br/>Send Modified Travel To date<br/>Send Modified Travel from date<br/>Send Modified Travel To date<br/>Click on sendBookingButton</div></td></tr><tr><th>Exception</th></tr><tr><td><div class="stacktrace">java.lang.AssertionError: TC failed as Actual message and expected message are not matching  expected [No booking found agaist the reservation number.                                                                                                                                                                                                                                                                                 ] but found [Kontingent nicht mehr verfügbar.                                                                                                                                                                                                                                                                                                ]
	at org.testng.Assert.fail(Assert.java:111)
	at org.testng.Assert.failNotEquals(Assert.java:1578)
	at org.testng.Assert.assertEqualsImpl(Assert.java:150)
	at org.testng.Assert.assertEquals(Assert.java:132)
	at org.testng.Assert.assertEquals(Assert.java:656)
	at Booking_AllotmentTestCases.modifyMultisalesLineBookingTC47TC48.validateMultisalesLineBookingWhenNoAllotment(modifyMultisalesLineBookingTC47TC48.java:235)
	at java.base/jdk.internal.reflect.NativeMethodAccessorImpl.invoke0(Native Method)
	at java.base/jdk.internal.reflect.NativeMethodAccessorImpl.invoke(NativeMethodAccessorImpl.java:77)
	at java.base/jdk.internal.reflect.DelegatingMethodAccessorImpl.invoke(DelegatingMethodAccessorImpl.java:43)
	at java.base/java.lang.reflect.Method.invoke(Method.java:568)
	at org.testng.internal.invokers.MethodInvocationHelper.invokeMethod(MethodInvocationHelper.java:139)
	at org.testng.internal.invokers.TestInvoker.invokeMethod(TestInvoker.java:664)
	at org.testng.internal.invokers.TestInvoker.invokeTestMethod(TestInvoker.java:227)
	at org.testng.internal.invokers.MethodRunner.runInSequence(MethodRunner.java:50)
	at org.testng.internal.invokers.TestInvoker$MethodInvocationAgent.invoke(TestInvoker.java:957)
	at org.testng.internal.invokers.TestInvoker.invokeTestMethods(TestInvoker.java:200)
	at org.testng.internal.invokers.TestMethodWorker.invokeTestMethods(TestMethodWorker.java:148)
	at org.testng.internal.invokers.TestMethodWorker.run(TestMethodWorker.java:128)
	at java.base/java.util.ArrayList.forEach(ArrayList.java:1511)
	at org.testng.TestRunner.privateRun(TestRunner.java:848)
	at org.testng.TestRunner.run(TestRunner.java:621)
	at org.testng.SuiteRunner.runTest(SuiteRunner.java:443)
	at org.testng.SuiteRunner.runSequentially(SuiteRunner.java:437)
	at org.testng.SuiteRunner.privateRun(SuiteRunner.java:397)
	at org.testng.SuiteRunner.run(SuiteRunner.java:336)
	at org.testng.SuiteRunnerWorker.runSuite(SuiteRunnerWorker.java:52)
	at org.testng.SuiteRunnerWorker.run(SuiteRunnerWorker.java:95)
	at org.testng.TestNG.runSuitesSequentially(TestNG.java:1280)
	at org.testng.TestNG.runSuitesLocally(TestNG.java:1200)
	at org.testng.TestNG.runSuites(TestNG.java:1114)
	at org.testng.TestNG.run(TestNG.java:1082)
	at org.testng.remote.AbstractRemoteTestNG.run(AbstractRemoteTestNG.java:115)
	at org.testng.remote.RemoteTestNG.initAndRun(RemoteTestNG.java:251)
	at org.testng.remote.RemoteTestNG.main(RemoteTestNG.java:77)
</div></td></tr></table><p class="totop"><a href="#summary">back to summary</a></p>
<h3 id="m1">Booking_AllotmentTestCases.modifyMultisalesLineBookingTC47TC48#validateMultisalesLineBookingWhenOneRoomHasAllotment</h3><table class="result"><tr><th>Messages</th></tr><tr><td><div class="messages">Clicked on sales dropdown in Dashboard<br/>Clicked on sales Booking in Dashboard<br/>Clicked on create Button in sales Booking page<br/>Select Falk Tours AG in CompanyID dropdownList<br/>Select TFT1 in TravelType dropdownList<br/>Selected HK004 - (TEST) from dropdown list<br/>Send Booking action<br/>Send number of passengers<br/>Send correct KOS in input field<br/>Send correct ProductCode in input field<br/>Send roomcode in input field<br/>Send correct boardName<br/>Send Occupancy<br/>Send bookinglines <br/>Send Travel from date<br/>Send Travel To date<br/>Send Number of passenger<br/>Send correct KOS in input field<br/>Send correct ProductCode in input field<br/>Send roomcode in input field<br/>Send correct boardName<br/>Send Occupancy<br/>Send bookinglines <br/>Send Travel from date<br/>Send Travel To date <br/>Send Number of passenger<br/>Click on sendBookingButton<br/>Clicked on ViewList<br/>Clicked on sendTBMcode to verify booking is done or not<br/>Clicked on Booking listButton<br/>Send TBM code<br/>Clicked on Booking listButton<br/>Clicked on edit booking1<br/>Send Modified Travel from date<br/>Send Modified Travel To date<br/>Send Modified Travel from date<br/>Send Modified Travel To date<br/>Click on sendBookingButton</div></td></tr><tr><th>Exception</th></tr><tr><td><div class="stacktrace">java.lang.AssertionError: TC failed as Actual message and expected message are not matching  expected [No booking found agaist the reservation number.                                                                                                                                                                                                                                                                                 ] but found [Kontingent nicht mehr verfügbar.                                                                                                                                                                                                                                                                                                ]
	at org.testng.Assert.fail(Assert.java:111)
	at org.testng.Assert.failNotEquals(Assert.java:1578)
	at org.testng.Assert.assertEqualsImpl(Assert.java:150)
	at org.testng.Assert.assertEquals(Assert.java:132)
	at org.testng.Assert.assertEquals(Assert.java:656)
	at Booking_AllotmentTestCases.modifyMultisalesLineBookingTC47TC48.validateMultisalesLineBookingWhenOneRoomHasAllotment(modifyMultisalesLineBookingTC47TC48.java:399)
	at java.base/jdk.internal.reflect.NativeMethodAccessorImpl.invoke0(Native Method)
	at java.base/jdk.internal.reflect.NativeMethodAccessorImpl.invoke(NativeMethodAccessorImpl.java:77)
	at java.base/jdk.internal.reflect.DelegatingMethodAccessorImpl.invoke(DelegatingMethodAccessorImpl.java:43)
	at java.base/java.lang.reflect.Method.invoke(Method.java:568)
	at org.testng.internal.invokers.MethodInvocationHelper.invokeMethod(MethodInvocationHelper.java:139)
	at org.testng.internal.invokers.TestInvoker.invokeMethod(TestInvoker.java:664)
	at org.testng.internal.invokers.TestInvoker.invokeTestMethod(TestInvoker.java:227)
	at org.testng.internal.invokers.MethodRunner.runInSequence(MethodRunner.java:50)
	at org.testng.internal.invokers.TestInvoker$MethodInvocationAgent.invoke(TestInvoker.java:957)
	at org.testng.internal.invokers.TestInvoker.invokeTestMethods(TestInvoker.java:200)
	at org.testng.internal.invokers.TestMethodWorker.invokeTestMethods(TestMethodWorker.java:148)
	at org.testng.internal.invokers.TestMethodWorker.run(TestMethodWorker.java:128)
	at java.base/java.util.ArrayList.forEach(ArrayList.java:1511)
	at org.testng.TestRunner.privateRun(TestRunner.java:848)
	at org.testng.TestRunner.run(TestRunner.java:621)
	at org.testng.SuiteRunner.runTest(SuiteRunner.java:443)
	at org.testng.SuiteRunner.runSequentially(SuiteRunner.java:437)
	at org.testng.SuiteRunner.privateRun(SuiteRunner.java:397)
	at org.testng.SuiteRunner.run(SuiteRunner.java:336)
	at org.testng.SuiteRunnerWorker.runSuite(SuiteRunnerWorker.java:52)
	at org.testng.SuiteRunnerWorker.run(SuiteRunnerWorker.java:95)
	at org.testng.TestNG.runSuitesSequentially(TestNG.java:1280)
	at org.testng.TestNG.runSuitesLocally(TestNG.java:1200)
	at org.testng.TestNG.runSuites(TestNG.java:1114)
	at org.testng.TestNG.run(TestNG.java:1082)
	at org.testng.remote.AbstractRemoteTestNG.run(AbstractRemoteTestNG.java:115)
	at org.testng.remote.RemoteTestNG.initAndRun(RemoteTestNG.java:251)
	at org.testng.remote.RemoteTestNG.main(RemoteTestNG.java:77)
</div></td></tr></table><p class="totop"><a href="#summary">back to summary</a></p>
</body>
</html>
