<?xml version="1.0" encoding="UTF-8"?>
<!-- Generated by org.testng.reporters.JUnitReportReporter -->
<testsuite hostname="DGIT-0099" failures="0" tests="2" name="BookingMaskTestCases.CreateBAWeekday" time="292.078" errors="1" timestamp="2023-06-28T14:58:33 IST" skipped="1">
  <testcase classname="BookingMaskTestCases.CreateBAWeekday" name="loginToApp" time="292.078">
    <error message="element click intercepted: Element &lt;button class=&quot;btn btn-primary btn-lg&quot; type=&quot;button&quot; onclick=&quot;TransferDirectOnline();&quot;&gt;...&lt;/button&gt; is not clickable at point (820, 18). Other element would receive the click: &lt;div aria-labelledby=&quot;swal2-title&quot; aria-describedby=&quot;swal2-content&quot; class=&quot;swal2-popup swal2-toast swal2-show&quot; tabindex=&quot;-1&quot; role=&quot;alert&quot; aria-live=&quot;polite&quot; style=&quot;display: flex;&quot;&gt;...&lt;/div&gt;
  (Session info: chrome=114.0.5735.135)
Build info: version: &#039;4.8.3&#039;, revision: &#039;e5e76298c3&#039;
System info: os.name: &#039;Windows 10&#039;, os.arch: &#039;amd64&#039;, os.version: &#039;10.0&#039;, java.version: &#039;17.0.4.1&#039;
Driver info: org.openqa.selenium.chrome.ChromeDriver
Command: [5bec9be8269276ffdb4083fe598389a8, clickElement {id=18530CCF461F4675099DAB1378377876_element_22298}]
Capabilities {acceptInsecureCerts: false, browserName: chrome, browserVersion: 114.0.5735.135, chrome: {chromedriverVersion: 113.0.5672.63 (0e1a4471d5ae..., userDataDir: C:\Users\ROHAN~1.PAT\AppDat...}, goog:chromeOptions: {debuggerAddress: localhost:57463}, networkConnectionEnabled: false, pageLoadStrategy: normal, platformName: WINDOWS, proxy: Proxy(), se:cdp: ws://localhost:57463/devtoo..., se:cdpVersion: 114.0.5735.135, setWindowRect: true, strictFileInteractability: false, timeouts: {implicit: 0, pageLoad: 300000, script: 30000}, unhandledPromptBehavior: dismiss and notify, webauthn:extension:credBlob: true, webauthn:extension:largeBlob: true, webauthn:extension:minPinLength: true, webauthn:extension:prf: true, webauthn:virtualAuthenticators: true}
Element: [[ChromeDriver: chrome on WINDOWS (5bec9be8269276ffdb4083fe598389a8)] -&gt; xpath: (//button[@class=&#039;btn btn-primary btn-lg&#039;])[2]]
Session ID: 5bec9be8269276ffdb4083fe598389a8" type="org.openqa.selenium.ElementClickInterceptedException">
      <![CDATA[org.openqa.selenium.ElementClickInterceptedException: element click intercepted: Element <button class="btn btn-primary btn-lg" type="button" onclick="TransferDirectOnline();">...</button> is not clickable at point (820, 18). Other element would receive the click: <div aria-labelledby="swal2-title" aria-describedby="swal2-content" class="swal2-popup swal2-toast swal2-show" tabindex="-1" role="alert" aria-live="polite" style="display: flex;">...</div>
  (Session info: chrome=114.0.5735.135)
Build info: version: '4.8.3', revision: 'e5e76298c3'
System info: os.name: 'Windows 10', os.arch: 'amd64', os.version: '10.0', java.version: '17.0.4.1'
Driver info: org.openqa.selenium.chrome.ChromeDriver
Command: [5bec9be8269276ffdb4083fe598389a8, clickElement {id=18530CCF461F4675099DAB1378377876_element_22298}]
Capabilities {acceptInsecureCerts: false, browserName: chrome, browserVersion: 114.0.5735.135, chrome: {chromedriverVersion: 113.0.5672.63 (0e1a4471d5ae..., userDataDir: C:\Users\ROHAN~1.PAT\AppDat...}, goog:chromeOptions: {debuggerAddress: localhost:57463}, networkConnectionEnabled: false, pageLoadStrategy: normal, platformName: WINDOWS, proxy: Proxy(), se:cdp: ws://localhost:57463/devtoo..., se:cdpVersion: 114.0.5735.135, setWindowRect: true, strictFileInteractability: false, timeouts: {implicit: 0, pageLoad: 300000, script: 30000}, unhandledPromptBehavior: dismiss and notify, webauthn:extension:credBlob: true, webauthn:extension:largeBlob: true, webauthn:extension:minPinLength: true, webauthn:extension:prf: true, webauthn:virtualAuthenticators: true}
Element: [[ChromeDriver: chrome on WINDOWS (5bec9be8269276ffdb4083fe598389a8)] -> xpath: (//button[@class='btn btn-primary btn-lg'])[2]]
Session ID: 5bec9be8269276ffdb4083fe598389a8
at java.base/jdk.internal.reflect.NativeConstructorAccessorImpl.newInstance0(Native Method)
at java.base/jdk.internal.reflect.NativeConstructorAccessorImpl.newInstance(NativeConstructorAccessorImpl.java:77)
at java.base/jdk.internal.reflect.DelegatingConstructorAccessorImpl.newInstance(DelegatingConstructorAccessorImpl.java:45)
at java.base/java.lang.reflect.Constructor.newInstanceWithCaller(Constructor.java:499)
at java.base/java.lang.reflect.Constructor.newInstance(Constructor.java:480)
at org.openqa.selenium.remote.codec.w3c.W3CHttpResponseCodec.createException(W3CHttpResponseCodec.java:200)
at org.openqa.selenium.remote.codec.w3c.W3CHttpResponseCodec.decode(W3CHttpResponseCodec.java:133)
at org.openqa.selenium.remote.codec.w3c.W3CHttpResponseCodec.decode(W3CHttpResponseCodec.java:53)
at org.openqa.selenium.remote.HttpCommandExecutor.execute(HttpCommandExecutor.java:193)
at org.openqa.selenium.remote.service.DriverCommandExecutor.invokeExecute(DriverCommandExecutor.java:183)
at org.openqa.selenium.remote.service.DriverCommandExecutor.execute(DriverCommandExecutor.java:158)
at org.openqa.selenium.remote.RemoteWebDriver.execute(RemoteWebDriver.java:543)
at org.openqa.selenium.remote.RemoteWebElement.execute(RemoteWebElement.java:257)
at org.openqa.selenium.remote.RemoteWebElement.click(RemoteWebElement.java:78)
at jdk.internal.reflect.GeneratedMethodAccessor6.invoke(Unknown Source)
at java.base/jdk.internal.reflect.DelegatingMethodAccessorImpl.invoke(DelegatingMethodAccessorImpl.java:43)
at java.base/java.lang.reflect.Method.invoke(Method.java:568)
at org.openqa.selenium.support.pagefactory.internal.LocatingElementHandler.invoke(LocatingElementHandler.java:52)
at jdk.proxy2/jdk.proxy2.$Proxy18.click(Unknown Source)
at POM.calculationSettingPage.clickOnTransferPriceOnline(calculationSettingPage.java:89)
at BookingMaskTestCases.CreateBAWeekday.loginToApp(CreateBAWeekday.java:670)
at java.base/jdk.internal.reflect.NativeMethodAccessorImpl.invoke0(Native Method)
at java.base/jdk.internal.reflect.NativeMethodAccessorImpl.invoke(NativeMethodAccessorImpl.java:77)
at java.base/jdk.internal.reflect.DelegatingMethodAccessorImpl.invoke(DelegatingMethodAccessorImpl.java:43)
at java.base/java.lang.reflect.Method.invoke(Method.java:568)
at org.testng.internal.MethodInvocationHelper.invokeMethod(MethodInvocationHelper.java:133)
at org.testng.internal.MethodInvocationHelper.invokeMethodConsideringTimeout(MethodInvocationHelper.java:62)
at org.testng.internal.ConfigInvoker.invokeConfigurationMethod(ConfigInvoker.java:385)
at org.testng.internal.ConfigInvoker.invokeConfigurations(ConfigInvoker.java:321)
at org.testng.internal.TestInvoker.runConfigMethods(TestInvoker.java:700)
at org.testng.internal.TestInvoker.invokeMethod(TestInvoker.java:527)
at org.testng.internal.TestInvoker.invokeTestMethod(TestInvoker.java:173)
at org.testng.internal.MethodRunner.runInSequence(MethodRunner.java:46)
at org.testng.internal.TestInvoker$MethodInvocationAgent.invoke(TestInvoker.java:824)
at org.testng.internal.TestInvoker.invokeTestMethods(TestInvoker.java:146)
at org.testng.internal.TestMethodWorker.invokeTestMethods(TestMethodWorker.java:146)
at org.testng.internal.TestMethodWorker.run(TestMethodWorker.java:128)
at java.base/java.util.ArrayList.forEach(ArrayList.java:1511)
at org.testng.TestRunner.privateRun(TestRunner.java:794)
at org.testng.TestRunner.run(TestRunner.java:596)
at org.testng.SuiteRunner.runTest(SuiteRunner.java:377)
at org.testng.SuiteRunner.runSequentially(SuiteRunner.java:371)
at org.testng.SuiteRunner.privateRun(SuiteRunner.java:332)
at org.testng.SuiteRunner.run(SuiteRunner.java:276)
at org.testng.SuiteRunnerWorker.runSuite(SuiteRunnerWorker.java:53)
at org.testng.SuiteRunnerWorker.run(SuiteRunnerWorker.java:96)
at org.testng.TestNG.runSuitesSequentially(TestNG.java:1212)
at org.testng.TestNG.runSuitesLocally(TestNG.java:1134)
at org.testng.TestNG.runSuites(TestNG.java:1063)
at org.testng.TestNG.run(TestNG.java:1031)
at org.testng.remote.AbstractRemoteTestNG.run(AbstractRemoteTestNG.java:115)
at org.testng.remote.RemoteTestNG.initAndRun(RemoteTestNG.java:251)
at org.testng.remote.RemoteTestNG.main(RemoteTestNG.java:77)
]]>
    </error>
  </testcase> <!-- loginToApp -->
  <system-out>
    <![CDATA[Valid Username Entered
Valid Password Entered
Clicked on Dashboard button
Select the Falk Tours AG from given list
Clicked on proceed button
Clicked on Master dropdown in dashboard page
Clicked on TBM dropdown
Clicked on TBM code
Clicked on create TBM button
Select kind of service from dropdown
Send TBM code
Select Country from ListBox 
Clicked on Create TBMcode button
Clicked on Dashboard button
Clicked on Accommodation dropdown
Clicked on create Accommodation
Select TBM code from dropdown list
Send hotel stars
Select state from the listBox
Select City from the listBox
Send zip code
Send Street
Send Number
Send hotel email
Send phone Number
Send contract partner name
Send contract partner Email
Send Reservation Eamil
Select bank details in purchase agency dropdown
Clicked on create AccommdationButton
Clicked on Rooms button
Clicked on create Room
Select Room Type from dropdown
Send Room name
Select the sea view Street
Send room code
Send minimum adult person
Send maximum adult person
Send minimum children person
Send maximum children person
Send maximum Total person
Clicked on CreateRoom button
Clicked on create Room
Select Room Type from dropdown
Send Room name
Select the sea view Street
Send room code
Send minimum adult person
Send maximum adult person
Send minimum children person
Send maximum children person
Send maximum Total person
Clicked on CreateRoom button
Clicked on create Room
Select Room Type from dropdown
Send Room name
Select the sea view Street
Send room code
Send minimum adult person
Send maximum adult person
Send minimum children person
Send maximum children person
Send maximum Total person
Clicked on CreateRoom button
Clicked on Contract
Clicked on Create contract
Send contract name
Select currency in the listBox
Select season in the listBox
Send start date of contract
Send End date of contract
Select price type in the listBox
Select price category in the listBox
Select status of contract in the ListBox
Select board basis in the listBox
Select the Price
Check the listbox is multiselect or not
Select the Distributor
Select the online or offline mode in listbox
Send cancellation Fees upto days
Send cancellation fees value
select cancellation fees discount type in listbox
Send cancellation fees travel from date
Send cancellation fees travel To date
Clicked on create contract on contract page
Send all required details for Season_A
Send all required details for Season_B
Send all required details for Season_C
Send all required details for Season_D
Send all required details for Season_E
Send all required details for Season_F
Send all required details for Season_G
Send all required details for Season_H
Select another room from the dropdown
Clicked on create new row for rooms
Select another room from the dropdown
Clicked on all day checkBox to uncheck AllDays
Clicked on Tuesday checkBox
Clicked on Thursday checkBox
Clicked on saturday checkbox
Clicked on Monday checkbox
Clicked on OK on the popup for Update price
Clicked on generate Allotment
Navigate to dashboard page
Clicked on offer defination
Clicked on FalkToursAG
Clicked on TchiboDE
Send TBM code 
Clicked on checkBox
Clicked on saveButton
Clicked on Calculation dropdown
Clicked on offer calculationList
Clicked on offer calculation
Clicked on FalkToursAG
Clicked on TchiboDE
Clicked on Testing in calaculation page
Clicked on Room1
Send DB% Value
Clicked on save setting button
Clicked on SaveandCalculate button
Clicked on Yes button in popup
Clicked on transfer price]]>
  </system-out>
  <testcase classname="BookingMaskTestCases.CreateBAWeekday" name="validatePriceFieldWithBookingInquiry" time="0.000">
    <skipped/>
  </testcase> <!-- validatePriceFieldWithBookingInquiry -->
  <system-out/>
</testsuite> <!-- BookingMaskTestCases.CreateBAWeekday -->
