<?xml version="1.0" encoding="UTF-8"?>
<!-- Generated by org.testng.reporters.JUnitReportReporter -->
<testsuite hostname="DGIT-0099" failures="1" tests="4" name="Booking_AllotmentTestCases.verifyAllotmentwithRoomBooking_TC07andTC09TC11" time="79.128" errors="0" timestamp="2023-04-17T18:32:04 IST" skipped="3">
  <testcase classname="Booking_AllotmentTestCases.verifyAllotmentwithRoomBooking_TC07andTC09TC11" name="vaildate" time="79.128">
    <failure message="TC failed as Actual message and expected message are not matching  expected [28990] but found [3556.00]" type="java.lang.AssertionError">
      <![CDATA[java.lang.AssertionError: TC failed as Actual message and expected message are not matching  expected [28990] but found [3556.00]
at org.testng.Assert.fail(Assert.java:99)
at org.testng.Assert.failNotEquals(Assert.java:1037)
at org.testng.Assert.assertEqualsImpl(Assert.java:140)
at org.testng.Assert.assertEquals(Assert.java:122)
at org.testng.Assert.assertEquals(Assert.java:629)
at Booking_AllotmentTestCases.verifyAllotmentwithRoomBooking_TC07andTC09TC11.vaildate(verifyAllotmentwithRoomBooking_TC07andTC09TC11.java:697)
at java.base/jdk.internal.reflect.NativeMethodAccessorImpl.invoke0(Native Method)
at java.base/jdk.internal.reflect.NativeMethodAccessorImpl.invoke(NativeMethodAccessorImpl.java:77)
at java.base/jdk.internal.reflect.DelegatingMethodAccessorImpl.invoke(DelegatingMethodAccessorImpl.java:43)
at java.base/java.lang.reflect.Method.invoke(Method.java:568)
at org.testng.internal.MethodInvocationHelper.invokeMethod(MethodInvocationHelper.java:133)
at org.testng.internal.TestInvoker.invokeMethod(TestInvoker.java:598)
at org.testng.internal.TestInvoker.invokeTestMethod(TestInvoker.java:173)
at org.testng.internal.MethodRunner.runInSequence(MethodRunner.java:46)
at org.testng.internal.TestInvoker$MethodInvocationAgent.invoke(TestInvoker.java:824)
at org.testng.internal.TestInvoker.invokeTestMethods(TestInvoker.java:146)
at org.testng.internal.TestMethodWorker.invokeTestMethods(TestMethodWorker.java:146)
at org.testng.internal.TestMethodWorker.run(TestMethodWorker.java:128)
at java.base/java.util.ArrayList.forEach(ArrayList.java:1511)
at org.testng.TestRunner.privateRun(TestRunner.java:794)
at org.testng.TestRunner.run(TestRunner.java:596)
at org.testng.SuiteRunner.runTest(SuiteRunner.java:377)
at org.testng.SuiteRunner.runSequentially(SuiteRunner.java:371)
at org.testng.SuiteRunner.privateRun(SuiteRunner.java:332)
at org.testng.SuiteRunner.run(SuiteRunner.java:276)
at org.testng.SuiteRunnerWorker.runSuite(SuiteRunnerWorker.java:53)
at org.testng.SuiteRunnerWorker.run(SuiteRunnerWorker.java:96)
at org.testng.TestNG.runSuitesSequentially(TestNG.java:1212)
at org.testng.TestNG.runSuitesLocally(TestNG.java:1134)
at org.testng.TestNG.runSuites(TestNG.java:1063)
at org.testng.TestNG.run(TestNG.java:1031)
at org.testng.remote.AbstractRemoteTestNG.run(AbstractRemoteTestNG.java:115)
at org.testng.remote.RemoteTestNG.initAndRun(RemoteTestNG.java:251)
at org.testng.remote.RemoteTestNG.main(RemoteTestNG.java:77)
]]>
    </failure>
  </testcase> <!-- vaildate -->
  <system-out>
    <![CDATA[Send start date of season_F on allotment page
Send end date of season_F on allotment page
Clicked on load allotment
Clicked on dashboardLink
Clicked on sales dropdown in Dashboard
Clicked on sales Booking in Dashboard
Clicked on create Button in sales Booking page
Select TFT1 in TravelType dropdownList
Selected HK004 - (TEST) from dropdown list
Select Falk Tours AG in CompanyID dropdownList
Send Booking action
Send number of passenger
Send correct KOS in input field
Send correct ProductCode in input field
Send roomcode in input field
Send correct boardName
Send Occupancy
Send bookinglines 
Send Travel from date for season-H
Send Travel To date for season-H
Select Number of passenger
Click on sendBookingButton]]>
  </system-out>
  <testcase classname="Booking_AllotmentTestCases.verifyAllotmentwithRoomBooking_TC07andTC09TC11" name="validateApplyStopSales">
    <skipped/>
  </testcase> <!-- validateApplyStopSales -->
  <system-out/>
  <testcase classname="Booking_AllotmentTestCases.verifyAllotmentwithRoomBooking_TC07andTC09TC11" name="validateIncrDecrAllotWithRoomBooking">
    <skipped/>
  </testcase> <!-- validateIncrDecrAllotWithRoomBooking -->
  <system-out/>
  <testcase classname="Booking_AllotmentTestCases.verifyAllotmentwithRoomBooking_TC07andTC09TC11" name="validateApplyStop">
    <skipped/>
  </testcase> <!-- validateApplyStop -->
  <system-out/>
</testsuite> <!-- Booking_AllotmentTestCases.verifyAllotmentwithRoomBooking_TC07andTC09TC11 -->
