<?xml version="1.0" encoding="UTF-8"?>
<!-- Generated by org.testng.reporters.JUnitReportReporter -->
<testsuite hostname="DGIT-0099" failures="0" tests="5" name="BookingMaskTestCases.VerifyBookingsForMaxAndMinStayDurationWithActionCodeB_TC126ToTC130" time="39.784" errors="1" timestamp="2023-06-29T17:56:21 IST" skipped="4">
  <testcase classname="BookingMaskTestCases.VerifyBookingsForMaxAndMinStayDurationWithActionCodeB_TC126ToTC130" name="validateBookingAndPriceForMinStayWithB" time="39.784">
    <error message="Cannot locate option with text: HK001 - (TESTING)
For documentation on this error, please visit: https://selenium.dev/exceptions/#no_such_element
Build info: version: &#039;4.8.3&#039;, revision: &#039;e5e76298c3&#039;
System info: os.name: &#039;Windows 10&#039;, os.arch: &#039;amd64&#039;, os.version: &#039;10.0&#039;, java.version: &#039;17.0.4.1&#039;
Driver info: driver.version: unknown" type="org.openqa.selenium.NoSuchElementException">
      <![CDATA[org.openqa.selenium.NoSuchElementException: Cannot locate option with text: HK001 - (TESTING)
For documentation on this error, please visit: https://selenium.dev/exceptions/#no_such_element
Build info: version: '4.8.3', revision: 'e5e76298c3'
System info: os.name: 'Windows 10', os.arch: 'amd64', os.version: '10.0', java.version: '17.0.4.1'
Driver info: driver.version: unknown
at org.openqa.selenium.support.ui.Select.selectByVisibleText(Select.java:153)
at utility.UtilityClass.listBoxHandlingUsingByText(UtilityClass.java:150)
at BookingMaskTestCases.VerifyBookingsForMaxAndMinStayDurationWithActionCodeB_TC126ToTC130.validateBookingAndPriceForMinStayWithB(VerifyBookingsForMaxAndMinStayDurationWithActionCodeB_TC126ToTC130.java:85)
at java.base/jdk.internal.reflect.NativeMethodAccessorImpl.invoke0(Native Method)
at java.base/jdk.internal.reflect.NativeMethodAccessorImpl.invoke(NativeMethodAccessorImpl.java:77)
at java.base/jdk.internal.reflect.DelegatingMethodAccessorImpl.invoke(DelegatingMethodAccessorImpl.java:43)
at java.base/java.lang.reflect.Method.invoke(Method.java:568)
at org.testng.internal.MethodInvocationHelper.invokeMethod(MethodInvocationHelper.java:133)
at org.testng.internal.TestInvoker.invokeMethod(TestInvoker.java:598)
at org.testng.internal.TestInvoker.invokeTestMethod(TestInvoker.java:173)
at org.testng.internal.MethodRunner.runInSequence(MethodRunner.java:46)
at org.testng.internal.TestInvoker$MethodInvocationAgent.invoke(TestInvoker.java:824)
at org.testng.internal.TestInvoker.invokeTestMethods(TestInvoker.java:146)
at org.testng.internal.TestMethodWorker.invokeTestMethods(TestMethodWorker.java:146)
at org.testng.internal.TestMethodWorker.run(TestMethodWorker.java:128)
at java.base/java.util.ArrayList.forEach(ArrayList.java:1511)
at org.testng.TestRunner.privateRun(TestRunner.java:794)
at org.testng.TestRunner.run(TestRunner.java:596)
at org.testng.SuiteRunner.runTest(SuiteRunner.java:377)
at org.testng.SuiteRunner.runSequentially(SuiteRunner.java:371)
at org.testng.SuiteRunner.privateRun(SuiteRunner.java:332)
at org.testng.SuiteRunner.run(SuiteRunner.java:276)
at org.testng.SuiteRunnerWorker.runSuite(SuiteRunnerWorker.java:53)
at org.testng.SuiteRunnerWorker.run(SuiteRunnerWorker.java:96)
at org.testng.TestNG.runSuitesSequentially(TestNG.java:1212)
at org.testng.TestNG.runSuitesLocally(TestNG.java:1134)
at org.testng.TestNG.runSuites(TestNG.java:1063)
at org.testng.TestNG.run(TestNG.java:1031)
at org.testng.remote.AbstractRemoteTestNG.run(AbstractRemoteTestNG.java:115)
at org.testng.remote.RemoteTestNG.initAndRun(RemoteTestNG.java:251)
at org.testng.remote.RemoteTestNG.main(RemoteTestNG.java:77)
]]>
    </error>
  </testcase> <!-- validateBookingAndPriceForMinStayWithB -->
  <system-out>
    <![CDATA[Select TFT1 in TravelType dropdownList]]>
  </system-out>
  <testcase classname="BookingMaskTestCases.VerifyBookingsForMaxAndMinStayDurationWithActionCodeB_TC126ToTC130" name="validateBookingAndPriceForMaxStayWithB">
    <skipped/>
  </testcase> <!-- validateBookingAndPriceForMaxStayWithB -->
  <system-out/>
  <testcase classname="BookingMaskTestCases.VerifyBookingsForMaxAndMinStayDurationWithActionCodeB_TC126ToTC130" name="validteErrorMessageForBelowMinStayWithB">
    <skipped/>
  </testcase> <!-- validteErrorMessageForBelowMinStayWithB -->
  <system-out/>
  <testcase classname="BookingMaskTestCases.VerifyBookingsForMaxAndMinStayDurationWithActionCodeB_TC126ToTC130" name="validateBookingAndPriceBetweenMinAndMaxStayWithB">
    <skipped/>
  </testcase> <!-- validateBookingAndPriceBetweenMinAndMaxStayWithB -->
  <system-out/>
  <testcase classname="BookingMaskTestCases.VerifyBookingsForMaxAndMinStayDurationWithActionCodeB_TC126ToTC130" name="validateErrorMessageForAboveMaxStayWithB">
    <skipped/>
  </testcase> <!-- validateErrorMessageForAboveMaxStayWithB -->
  <system-out/>
</testsuite> <!-- BookingMaskTestCases.VerifyBookingsForMaxAndMinStayDurationWithActionCodeB_TC126ToTC130 -->
